#
# A fatal error has been detected by the Java Runtime Environment:
#
#  SIGSEGV (0xb) at pc=0x00007fb67440bba4, pid=16914, tid=16915
#
# JRE version: OpenJDK Runtime Environment (11.0.15+10) (build 11.0.15+10-Ubuntu-0ubuntu0.20.04.1)
# Java VM: OpenJDK 64-Bit Server VM (11.0.15+10-Ubuntu-0ubuntu0.20.04.1, mixed mode, sharing, tiered, compressed oops, g1 gc, linux-amd64)
# Problematic frame:
# C  [libc.so.6+0x18bba4]
#
# Core dump will be written. Default location: core.16914 (may not exist)
#
# If you would like to submit a bug report, please visit:
#   Unknown
#

---------------  S U M M A R Y ------------

Command Line: -Dfile.encoding=UTF-8 -Dmaven.wagon.http.ssl.easy=false -Dmaven.wagon.rto=10000 -Xbootclasspath/a:/usr/share/java/leiningen-2.9.1.jar -Xverify:none -XX:+TieredCompilation -XX:TieredStopAtLevel=1 -Dleiningen.input-checksum= -Dleiningen.original.pwd=/mnt/c/Users/Diego/Documents/Diego/Tec/Metodos-Computacionales/Tercer periodo/Clojure/vending-machine -Dleiningen.script=/usr/bin/lein clojure.main -m leiningen.core.main repl

Host: Intel(R) Core(TM) i5-10210U CPU @ 1.60GHz, 8 cores, 7G, Ubuntu 20.04.3 LTS
Time: Sun Jun 12 17:57:40 2022 CDT elapsed time: 1.292091 seconds (0d 0h 0m 1s)

---------------  T H R E A D  ---------------

Current thread (0x00007fb66c016800):  JavaThread "main" [_thread_in_vm, id=16915, stack(0x00007fb672af0000,0x00007fb672bf1000)]

Stack: [0x00007fb672af0000,0x00007fb672bf1000],  sp=0x00007fb672be4ab8,  free space=978k
Native frames: (J=compiled Java code, A=aot compiled Java code, j=interpreted, Vv=VM code, C=native code)
C  [libc.so.6+0x18bba4]
V  [libjvm.so+0xb38ceb]
V  [libjvm.so+0x5ee028]
V  [libjvm.so+0x915db2]  JVM_Clone+0x2d2
J 125  java.lang.Object.clone()Ljava/lang/Object; java.base@11.0.15 (0 bytes) @ 0x00007fb654f64379 [0x00007fb654f642c0+0x00000000000000b9]
J 306 c1 clojure.lang.PersistentHashMap$ArrayNode.assoc(IILjava/lang/Object;Ljava/lang/Object;Lclojure/lang/Box;)Lclojure/lang/PersistentHashMap$INode; (111 bytes) @ 0x00007fb654f9ea3c [0x00007fb654f9e8c0+0x000000000000017c]
J 275 c1 clojure.lang.PersistentHashMap.assoc(Ljava/lang/Object;Ljava/lang/Object;)Lclojure/lang/IPersistentMap; (153 bytes) @ 0x00007fb654f94a54 [0x00007fb654f94880+0x00000000000001d4]
J 499 c1 clojure.lang.Namespace.reference(Lclojure/lang/Symbol;Ljava/lang/Object;)Ljava/lang/Object; (110 bytes) @ 0x00007fb654fe1dcc [0x00007fb654fe1ca0+0x000000000000012c]
J 498 c1 clojure.lang.Namespace.refer(Lclojure/lang/Symbol;Lclojure/lang/Var;)Lclojure/lang/Var; (10 bytes) @ 0x00007fb654fe4c14 [0x00007fb654fe4bc0+0x0000000000000054]
j  clojure.core$refer.invokeStatic(Ljava/lang/Object;Lclojure/lang/ISeq;)Ljava/lang/Object;+1024
j  clojure.core$refer.doInvoke(Ljava/lang/Object;Ljava/lang/Object;)Ljava/lang/Object;+9
J 916 c1 clojure.lang.RestFn.invoke(Ljava/lang/Object;)Ljava/lang/Object; (73 bytes) @ 0x00007fb65508a18c [0x00007fb65508a0a0+0x00000000000000ec]
j  nrepl.middleware.interruptible_eval$loading__6721__auto____9816.invoke()Ljava/lang/Object;+44
j  nrepl.middleware.interruptible_eval__init.load()V+48
j  nrepl.middleware.interruptible_eval__init.<clinit>()V+15
v  ~StubRoutines::call_stub
V  [libjvm.so+0x869cc4]
V  [libjvm.so+0x846066]
V  [libjvm.so+0x846460]
V  [libjvm.so+0x92132a]  JVM_FindClassFromCaller+0x20a
C  [libjava.so+0xfc8c]  Java_java_lang_Class_forName0+0xcc
J 523  java.lang.Class.forName0(Ljava/lang/String;ZLjava/lang/ClassLoader;Ljava/lang/Class;)Ljava/lang/Class; java.base@11.0.15 (0 bytes) @ 0x00007fb654fee047 [0x00007fb654fedf40+0x0000000000000107]
J 524 c1 java.lang.Class.forName(Ljava/lang/String;ZLjava/lang/ClassLoader;)Ljava/lang/Class; java.base@11.0.15 (47 bytes) @ 0x00007fb654fef764 [0x00007fb654fef660+0x0000000000000104]
J 525 c1 clojure.lang.RT.classForName(Ljava/lang/String;ZLjava/lang/ClassLoader;)Ljava/lang/Class; (33 bytes) @ 0x00007fb654fefcac [0x00007fb654fefbe0+0x00000000000000cc]
J 626 c1 clojure.lang.RT.classForName(Ljava/lang/String;)Ljava/lang/Class; (9 bytes) @ 0x00007fb655011ef4 [0x00007fb655011ec0+0x0000000000000034]
j  clojure.lang.RT.loadClassForName(Ljava/lang/String;)Ljava/lang/Class;+24
j  clojure.lang.RT.load(Ljava/lang/String;Z)V+224
j  clojure.lang.RT.load(Ljava/lang/String;)V+2
j  clojure.core$load$fn__6839.invoke()Ljava/lang/Object;+17
j  clojure.core$load.invokeStatic(Lclojure/lang/ISeq;)Ljava/lang/Object;+531
j  clojure.core$load.doInvoke(Ljava/lang/Object;)Ljava/lang/Object;+6
J 916 c1 clojure.lang.RestFn.invoke(Ljava/lang/Object;)Ljava/lang/Object; (73 bytes) @ 0x00007fb65508a38c [0x00007fb65508a0a0+0x00000000000002ec]
j  clojure.core$load_one.invokeStatic(Ljava/lang/Object;Ljava/lang/Object;Ljava/lang/Object;)Ljava/lang/Object;+13
j  clojure.core$load_one.invoke(Ljava/lang/Object;Ljava/lang/Object;Ljava/lang/Object;)Ljava/lang/Object;+9
j  clojure.core$load_lib$fn__6780.invoke()Ljava/lang/Object;+19
j  clojure.core$load_lib.invokeStatic(Ljava/lang/Object;Ljava/lang/Object;Lclojure/lang/ISeq;)Ljava/lang/Object;+519
j  clojure.core$load_lib.doInvoke(Ljava/lang/Object;Ljava/lang/Object;Ljava/lang/Object;)Ljava/lang/Object;+12
J 672 c1 clojure.lang.RestFn.applyTo(Lclojure/lang/ISeq;)Ljava/lang/Object; (3076 bytes) @ 0x00007fb65502535c [0x00007fb655021a40+0x000000000000391c]
j  clojure.core$apply.invokeStatic(Ljava/lang/Object;Ljava/lang/Object;Ljava/lang/Object;)Ljava/lang/Object;+18
j  clojure.core$load_libs.invokeStatic(Lclojure/lang/ISeq;)Ljava/lang/Object;+693
j  clojure.core$load_libs.doInvoke(Ljava/lang/Object;)Ljava/lang/Object;+6
J 672 c1 clojure.lang.RestFn.applyTo(Lclojure/lang/ISeq;)Ljava/lang/Object; (3076 bytes) @ 0x00007fb65502540c [0x00007fb655021a40+0x00000000000039cc]
j  clojure.core$apply.invokeStatic(Ljava/lang/Object;Ljava/lang/Object;Ljava/lang/Object;)Ljava/lang/Object;+18
j  clojure.core$require.invokeStatic(Lclojure/lang/ISeq;)Ljava/lang/Object;+12
j  clojure.core$require.doInvoke(Ljava/lang/Object;)Ljava/lang/Object;+6
j  clojure.lang.RestFn.invoke(Ljava/lang/Object;Ljava/lang/Object;Ljava/lang/Object;Ljava/lang/Object;Ljava/lang/Object;Ljava/lang/Object;Ljava/lang/Object;)Ljava/lang/Object;+140
j  nrepl.server$loading__6721__auto____9681.invoke()Ljava/lang/Object;+80
j  nrepl.server__init.load()V+48
j  nrepl.server__init.<clinit>()V+15
v  ~StubRoutines::call_stub
V  [libjvm.so+0x869cc4]
V  [libjvm.so+0x846066]
V  [libjvm.so+0x846460]
V  [libjvm.so+0x92132a]  JVM_FindClassFromCaller+0x20a
C  [libjava.so+0xfc8c]  Java_java_lang_Class_forName0+0xcc
J 523  java.lang.Class.forName0(Ljava/lang/String;ZLjava/lang/ClassLoader;Ljava/lang/Class;)Ljava/lang/Class; java.base@11.0.15 (0 bytes) @ 0x00007fb654fee047 [0x00007fb654fedf40+0x0000000000000107]
J 524 c1 java.lang.Class.forName(Ljava/lang/String;ZLjava/lang/ClassLoader;)Ljava/lang/Class; java.base@11.0.15 (47 bytes) @ 0x00007fb654fef764 [0x00007fb654fef660+0x0000000000000104]
J 525 c1 clojure.lang.RT.classForName(Ljava/lang/String;ZLjava/lang/ClassLoader;)Ljava/lang/Class; (33 bytes) @ 0x00007fb654fefcac [0x00007fb654fefbe0+0x00000000000000cc]
J 626 c1 clojure.lang.RT.classForName(Ljava/lang/String;)Ljava/lang/Class; (9 bytes) @ 0x00007fb655011ef4 [0x00007fb655011ec0+0x0000000000000034]
j  clojure.lang.RT.loadClassForName(Ljava/lang/String;)Ljava/lang/Class;+24
j  clojure.lang.RT.load(Ljava/lang/String;Z)V+224
j  clojure.lang.RT.load(Ljava/lang/String;)V+2
j  clojure.core$load$fn__6839.invoke()Ljava/lang/Object;+17
j  clojure.core$load.invokeStatic(Lclojure/lang/ISeq;)Ljava/lang/Object;+531
j  clojure.core$load.doInvoke(Ljava/lang/Object;)Ljava/lang/Object;+6
J 916 c1 clojure.lang.RestFn.invoke(Ljava/lang/Object;)Ljava/lang/Object; (73 bytes) @ 0x00007fb65508a38c [0x00007fb65508a0a0+0x00000000000002ec]
j  clojure.core$load_one.invokeStatic(Ljava/lang/Object;Ljava/lang/Object;Ljava/lang/Object;)Ljava/lang/Object;+13
j  clojure.core$load_one.invoke(Ljava/lang/Object;Ljava/lang/Object;Ljava/lang/Object;)Ljava/lang/Object;+9
j  clojure.core$load_lib$fn__6780.invoke()Ljava/lang/Object;+19
j  clojure.core$load_lib.invokeStatic(Ljava/lang/Object;Ljava/lang/Object;Lclojure/lang/ISeq;)Ljava/lang/Object;+519
j  clojure.core$load_lib.doInvoke(Ljava/lang/Object;Ljava/lang/Object;Ljava/lang/Object;)Ljava/lang/Object;+12
J 672 c1 clojure.lang.RestFn.applyTo(Lclojure/lang/ISeq;)Ljava/lang/Object; (3076 bytes) @ 0x00007fb65502535c [0x00007fb655021a40+0x000000000000391c]
j  clojure.core$apply.invokeStatic(Ljava/lang/Object;Ljava/lang/Object;Ljava/lang/Object;)Ljava/lang/Object;+18
j  clojure.core$load_libs.invokeStatic(Lclojure/lang/ISeq;)Ljava/lang/Object;+693
j  clojure.core$load_libs.doInvoke(Ljava/lang/Object;)Ljava/lang/Object;+6
J 672 c1 clojure.lang.RestFn.applyTo(Lclojure/lang/ISeq;)Ljava/lang/Object; (3076 bytes) @ 0x00007fb65502540c [0x00007fb655021a40+0x00000000000039cc]
j  clojure.core$apply.invokeStatic(Ljava/lang/Object;Ljava/lang/Object;Ljava/lang/Object;)Ljava/lang/Object;+18
j  clojure.core$require.invokeStatic(Lclojure/lang/ISeq;)Ljava/lang/Object;+12
j  clojure.core$require.doInvoke(Ljava/lang/Object;)Ljava/lang/Object;+6
j  clojure.lang.RestFn.invoke(Ljava/lang/Object;Ljava/lang/Object;Ljava/lang/Object;Ljava/lang/Object;Ljava/lang/Object;Ljava/lang/Object;Ljava/lang/Object;Ljava/lang/Object;Ljava/lang/Object;Ljava/lang/Object;Ljava/lang/Object;Ljava/lang/Object;Ljava/lang/Object;Ljava/lang/Object;Ljava/lang/Object;Ljava/lang/Object;)Ljava/lang/Object;+293
j  leiningen.repl$loading__6721__auto____9331.invoke()Ljava/lang/Object;+107
j  leiningen.repl__init.load()V+48
j  leiningen.repl__init.<clinit>()V+18
v  ~StubRoutines::call_stub
V  [libjvm.so+0x869cc4]
V  [libjvm.so+0x846066]
V  [libjvm.so+0x846460]
V  [libjvm.so+0x92132a]  JVM_FindClassFromCaller+0x20a
C  [libjava.so+0xfc8c]  Java_java_lang_Class_forName0+0xcc
J 523  java.lang.Class.forName0(Ljava/lang/String;ZLjava/lang/ClassLoader;Ljava/lang/Class;)Ljava/lang/Class; java.base@11.0.15 (0 bytes) @ 0x00007fb654fee047 [0x00007fb654fedf40+0x0000000000000107]
J 524 c1 java.lang.Class.forName(Ljava/lang/String;ZLjava/lang/ClassLoader;)Ljava/lang/Class; java.base@11.0.15 (47 bytes) @ 0x00007fb654fef764 [0x00007fb654fef660+0x0000000000000104]
J 525 c1 clojure.lang.RT.classForName(Ljava/lang/String;ZLjava/lang/ClassLoader;)Ljava/lang/Class; (33 bytes) @ 0x00007fb654fefcac [0x00007fb654fefbe0+0x00000000000000cc]
J 626 c1 clojure.lang.RT.classForName(Ljava/lang/String;)Ljava/lang/Class; (9 bytes) @ 0x00007fb655011ef4 [0x00007fb655011ec0+0x0000000000000034]
j  clojure.lang.RT.loadClassForName(Ljava/lang/String;)Ljava/lang/Class;+24
j  clojure.lang.RT.load(Ljava/lang/String;Z)V+224
j  clojure.lang.RT.load(Ljava/lang/String;)V+2
j  clojure.core$load$fn__6839.invoke()Ljava/lang/Object;+17
j  clojure.core$load.invokeStatic(Lclojure/lang/ISeq;)Ljava/lang/Object;+531
j  clojure.core$load.doInvoke(Ljava/lang/Object;)Ljava/lang/Object;+6
J 916 c1 clojure.lang.RestFn.invoke(Ljava/lang/Object;)Ljava/lang/Object; (73 bytes) @ 0x00007fb65508a38c [0x00007fb65508a0a0+0x00000000000002ec]
...<more frames>...

Java frames: (J=compiled Java code, j=interpreted, Vv=VM code)
J 125  java.lang.Object.clone()Ljava/lang/Object; java.base@11.0.15 (0 bytes) @ 0x00007fb654f64308 [0x00007fb654f642c0+0x0000000000000048]
J 306 c1 clojure.lang.PersistentHashMap$ArrayNode.assoc(IILjava/lang/Object;Ljava/lang/Object;Lclojure/lang/Box;)Lclojure/lang/PersistentHashMap$INode; (111 bytes) @ 0x00007fb654f9ea3c [0x00007fb654f9e8c0+0x000000000000017c]
J 275 c1 clojure.lang.PersistentHashMap.assoc(Ljava/lang/Object;Ljava/lang/Object;)Lclojure/lang/IPersistentMap; (153 bytes) @ 0x00007fb654f94a54 [0x00007fb654f94880+0x00000000000001d4]
J 499 c1 clojure.lang.Namespace.reference(Lclojure/lang/Symbol;Ljava/lang/Object;)Ljava/lang/Object; (110 bytes) @ 0x00007fb654fe1dcc [0x00007fb654fe1ca0+0x000000000000012c]
J 498 c1 clojure.lang.Namespace.refer(Lclojure/lang/Symbol;Lclojure/lang/Var;)Lclojure/lang/Var; (10 bytes) @ 0x00007fb654fe4c14 [0x00007fb654fe4bc0+0x0000000000000054]
j  clojure.core$refer.invokeStatic(Ljava/lang/Object;Lclojure/lang/ISeq;)Ljava/lang/Object;+1024
j  clojure.core$refer.doInvoke(Ljava/lang/Object;Ljava/lang/Object;)Ljava/lang/Object;+9
J 916 c1 clojure.lang.RestFn.invoke(Ljava/lang/Object;)Ljava/lang/Object; (73 bytes) @ 0x00007fb65508a18c [0x00007fb65508a0a0+0x00000000000000ec]
j  nrepl.middleware.interruptible_eval$loading__6721__auto____9816.invoke()Ljava/lang/Object;+44
j  nrepl.middleware.interruptible_eval__init.load()V+48
j  nrepl.middleware.interruptible_eval__init.<clinit>()V+15
v  ~StubRoutines::call_stub
J 523  java.lang.Class.forName0(Ljava/lang/String;ZLjava/lang/ClassLoader;Ljava/lang/Class;)Ljava/lang/Class; java.base@11.0.15 (0 bytes) @ 0x00007fb654fedfca [0x00007fb654fedf40+0x000000000000008a]
J 524 c1 java.lang.Class.forName(Ljava/lang/String;ZLjava/lang/ClassLoader;)Ljava/lang/Class; java.base@11.0.15 (47 bytes) @ 0x00007fb654fef764 [0x00007fb654fef660+0x0000000000000104]
J 525 c1 clojure.lang.RT.classForName(Ljava/lang/String;ZLjava/lang/ClassLoader;)Ljava/lang/Class; (33 bytes) @ 0x00007fb654fefcac [0x00007fb654fefbe0+0x00000000000000cc]
J 626 c1 clojure.lang.RT.classForName(Ljava/lang/String;)Ljava/lang/Class; (9 bytes) @ 0x00007fb655011ef4 [0x00007fb655011ec0+0x0000000000000034]
j  clojure.lang.RT.loadClassForName(Ljava/lang/String;)Ljava/lang/Class;+24
j  clojure.lang.RT.load(Ljava/lang/String;Z)V+224
j  clojure.lang.RT.load(Ljava/lang/String;)V+2
j  clojure.core$load$fn__6839.invoke()Ljava/lang/Object;+17
j  clojure.core$load.invokeStatic(Lclojure/lang/ISeq;)Ljava/lang/Object;+531
j  clojure.core$load.doInvoke(Ljava/lang/Object;)Ljava/lang/Object;+6
J 916 c1 clojure.lang.RestFn.invoke(Ljava/lang/Object;)Ljava/lang/Object; (73 bytes) @ 0x00007fb65508a38c [0x00007fb65508a0a0+0x00000000000002ec]
j  clojure.core$load_one.invokeStatic(Ljava/lang/Object;Ljava/lang/Object;Ljava/lang/Object;)Ljava/lang/Object;+13
j  clojure.core$load_one.invoke(Ljava/lang/Object;Ljava/lang/Object;Ljava/lang/Object;)Ljava/lang/Object;+9
j  clojure.core$load_lib$fn__6780.invoke()Ljava/lang/Object;+19
j  clojure.core$load_lib.invokeStatic(Ljava/lang/Object;Ljava/lang/Object;Lclojure/lang/ISeq;)Ljava/lang/Object;+519
j  clojure.core$load_lib.doInvoke(Ljava/lang/Object;Ljava/lang/Object;Ljava/lang/Object;)Ljava/lang/Object;+12
J 672 c1 clojure.lang.RestFn.applyTo(Lclojure/lang/ISeq;)Ljava/lang/Object; (3076 bytes) @ 0x00007fb65502535c [0x00007fb655021a40+0x000000000000391c]
j  clojure.core$apply.invokeStatic(Ljava/lang/Object;Ljava/lang/Object;Ljava/lang/Object;)Ljava/lang/Object;+18
j  clojure.core$load_libs.invokeStatic(Lclojure/lang/ISeq;)Ljava/lang/Object;+693
j  clojure.core$load_libs.doInvoke(Ljava/lang/Object;)Ljava/lang/Object;+6
J 672 c1 clojure.lang.RestFn.applyTo(Lclojure/lang/ISeq;)Ljava/lang/Object; (3076 bytes) @ 0x00007fb65502540c [0x00007fb655021a40+0x00000000000039cc]
j  clojure.core$apply.invokeStatic(Ljava/lang/Object;Ljava/lang/Object;Ljava/lang/Object;)Ljava/lang/Object;+18
j  clojure.core$require.invokeStatic(Lclojure/lang/ISeq;)Ljava/lang/Object;+12
j  clojure.core$require.doInvoke(Ljava/lang/Object;)Ljava/lang/Object;+6
j  clojure.lang.RestFn.invoke(Ljava/lang/Object;Ljava/lang/Object;Ljava/lang/Object;Ljava/lang/Object;Ljava/lang/Object;Ljava/lang/Object;Ljava/lang/Object;)Ljava/lang/Object;+140
j  nrepl.server$loading__6721__auto____9681.invoke()Ljava/lang/Object;+80
j  nrepl.server__init.load()V+48
j  nrepl.server__init.<clinit>()V+15
v  ~StubRoutines::call_stub
J 523  java.lang.Class.forName0(Ljava/lang/String;ZLjava/lang/ClassLoader;Ljava/lang/Class;)Ljava/lang/Class; java.base@11.0.15 (0 bytes) @ 0x00007fb654fedfca [0x00007fb654fedf40+0x000000000000008a]
J 524 c1 java.lang.Class.forName(Ljava/lang/String;ZLjava/lang/ClassLoader;)Ljava/lang/Class; java.base@11.0.15 (47 bytes) @ 0x00007fb654fef764 [0x00007fb654fef660+0x0000000000000104]
J 525 c1 clojure.lang.RT.classForName(Ljava/lang/String;ZLjava/lang/ClassLoader;)Ljava/lang/Class; (33 bytes) @ 0x00007fb654fefcac [0x00007fb654fefbe0+0x00000000000000cc]
J 626 c1 clojure.lang.RT.classForName(Ljava/lang/String;)Ljava/lang/Class; (9 bytes) @ 0x00007fb655011ef4 [0x00007fb655011ec0+0x0000000000000034]
j  clojure.lang.RT.loadClassForName(Ljava/lang/String;)Ljava/lang/Class;+24
j  clojure.lang.RT.load(Ljava/lang/String;Z)V+224
j  clojure.lang.RT.load(Ljava/lang/String;)V+2
j  clojure.core$load$fn__6839.invoke()Ljava/lang/Object;+17
j  clojure.core$load.invokeStatic(Lclojure/lang/ISeq;)Ljava/lang/Object;+531
j  clojure.core$load.doInvoke(Ljava/lang/Object;)Ljava/lang/Object;+6
J 916 c1 clojure.lang.RestFn.invoke(Ljava/lang/Object;)Ljava/lang/Object; (73 bytes) @ 0x00007fb65508a38c [0x00007fb65508a0a0+0x00000000000002ec]
j  clojure.core$load_one.invokeStatic(Ljava/lang/Object;Ljava/lang/Object;Ljava/lang/Object;)Ljava/lang/Object;+13
j  clojure.core$load_one.invoke(Ljava/lang/Object;Ljava/lang/Object;Ljava/lang/Object;)Ljava/lang/Object;+9
j  clojure.core$load_lib$fn__6780.invoke()Ljava/lang/Object;+19
j  clojure.core$load_lib.invokeStatic(Ljava/lang/Object;Ljava/lang/Object;Lclojure/lang/ISeq;)Ljava/lang/Object;+519
j  clojure.core$load_lib.doInvoke(Ljava/lang/Object;Ljava/lang/Object;Ljava/lang/Object;)Ljava/lang/Object;+12
J 672 c1 clojure.lang.RestFn.applyTo(Lclojure/lang/ISeq;)Ljava/lang/Object; (3076 bytes) @ 0x00007fb65502535c [0x00007fb655021a40+0x000000000000391c]
j  clojure.core$apply.invokeStatic(Ljava/lang/Object;Ljava/lang/Object;Ljava/lang/Object;)Ljava/lang/Object;+18
j  clojure.core$load_libs.invokeStatic(Lclojure/lang/ISeq;)Ljava/lang/Object;+693
j  clojure.core$load_libs.doInvoke(Ljava/lang/Object;)Ljava/lang/Object;+6
J 672 c1 clojure.lang.RestFn.applyTo(Lclojure/lang/ISeq;)Ljava/lang/Object; (3076 bytes) @ 0x00007fb65502540c [0x00007fb655021a40+0x00000000000039cc]
j  clojure.core$apply.invokeStatic(Ljava/lang/Object;Ljava/lang/Object;Ljava/lang/Object;)Ljava/lang/Object;+18
j  clojure.core$require.invokeStatic(Lclojure/lang/ISeq;)Ljava/lang/Object;+12
j  clojure.core$require.doInvoke(Ljava/lang/Object;)Ljava/lang/Object;+6
j  clojure.lang.RestFn.invoke(Ljava/lang/Object;Ljava/lang/Object;Ljava/lang/Object;Ljava/lang/Object;Ljava/lang/Object;Ljava/lang/Object;Ljava/lang/Object;Ljava/lang/Object;Ljava/lang/Object;Ljava/lang/Object;Ljava/lang/Object;Ljava/lang/Object;Ljava/lang/Object;Ljava/lang/Object;Ljava/lang/Object;Ljava/lang/Object;)Ljava/lang/Object;+293
j  leiningen.repl$loading__6721__auto____9331.invoke()Ljava/lang/Object;+107
j  leiningen.repl__init.load()V+48
j  leiningen.repl__init.<clinit>()V+18
v  ~StubRoutines::call_stub
J 523  java.lang.Class.forName0(Ljava/lang/String;ZLjava/lang/ClassLoader;Ljava/lang/Class;)Ljava/lang/Class; java.base@11.0.15 (0 bytes) @ 0x00007fb654fedfca [0x00007fb654fedf40+0x000000000000008a]
J 524 c1 java.lang.Class.forName(Ljava/lang/String;ZLjava/lang/ClassLoader;)Ljava/lang/Class; java.base@11.0.15 (47 bytes) @ 0x00007fb654fef764 [0x00007fb654fef660+0x0000000000000104]
J 525 c1 clojure.lang.RT.classForName(Ljava/lang/String;ZLjava/lang/ClassLoader;)Ljava/lang/Class; (33 bytes) @ 0x00007fb654fefcac [0x00007fb654fefbe0+0x00000000000000cc]
J 626 c1 clojure.lang.RT.classForName(Ljava/lang/String;)Ljava/lang/Class; (9 bytes) @ 0x00007fb655011ef4 [0x00007fb655011ec0+0x0000000000000034]
j  clojure.lang.RT.loadClassForName(Ljava/lang/String;)Ljava/lang/Class;+24
j  clojure.lang.RT.load(Ljava/lang/String;Z)V+224
j  clojure.lang.RT.load(Ljava/lang/String;)V+2
j  clojure.core$load$fn__6839.invoke()Ljava/lang/Object;+17
j  clojure.core$load.invokeStatic(Lclojure/lang/ISeq;)Ljava/lang/Object;+531
j  clojure.core$load.doInvoke(Ljava/lang/Object;)Ljava/lang/Object;+6
J 916 c1 clojure.lang.RestFn.invoke(Ljava/lang/Object;)Ljava/lang/Object; (73 bytes) @ 0x00007fb65508a38c [0x00007fb65508a0a0+0x00000000000002ec]
j  clojure.core$load_one.invokeStatic(Ljava/lang/Object;Ljava/lang/Object;Ljava/lang/Object;)Ljava/lang/Object;+13
j  clojure.core$load_one.invoke(Ljava/lang/Object;Ljava/lang/Object;Ljava/lang/Object;)Ljava/lang/Object;+9
j  clojure.core$load_lib$fn__6780.invoke()Ljava/lang/Object;+19
j  clojure.core$load_lib.invokeStatic(Ljava/lang/Object;Ljava/lang/Object;Lclojure/lang/ISeq;)Ljava/lang/Object;+519
j  clojure.core$load_lib.doInvoke(Ljava/lang/Object;Ljava/lang/Object;Ljava/lang/Object;)Ljava/lang/Object;+12
J 672 c1 clojure.lang.RestFn.applyTo(Lclojure/lang/ISeq;)Ljava/lang/Object; (3076 bytes) @ 0x00007fb65502535c [0x00007fb655021a40+0x000000000000391c]
j  clojure.core$apply.invokeStatic(Ljava/lang/Object;Ljava/lang/Object;Ljava/lang/Object;)Ljava/lang/Object;+18
j  clojure.core$load_libs.invokeStatic(Lclojure/lang/ISeq;)Ljava/lang/Object;+693
j  clojure.core$load_libs.doInvoke(Ljava/lang/Object;)Ljava/lang/Object;+6
J 672 c1 clojure.lang.RestFn.applyTo(Lclojure/lang/ISeq;)Ljava/lang/Object; (3076 bytes) @ 0x00007fb65502540c [0x00007fb655021a40+0x00000000000039cc]
j  clojure.core$apply.invokeStatic(Ljava/lang/Object;Ljava/lang/Object;Ljava/lang/Object;)Ljava/lang/Object;+18
j  clojure.core$require.invokeStatic(Lclojure/lang/ISeq;)Ljava/lang/Object;+12
j  clojure.core$require.doInvoke(Ljava/lang/Object;)Ljava/lang/Object;+6
J 916 c1 clojure.lang.RestFn.invoke(Ljava/lang/Object;)Ljava/lang/Object; (73 bytes) @ 0x00007fb65508a38c [0x00007fb65508a0a0+0x00000000000002ec]
j  leiningen.core.utils$require_resolve.invokeStatic(Ljava/lang/Object;)Ljava/lang/Object;+117
j  leiningen.core.utils$require_resolve.invoke(Ljava/lang/Object;)Ljava/lang/Object;+3
j  leiningen.core.utils$require_resolve.invokeStatic(Ljava/lang/Object;Ljava/lang/Object;)Ljava/lang/Object;+29
j  leiningen.core.utils$require_resolve.invoke(Ljava/lang/Object;Ljava/lang/Object;)Ljava/lang/Object;+6
j  leiningen.core.main$lookup_task_var.invokeStatic(Ljava/lang/Object;)Ljava/lang/Object;+80
j  leiningen.core.main$lookup_task_var.invoke(Ljava/lang/Object;)Ljava/lang/Object;+3
j  leiningen.core.main$pass_through_help_QMARK_.invokeStatic(Ljava/lang/Object;Ljava/lang/Object;)Ljava/lang/Object;+196
j  leiningen.core.main$pass_through_help_QMARK_.invoke(Ljava/lang/Object;Ljava/lang/Object;)Ljava/lang/Object;+6
j  leiningen.core.main$task_args.invokeStatic(Ljava/lang/Object;Ljava/lang/Object;)Ljava/lang/Object;+84
j  leiningen.core.main$task_args.invoke(Ljava/lang/Object;Ljava/lang/Object;)Ljava/lang/Object;+6
j  leiningen.core.main$resolve_and_apply.invokeStatic(Ljava/lang/Object;Ljava/lang/Object;)Ljava/lang/Object;+13
j  leiningen.core.main$resolve_and_apply.invoke(Ljava/lang/Object;Ljava/lang/Object;)Ljava/lang/Object;+6
j  leiningen.core.main$_main$fn__7020.invoke()Ljava/lang/Object;+335
j  leiningen.core.main$_main.invokeStatic(Lclojure/lang/ISeq;)Ljava/lang/Object;+13
j  leiningen.core.main$_main.doInvoke(Ljava/lang/Object;)Ljava/lang/Object;+6
J 672 c1 clojure.lang.RestFn.applyTo(Lclojure/lang/ISeq;)Ljava/lang/Object; (3076 bytes) @ 0x00007fb65502540c [0x00007fb655021a40+0x00000000000039cc]
j  clojure.lang.Var.applyTo(Lclojure/lang/ISeq;)Ljava/lang/Object;+5
J 828 c1 clojure.core$apply.invokeStatic(Ljava/lang/Object;Ljava/lang/Object;)Ljava/lang/Object; (21 bytes) @ 0x00007fb655063544 [0x00007fb655063460+0x00000000000000e4]
j  clojure.main$main_opt.invokeStatic(Ljava/lang/Object;Ljava/lang/Object;)Ljava/lang/Object;+412
j  clojure.main$main_opt.invoke(Ljava/lang/Object;Ljava/lang/Object;)Ljava/lang/Object;+6
j  clojure.main$main.invokeStatic(Lclojure/lang/ISeq;)Ljava/lang/Object;+376
j  clojure.main$main.doInvoke(Ljava/lang/Object;)Ljava/lang/Object;+6
j  clojure.lang.RestFn.applyTo(Lclojure/lang/ISeq;)Ljava/lang/Object;+136
j  clojure.lang.Var.applyTo(Lclojure/lang/ISeq;)Ljava/lang/Object;+5
j  clojure.main.main([Ljava/lang/String;)V+20
v  ~StubRoutines::call_stub

siginfo: si_signo: 11 (SIGSEGV), si_code: 2 (SEGV_ACCERR), si_addr: 0x00000000871c6000

Register to memory mapping:

RAX=0x00000000871c5fe0 points into unknown readable memory: 0x0000000000000000 | 00 00 00 00 00 00 00 00
RBX=0x00007fb672be4b70 is pointing into the stack for thread: 0x00007fb66c016800
RCX=0x00007fb66c016800 is a thread
RDX=0x0000000000000080 is an unknown value
RSP=0x00007fb672be4ab8 is pointing into the stack for thread: 0x00007fb66c016800
RBP=0x00007fb672be4ae0 is pointing into the stack for thread: 0x00007fb66c016800
RSI=0x0 is NULL
RDI=0x00000000871c5fe0 points into unknown readable memory: 0x0000000000000000 | 00 00 00 00 00 00 00 00
R8 =0x0000000000000001 is an unknown value
R9 =0x00007fb66c016800 is a thread
R10=0x0000000000000080 is an unknown value
R11=0x00000000871c5f10 is an oop: clojure.lang.PersistentHashMap$BitmapIndexedNode 
{0x00000000871c5f10} - klass: 'clojure/lang/PersistentHashMap$BitmapIndexedNode'
R12=0x00000000871c5fd0 points into unknown readable memory: 0x0000000000000000 | 00 00 00 00 00 00 00 00
R13=0x00007fb6741d688c: <offset 0x000000000127688c> in /usr/lib/jvm/java-11-openjdk-amd64/lib/server/libjvm.so at 0x00007fb672f60000
R14=0x0000000000000001 is an unknown value
R15=0x00007fb672be4c10 is pointing into the stack for thread: 0x00007fb66c016800


Registers:
RAX=0x00000000871c5fe0, RBX=0x00007fb672be4b70, RCX=0x00007fb66c016800, RDX=0x0000000000000080
RSP=0x00007fb672be4ab8, RBP=0x00007fb672be4ae0, RSI=0x0000000000000000, RDI=0x00000000871c5fe0
R8 =0x0000000000000001, R9 =0x00007fb66c016800, R10=0x0000000000000080, R11=0x00000000871c5f10
R12=0x00000000871c5fd0, R13=0x00007fb6741d688c, R14=0x0000000000000001, R15=0x00007fb672be4c10
RIP=0x00007fb67440bba4, EFLAGS=0x0000000000010246, CSGSFS=0x00000053002b0033, ERR=0x0000000000000000
  TRAPNO=0x0000000000000000

Top of Stack: (sp=0x00007fb672be4ab8)
0x00007fb672be4ab8:   00007fb673a98495 00007fb6741d688c
0x00007fb672be4ac8:   00007fb672be4b70 00007fb672be4b00
0x00007fb672be4ad8:   00007fb66c016b48 00007fb672be4b60
0x00007fb672be4ae8:   00007fb673a98ceb 00000000871c54d0 

Instructions: (pc=0x00007fb67440bba4)
0x00007fb67440baa4:   20 c5 fe 7f 77 40 c5 fe 7f 7f 60 c4 41 7e 7f 03
0x00007fb67440bab4:   c5 f8 77 c3 0f 1f 84 00 00 00 00 00 f3 0f 1e fa
0x00007fb67440bac4:   48 39 d1 0f 82 73 28 fa ff 0f 1f 00 f3 0f 1e fa
0x00007fb67440bad4:   48 c1 e2 02 c5 f9 6e c6 48 89 f8 c4 e2 7d 58 c0
0x00007fb67440bae4:   eb 2a 66 2e 0f 1f 84 00 00 00 00 00 f3 0f 1e fa
0x00007fb67440baf4:   48 39 d1 0f 82 43 28 fa ff 0f 1f 00 f3 0f 1e fa
0x00007fb67440bb04:   c5 f9 6e c6 48 89 f8 c4 e2 7d 78 c0 48 83 fa 20
0x00007fb67440bb14:   0f 82 04 01 00 00 48 83 fa 40 77 77 c5 fe 7f 44
0x00007fb67440bb24:   17 e0 c5 fe 7f 07 c5 f8 77 c3 66 90 f3 0f 1e fa
0x00007fb67440bb34:   c5 f8 77 48 89 d1 40 0f b6 c6 48 89 fa f3 aa 48
0x00007fb67440bb44:   89 d0 c3 66 0f 1f 84 00 00 00 00 00 f3 0f 1e fa
0x00007fb67440bb54:   48 39 d1 0f 82 e3 27 fa ff 0f 1f 00 f3 0f 1e fa
0x00007fb67440bb64:   c5 f9 6e c6 48 89 f8 c4 e2 7d 78 c0 48 83 fa 20
0x00007fb67440bb74:   0f 82 a4 00 00 00 48 83 fa 40 77 0e c5 fe 7f 44
0x00007fb67440bb84:   17 e0 c5 fe 7f 07 c5 f8 77 c3 48 81 fa 00 08 00
0x00007fb67440bb94:   00 77 9d 48 81 fa 80 00 00 00 77 19 c5 fe 7f 07
0x00007fb67440bba4:   c5 fe 7f 47 20 c5 fe 7f 44 17 e0 c5 fe 7f 44 17
0x00007fb67440bbb4:   c0 c5 f8 77 c3 48 8d 8f 80 00 00 00 c5 fe 7f 07
0x00007fb67440bbc4:   48 83 e1 80 c5 fe 7f 44 17 e0 c5 fe 7f 47 20 c5
0x00007fb67440bbd4:   fe 7f 44 17 c0 c5 fe 7f 47 40 c5 fe 7f 44 17 a0
0x00007fb67440bbe4:   c5 fe 7f 47 60 c5 fe 7f 44 17 80 48 01 fa 48 83
0x00007fb67440bbf4:   e2 80 48 39 d1 74 ba c5 fd 7f 01 c5 fd 7f 41 20
0x00007fb67440bc04:   c5 fd 7f 41 40 c5 fd 7f 41 60 48 81 c1 80 00 00
0x00007fb67440bc14:   00 48 39 ca 75 e1 c5 f8 77 c3 80 fa 10 73 1c c4
0x00007fb67440bc24:   e1 f9 7e c1 80 fa 08 73 20 80 fa 04 73 27 80 fa
0x00007fb67440bc34:   01 77 2c 72 02 88 0f c5 f8 77 c3 c5 fa 7f 44 17
0x00007fb67440bc44:   f0 c5 fa 7f 07 c5 f8 77 c3 48 89 4c 17 f8 48 89
0x00007fb67440bc54:   0f c5 f8 77 c3 89 4c 17 fc 89 0f c5 f8 77 c3 66
0x00007fb67440bc64:   89 4c 17 fe 66 89 0f c5 f8 77 c3 90 f3 0f 1e fa
0x00007fb67440bc74:   48 c1 e2 02 48 83 fa 20 0f 82 3e 01 00 00 c5 fe
0x00007fb67440bc84:   6f 16 c5 ed 76 17 c5 fd d7 c2 83 e8 ff 0f 85 e9
0x00007fb67440bc94:   00 00 00 48 83 fa 40 0f 86 c0 00 00 00 c5 fd 76 


Stack slot to memory mapping:
stack at sp + 0 slots: 0x00007fb673a98495: <offset 0x0000000000b38495> in /usr/lib/jvm/java-11-openjdk-amd64/lib/server/libjvm.so at 0x00007fb672f60000
stack at sp + 1 slots: 0x00007fb6741d688c: <offset 0x000000000127688c> in /usr/lib/jvm/java-11-openjdk-amd64/lib/server/libjvm.so at 0x00007fb672f60000
stack at sp + 2 slots: 0x00007fb672be4b70 is pointing into the stack for thread: 0x00007fb66c016800
stack at sp + 3 slots: 0x00007fb672be4b00 is pointing into the stack for thread: 0x00007fb66c016800
stack at sp + 4 slots: 0x00007fb66c016b48 points into unknown readable memory: 0x00007fb67418eb40 | 40 eb 18 74 b6 7f 00 00
stack at sp + 5 slots: 0x00007fb672be4b60 is pointing into the stack for thread: 0x00007fb66c016800
stack at sp + 6 slots: 0x00007fb673a98ceb: <offset 0x0000000000b38ceb> in /usr/lib/jvm/java-11-openjdk-amd64/lib/server/libjvm.so at 0x00007fb672f60000
stack at sp + 7 slots: 0x00000000871c54d0 points into unknown readable memory: 0x0000000000000001 | 01 00 00 00 00 00 00 00


---------------  P R O C E S S  ---------------

Threads class SMR info:
_java_thread_list=0x00007fb66c1b1b10, length=8, elements={
0x00007fb66c016800, 0x00007fb66c12d800, 0x00007fb66c12f800, 0x00007fb66c137800,
0x00007fb66c139800, 0x00007fb66c13b800, 0x00007fb66c13d800, 0x00007fb66c1b0800
}

Java Threads: ( => current thread )
=>0x00007fb66c016800 JavaThread "main" [_thread_in_vm, id=16915, stack(0x00007fb672af0000,0x00007fb672bf1000)]
  0x00007fb66c12d800 JavaThread "Reference Handler" daemon [_thread_blocked, id=16922, stack(0x00007fb6700b0000,0x00007fb6701b1000)]
  0x00007fb66c12f800 JavaThread "Finalizer" daemon [_thread_blocked, id=16923, stack(0x00007fb64c090000,0x00007fb64c191000)]
  0x00007fb66c137800 JavaThread "Signal Dispatcher" daemon [_thread_in_vm, id=16924, stack(0x00007fb645aa0000,0x00007fb645ba1000)]
  0x00007fb66c139800 JavaThread "Service Thread" daemon [_thread_blocked, id=16925, stack(0x00007fb645990000,0x00007fb645a91000)]
  0x00007fb66c13b800 JavaThread "C1 CompilerThread0" daemon [_thread_blocked, id=16926, stack(0x00007fb645880000,0x00007fb645981000)]
  0x00007fb66c13d800 JavaThread "Sweeper thread" daemon [_thread_blocked, id=16927, stack(0x00007fb645770000,0x00007fb645871000)]
  0x00007fb66c1b0800 JavaThread "Common-Cleaner" daemon [_thread_blocked, id=16929, stack(0x00007fb645550000,0x00007fb645651000)]

Other Threads:
  0x00007fb66c12a800 VMThread "VM Thread" [stack: 0x00007fb6701c2000,0x00007fb6702c2000] [id=16921]
  0x00007fb66c18e800 WatcherThread [stack: 0x00007fb645662000,0x00007fb645762000] [id=16928]
  0x00007fb66c038000 GCTaskThread "GC Thread#0" [stack: 0x00007fb6725f2000,0x00007fb6726f2000] [id=16916]
  0x00007fb638001000 GCTaskThread "GC Thread#1" [stack: 0x00007fb645442000,0x00007fb645542000] [id=16951]
  0x00007fb638002800 GCTaskThread "GC Thread#2" [stack: 0x00007fb645332000,0x00007fb645432000] [id=16952]
  0x00007fb66c06a000 ConcurrentGCThread "G1 Main Marker" [stack: 0x00007fb671002000,0x00007fb671102000] [id=16917]
  0x00007fb66c06c000 ConcurrentGCThread "G1 Conc#0" [stack: 0x00007fb670ef2000,0x00007fb670ff2000] [id=16918]
  0x00007fb66c0f7000 ConcurrentGCThread "G1 Refine#0" [stack: 0x00007fb670562000,0x00007fb670662000] [id=16919]
  0x00007fb66c0f9000 ConcurrentGCThread "G1 Young RemSet Sampling" [stack: 0x00007fb670452000,0x00007fb670552000] [id=16920]

Threads with active compile tasks:

VM state:not at safepoint (normal execution)

VM Mutex/Monitor currently owned by a thread:  ([mutex/lock_event])
[0x00007fb66c012c00] Threads_lock - owner thread: 0x00007fb66c137800

Heap address: 0x0000000083400000, size: 1996 MB, Compressed Oops mode: 32-bit
Narrow klass base: 0x0000000800000000, Narrow klass shift: 3
Compressed class space size: 1073741824 Address: 0x0000000840000000

Heap:
 garbage-first heap   total 131072K, used 70229K [0x0000000083400000, 0x0000000100000000)
  region size 1024K, 66 young (67584K), 3 survivors (3072K)
 Metaspace       used 14216K, capacity 14975K, committed 15104K, reserved 1060864K
  class space    used 3407K, capacity 3764K, committed 3840K, reserved 1048576K
Heap Regions: E=young(eden), S=young(survivor), O=old, HS=humongous(starts), HC=humongous(continues), CS=collection set, F=free, A=archive, TAMS=top-at-mark-start (previous, next)
|   0|0x0000000083400000, 0x0000000083500000, 0x0000000083500000|100%|HS|  |TAMS 0x0000000083400000, 0x0000000083400000| Complete 
|   1|0x0000000083500000, 0x0000000083600000, 0x0000000083600000|100%|HC|  |TAMS 0x0000000083500000, 0x0000000083500000| Complete 
|   2|0x0000000083600000, 0x00000000836e3600, 0x0000000083700000| 88%| O|  |TAMS 0x0000000083600000, 0x0000000083600000| Untracked 
|   3|0x0000000083700000, 0x0000000083700000, 0x0000000083800000|  0%| F|  |TAMS 0x0000000083700000, 0x0000000083700000| Untracked 
|   4|0x0000000083800000, 0x0000000083800000, 0x0000000083900000|  0%| F|  |TAMS 0x0000000083800000, 0x0000000083800000| Untracked 
|   5|0x0000000083900000, 0x0000000083900000, 0x0000000083a00000|  0%| F|  |TAMS 0x0000000083900000, 0x0000000083900000| Untracked 
|   6|0x0000000083a00000, 0x0000000083a00000, 0x0000000083b00000|  0%| F|  |TAMS 0x0000000083a00000, 0x0000000083a00000| Untracked 
|   7|0x0000000083b00000, 0x0000000083b00000, 0x0000000083c00000|  0%| F|  |TAMS 0x0000000083b00000, 0x0000000083b00000| Untracked 
|   8|0x0000000083c00000, 0x0000000083c00000, 0x0000000083d00000|  0%| F|  |TAMS 0x0000000083c00000, 0x0000000083c00000| Untracked 
|   9|0x0000000083d00000, 0x0000000083d00000, 0x0000000083e00000|  0%| F|  |TAMS 0x0000000083d00000, 0x0000000083d00000| Untracked 
|  10|0x0000000083e00000, 0x0000000083e00000, 0x0000000083f00000|  0%| F|  |TAMS 0x0000000083e00000, 0x0000000083e00000| Untracked 
|  11|0x0000000083f00000, 0x0000000083f00000, 0x0000000084000000|  0%| F|  |TAMS 0x0000000083f00000, 0x0000000083f00000| Untracked 
|  12|0x0000000084000000, 0x0000000084000000, 0x0000000084100000|  0%| F|  |TAMS 0x0000000084000000, 0x0000000084000000| Untracked 
|  13|0x0000000084100000, 0x0000000084100000, 0x0000000084200000|  0%| F|  |TAMS 0x0000000084100000, 0x0000000084100000| Untracked 
|  14|0x0000000084200000, 0x0000000084200000, 0x0000000084300000|  0%| F|  |TAMS 0x0000000084200000, 0x0000000084200000| Untracked 
|  15|0x0000000084300000, 0x0000000084300000, 0x0000000084400000|  0%| F|  |TAMS 0x0000000084300000, 0x0000000084300000| Untracked 
|  16|0x0000000084400000, 0x0000000084400000, 0x0000000084500000|  0%| F|  |TAMS 0x0000000084400000, 0x0000000084400000| Untracked 
|  17|0x0000000084500000, 0x0000000084500000, 0x0000000084600000|  0%| F|  |TAMS 0x0000000084500000, 0x0000000084500000| Untracked 
|  18|0x0000000084600000, 0x0000000084600000, 0x0000000084700000|  0%| F|  |TAMS 0x0000000084600000, 0x0000000084600000| Untracked 
|  19|0x0000000084700000, 0x0000000084700000, 0x0000000084800000|  0%| F|  |TAMS 0x0000000084700000, 0x0000000084700000| Untracked 
|  20|0x0000000084800000, 0x0000000084800000, 0x0000000084900000|  0%| F|  |TAMS 0x0000000084800000, 0x0000000084800000| Untracked 
|  21|0x0000000084900000, 0x0000000084900000, 0x0000000084a00000|  0%| F|  |TAMS 0x0000000084900000, 0x0000000084900000| Untracked 
|  22|0x0000000084a00000, 0x0000000084a00000, 0x0000000084b00000|  0%| F|  |TAMS 0x0000000084a00000, 0x0000000084a00000| Untracked 
|  23|0x0000000084b00000, 0x0000000084b00000, 0x0000000084c00000|  0%| F|  |TAMS 0x0000000084b00000, 0x0000000084b00000| Untracked 
|  24|0x0000000084c00000, 0x0000000084c00000, 0x0000000084d00000|  0%| F|  |TAMS 0x0000000084c00000, 0x0000000084c00000| Untracked 
|  25|0x0000000084d00000, 0x0000000084d00000, 0x0000000084e00000|  0%| F|  |TAMS 0x0000000084d00000, 0x0000000084d00000| Untracked 
|  26|0x0000000084e00000, 0x0000000084e00000, 0x0000000084f00000|  0%| F|  |TAMS 0x0000000084e00000, 0x0000000084e00000| Untracked 
|  27|0x0000000084f00000, 0x0000000084f00000, 0x0000000085000000|  0%| F|  |TAMS 0x0000000084f00000, 0x0000000084f00000| Untracked 
|  28|0x0000000085000000, 0x0000000085000000, 0x0000000085100000|  0%| F|  |TAMS 0x0000000085000000, 0x0000000085000000| Untracked 
|  29|0x0000000085100000, 0x0000000085100000, 0x0000000085200000|  0%| F|  |TAMS 0x0000000085100000, 0x0000000085100000| Untracked 
|  30|0x0000000085200000, 0x0000000085200000, 0x0000000085300000|  0%| F|  |TAMS 0x0000000085200000, 0x0000000085200000| Untracked 
|  31|0x0000000085300000, 0x0000000085300000, 0x0000000085400000|  0%| F|  |TAMS 0x0000000085300000, 0x0000000085300000| Untracked 
|  32|0x0000000085400000, 0x0000000085400000, 0x0000000085500000|  0%| F|  |TAMS 0x0000000085400000, 0x0000000085400000| Untracked 
|  33|0x0000000085500000, 0x0000000085500000, 0x0000000085600000|  0%| F|  |TAMS 0x0000000085500000, 0x0000000085500000| Untracked 
|  34|0x0000000085600000, 0x0000000085600000, 0x0000000085700000|  0%| F|  |TAMS 0x0000000085600000, 0x0000000085600000| Untracked 
|  35|0x0000000085700000, 0x0000000085700000, 0x0000000085800000|  0%| F|  |TAMS 0x0000000085700000, 0x0000000085700000| Untracked 
|  36|0x0000000085800000, 0x0000000085800000, 0x0000000085900000|  0%| F|  |TAMS 0x0000000085800000, 0x0000000085800000| Untracked 
|  37|0x0000000085900000, 0x0000000085900000, 0x0000000085a00000|  0%| F|  |TAMS 0x0000000085900000, 0x0000000085900000| Untracked 
|  38|0x0000000085a00000, 0x0000000085a00000, 0x0000000085b00000|  0%| F|  |TAMS 0x0000000085a00000, 0x0000000085a00000| Untracked 
|  39|0x0000000085b00000, 0x0000000085b00000, 0x0000000085c00000|  0%| F|  |TAMS 0x0000000085b00000, 0x0000000085b00000| Untracked 
|  40|0x0000000085c00000, 0x0000000085c00000, 0x0000000085d00000|  0%| F|  |TAMS 0x0000000085c00000, 0x0000000085c00000| Untracked 
|  41|0x0000000085d00000, 0x0000000085d00000, 0x0000000085e00000|  0%| F|  |TAMS 0x0000000085d00000, 0x0000000085d00000| Untracked 
|  42|0x0000000085e00000, 0x0000000085e00000, 0x0000000085f00000|  0%| F|  |TAMS 0x0000000085e00000, 0x0000000085e00000| Untracked 
|  43|0x0000000085f00000, 0x0000000085f00000, 0x0000000086000000|  0%| F|  |TAMS 0x0000000085f00000, 0x0000000085f00000| Untracked 
|  44|0x0000000086000000, 0x0000000086000000, 0x0000000086100000|  0%| F|  |TAMS 0x0000000086000000, 0x0000000086000000| Untracked 
|  45|0x0000000086100000, 0x0000000086100000, 0x0000000086200000|  0%| F|  |TAMS 0x0000000086100000, 0x0000000086100000| Untracked 
|  46|0x0000000086200000, 0x0000000086200000, 0x0000000086300000|  0%| F|  |TAMS 0x0000000086200000, 0x0000000086200000| Untracked 
|  47|0x0000000086300000, 0x0000000086300000, 0x0000000086400000|  0%| F|  |TAMS 0x0000000086300000, 0x0000000086300000| Untracked 
|  48|0x0000000086400000, 0x0000000086400000, 0x0000000086500000|  0%| F|  |TAMS 0x0000000086400000, 0x0000000086400000| Untracked 
|  49|0x0000000086500000, 0x0000000086500000, 0x0000000086600000|  0%| F|  |TAMS 0x0000000086500000, 0x0000000086500000| Untracked 
|  50|0x0000000086600000, 0x0000000086600000, 0x0000000086700000|  0%| F|  |TAMS 0x0000000086600000, 0x0000000086600000| Untracked 
|  51|0x0000000086700000, 0x0000000086700000, 0x0000000086800000|  0%| F|  |TAMS 0x0000000086700000, 0x0000000086700000| Untracked 
|  52|0x0000000086800000, 0x0000000086800000, 0x0000000086900000|  0%| F|  |TAMS 0x0000000086800000, 0x0000000086800000| Untracked 
|  53|0x0000000086900000, 0x0000000086900000, 0x0000000086a00000|  0%| F|  |TAMS 0x0000000086900000, 0x0000000086900000| Untracked 
|  54|0x0000000086a00000, 0x0000000086a00000, 0x0000000086b00000|  0%| F|  |TAMS 0x0000000086a00000, 0x0000000086a00000| Untracked 
|  55|0x0000000086b00000, 0x0000000086b00000, 0x0000000086c00000|  0%| F|  |TAMS 0x0000000086b00000, 0x0000000086b00000| Untracked 
|  56|0x0000000086c00000, 0x0000000086c00000, 0x0000000086d00000|  0%| F|  |TAMS 0x0000000086c00000, 0x0000000086c00000| Untracked 
|  57|0x0000000086d00000, 0x0000000086d00000, 0x0000000086e00000|  0%| F|  |TAMS 0x0000000086d00000, 0x0000000086d00000| Untracked 
|  58|0x0000000086e00000, 0x0000000086e00000, 0x0000000086f00000|  0%| F|  |TAMS 0x0000000086e00000, 0x0000000086e00000| Untracked 
|  59|0x0000000086f00000, 0x0000000086f00000, 0x0000000087000000|  0%| F|  |TAMS 0x0000000086f00000, 0x0000000086f00000| Untracked 
|  60|0x0000000087000000, 0x0000000087080800, 0x0000000087100000| 50%| E|  |TAMS 0x0000000087000000, 0x0000000087000000| Complete 
|  61|0x0000000087100000, 0x0000000087200000, 0x0000000087200000|100%| E|CS|TAMS 0x0000000087100000, 0x0000000087100000| Complete 
|  62|0x0000000087200000, 0x0000000087300000, 0x0000000087300000|100%| E|CS|TAMS 0x0000000087200000, 0x0000000087200000| Complete 
|  63|0x0000000087300000, 0x0000000087400000, 0x0000000087400000|100%| E|CS|TAMS 0x0000000087300000, 0x0000000087300000| Complete 
|  64|0x0000000087400000, 0x0000000087500000, 0x0000000087500000|100%| E|CS|TAMS 0x0000000087400000, 0x0000000087400000| Complete 
|  65|0x0000000087500000, 0x0000000087600000, 0x0000000087600000|100%| E|CS|TAMS 0x0000000087500000, 0x0000000087500000| Complete 
|  66|0x0000000087600000, 0x0000000087700000, 0x0000000087700000|100%| E|CS|TAMS 0x0000000087600000, 0x0000000087600000| Complete 
|  67|0x0000000087700000, 0x0000000087800000, 0x0000000087800000|100%| E|CS|TAMS 0x0000000087700000, 0x0000000087700000| Complete 
|  68|0x0000000087800000, 0x0000000087900000, 0x0000000087900000|100%| E|CS|TAMS 0x0000000087800000, 0x0000000087800000| Complete 
|  69|0x0000000087900000, 0x0000000087a00000, 0x0000000087a00000|100%| E|CS|TAMS 0x0000000087900000, 0x0000000087900000| Complete 
|  70|0x0000000087a00000, 0x0000000087b00000, 0x0000000087b00000|100%| E|CS|TAMS 0x0000000087a00000, 0x0000000087a00000| Complete 
|  71|0x0000000087b00000, 0x0000000087c00000, 0x0000000087c00000|100%| E|CS|TAMS 0x0000000087b00000, 0x0000000087b00000| Complete 
|  72|0x0000000087c00000, 0x0000000087d00000, 0x0000000087d00000|100%| E|CS|TAMS 0x0000000087c00000, 0x0000000087c00000| Complete 
|  73|0x0000000087d00000, 0x0000000087e00000, 0x0000000087e00000|100%| E|CS|TAMS 0x0000000087d00000, 0x0000000087d00000| Complete 
|  74|0x0000000087e00000, 0x0000000087f00000, 0x0000000087f00000|100%| E|CS|TAMS 0x0000000087e00000, 0x0000000087e00000| Complete 
|  75|0x0000000087f00000, 0x0000000088000000, 0x0000000088000000|100%| E|CS|TAMS 0x0000000087f00000, 0x0000000087f00000| Complete 
|  76|0x0000000088000000, 0x0000000088100000, 0x0000000088100000|100%| E|CS|TAMS 0x0000000088000000, 0x0000000088000000| Complete 
|  77|0x0000000088100000, 0x0000000088200000, 0x0000000088200000|100%| E|CS|TAMS 0x0000000088100000, 0x0000000088100000| Complete 
|  78|0x0000000088200000, 0x0000000088300000, 0x0000000088300000|100%| E|CS|TAMS 0x0000000088200000, 0x0000000088200000| Complete 
|  79|0x0000000088300000, 0x0000000088400000, 0x0000000088400000|100%| E|CS|TAMS 0x0000000088300000, 0x0000000088300000| Complete 
|  80|0x0000000088400000, 0x0000000088500000, 0x0000000088500000|100%| E|CS|TAMS 0x0000000088400000, 0x0000000088400000| Complete 
|  81|0x0000000088500000, 0x0000000088600000, 0x0000000088600000|100%| E|CS|TAMS 0x0000000088500000, 0x0000000088500000| Complete 
|  82|0x0000000088600000, 0x0000000088700000, 0x0000000088700000|100%| E|CS|TAMS 0x0000000088600000, 0x0000000088600000| Complete 
|  83|0x0000000088700000, 0x0000000088800000, 0x0000000088800000|100%| E|CS|TAMS 0x0000000088700000, 0x0000000088700000| Complete 
|  84|0x0000000088800000, 0x0000000088900000, 0x0000000088900000|100%| E|CS|TAMS 0x0000000088800000, 0x0000000088800000| Complete 
|  85|0x0000000088900000, 0x0000000088a00000, 0x0000000088a00000|100%| E|CS|TAMS 0x0000000088900000, 0x0000000088900000| Complete 
|  86|0x0000000088a00000, 0x0000000088b00000, 0x0000000088b00000|100%| E|CS|TAMS 0x0000000088a00000, 0x0000000088a00000| Complete 
|  87|0x0000000088b00000, 0x0000000088c00000, 0x0000000088c00000|100%| E|CS|TAMS 0x0000000088b00000, 0x0000000088b00000| Complete 
|  88|0x0000000088c00000, 0x0000000088d00000, 0x0000000088d00000|100%| E|CS|TAMS 0x0000000088c00000, 0x0000000088c00000| Complete 
|  89|0x0000000088d00000, 0x0000000088e00000, 0x0000000088e00000|100%| E|CS|TAMS 0x0000000088d00000, 0x0000000088d00000| Complete 
|  90|0x0000000088e00000, 0x0000000088f00000, 0x0000000088f00000|100%| E|CS|TAMS 0x0000000088e00000, 0x0000000088e00000| Complete 
|  91|0x0000000088f00000, 0x0000000089000000, 0x0000000089000000|100%| E|CS|TAMS 0x0000000088f00000, 0x0000000088f00000| Complete 
|  92|0x0000000089000000, 0x0000000089100000, 0x0000000089100000|100%| E|CS|TAMS 0x0000000089000000, 0x0000000089000000| Complete 
|  93|0x0000000089100000, 0x0000000089200000, 0x0000000089200000|100%| E|CS|TAMS 0x0000000089100000, 0x0000000089100000| Complete 
|  94|0x0000000089200000, 0x0000000089300000, 0x0000000089300000|100%| E|CS|TAMS 0x0000000089200000, 0x0000000089200000| Complete 
|  95|0x0000000089300000, 0x0000000089400000, 0x0000000089400000|100%| E|CS|TAMS 0x0000000089300000, 0x0000000089300000| Complete 
|  96|0x0000000089400000, 0x0000000089500000, 0x0000000089500000|100%| E|CS|TAMS 0x0000000089400000, 0x0000000089400000| Complete 
|  97|0x0000000089500000, 0x0000000089600000, 0x0000000089600000|100%| E|CS|TAMS 0x0000000089500000, 0x0000000089500000| Complete 
|  98|0x0000000089600000, 0x0000000089700000, 0x0000000089700000|100%| E|CS|TAMS 0x0000000089600000, 0x0000000089600000| Complete 
|  99|0x0000000089700000, 0x0000000089800000, 0x0000000089800000|100%| S|CS|TAMS 0x0000000089700000, 0x0000000089700000| Complete 
| 100|0x0000000089800000, 0x0000000089900000, 0x0000000089900000|100%| S|CS|TAMS 0x0000000089800000, 0x0000000089800000| Complete 
| 101|0x0000000089900000, 0x0000000089a00000, 0x0000000089a00000|100%| S|CS|TAMS 0x0000000089900000, 0x0000000089900000| Complete 
| 102|0x0000000089a00000, 0x0000000089b00000, 0x0000000089b00000|100%| E|CS|TAMS 0x0000000089a00000, 0x0000000089a00000| Complete 
| 103|0x0000000089b00000, 0x0000000089c00000, 0x0000000089c00000|100%| E|CS|TAMS 0x0000000089b00000, 0x0000000089b00000| Complete 
| 104|0x0000000089c00000, 0x0000000089d00000, 0x0000000089d00000|100%| E|CS|TAMS 0x0000000089c00000, 0x0000000089c00000| Complete 
| 105|0x0000000089d00000, 0x0000000089e00000, 0x0000000089e00000|100%| E|CS|TAMS 0x0000000089d00000, 0x0000000089d00000| Complete 
| 106|0x0000000089e00000, 0x0000000089f00000, 0x0000000089f00000|100%| E|CS|TAMS 0x0000000089e00000, 0x0000000089e00000| Complete 
| 107|0x0000000089f00000, 0x000000008a000000, 0x000000008a000000|100%| E|CS|TAMS 0x0000000089f00000, 0x0000000089f00000| Complete 
| 108|0x000000008a000000, 0x000000008a100000, 0x000000008a100000|100%| E|CS|TAMS 0x000000008a000000, 0x000000008a000000| Complete 
| 109|0x000000008a100000, 0x000000008a200000, 0x000000008a200000|100%| E|CS|TAMS 0x000000008a100000, 0x000000008a100000| Complete 
| 110|0x000000008a200000, 0x000000008a300000, 0x000000008a300000|100%| E|CS|TAMS 0x000000008a200000, 0x000000008a200000| Complete 
| 111|0x000000008a300000, 0x000000008a400000, 0x000000008a400000|100%| E|CS|TAMS 0x000000008a300000, 0x000000008a300000| Complete 
| 112|0x000000008a400000, 0x000000008a500000, 0x000000008a500000|100%| E|CS|TAMS 0x000000008a400000, 0x000000008a400000| Complete 
| 113|0x000000008a500000, 0x000000008a600000, 0x000000008a600000|100%| E|CS|TAMS 0x000000008a500000, 0x000000008a500000| Complete 
| 114|0x000000008a600000, 0x000000008a700000, 0x000000008a700000|100%| E|CS|TAMS 0x000000008a600000, 0x000000008a600000| Complete 
| 115|0x000000008a700000, 0x000000008a800000, 0x000000008a800000|100%| E|CS|TAMS 0x000000008a700000, 0x000000008a700000| Complete 
| 116|0x000000008a800000, 0x000000008a900000, 0x000000008a900000|100%| E|CS|TAMS 0x000000008a800000, 0x000000008a800000| Complete 
| 117|0x000000008a900000, 0x000000008aa00000, 0x000000008aa00000|100%| E|CS|TAMS 0x000000008a900000, 0x000000008a900000| Complete 
| 118|0x000000008aa00000, 0x000000008ab00000, 0x000000008ab00000|100%| E|CS|TAMS 0x000000008aa00000, 0x000000008aa00000| Complete 
| 119|0x000000008ab00000, 0x000000008ac00000, 0x000000008ac00000|100%| E|CS|TAMS 0x000000008ab00000, 0x000000008ab00000| Complete 
| 120|0x000000008ac00000, 0x000000008ad00000, 0x000000008ad00000|100%| E|CS|TAMS 0x000000008ac00000, 0x000000008ac00000| Complete 
| 121|0x000000008ad00000, 0x000000008ae00000, 0x000000008ae00000|100%| E|CS|TAMS 0x000000008ad00000, 0x000000008ad00000| Complete 
| 122|0x000000008ae00000, 0x000000008af00000, 0x000000008af00000|100%| E|CS|TAMS 0x000000008ae00000, 0x000000008ae00000| Complete 
| 123|0x000000008af00000, 0x000000008b000000, 0x000000008b000000|100%| E|CS|TAMS 0x000000008af00000, 0x000000008af00000| Complete 
| 124|0x000000008b000000, 0x000000008b100000, 0x000000008b100000|100%| E|CS|TAMS 0x000000008b000000, 0x000000008b000000| Complete 
| 125|0x000000008b100000, 0x000000008b200000, 0x000000008b200000|100%| E|CS|TAMS 0x000000008b100000, 0x000000008b100000| Complete 
|1994|0x00000000ffe00000, 0x00000000ffe47000, 0x00000000fff00000| 27%|OA|  |TAMS 0x00000000ffe00000, 0x00000000ffe00000| Untracked 
|1995|0x00000000fff00000, 0x00000000fff6b000, 0x0000000100000000| 41%|CA|  |TAMS 0x00000000fff00000, 0x00000000fff00000| Untracked 

Card table byte_map: [0x00007fb671590000,0x00007fb671976000] _byte_map_base: 0x00007fb671176000

Marking Bits (Prev, Next): (CMBitMap*) 0x00007fb66c0616c8, (CMBitMap*) 0x00007fb66c061700
 Prev Bits: [0x00007fb64e0d0000, 0x00007fb650000000)
 Next Bits: [0x00007fb64c1a0000, 0x00007fb64e0d0000)

Polling page: 0x00007fb672a70000

Metaspace:

Usage:
  Non-class:     10.95 MB capacity,    10.56 MB ( 96%) used,   378.64 KB (  3%) free+waste,    23.25 KB ( <1%) overhead. 
      Class:      3.68 MB capacity,     3.33 MB ( 91%) used,   335.38 KB (  9%) free+waste,    21.62 KB ( <1%) overhead. 
       Both:     14.62 MB capacity,    13.88 MB ( 95%) used,   714.02 KB (  5%) free+waste,    44.88 KB ( <1%) overhead. 

Virtual space:
  Non-class space:       12.00 MB reserved,      11.00 MB ( 92%) committed 
      Class space:        1.00 GB reserved,       3.75 MB ( <1%) committed 
             Both:        1.01 GB reserved,      14.75 MB (  1%) committed 

Chunk freelists:
   Non-Class:  53.00 KB
       Class:  12.00 KB
        Both:  65.00 KB

MaxMetaspaceSize: unlimited
CompressedClassSpaceSize: 1.00 GB
Initial GC threshold: 20.80 MB
Current GC threshold: 20.80 MB
CDS: on

CodeHeap 'non-profiled nmethods': size=238384Kb used=2977Kb max_used=2977Kb free=235406Kb
 bounds [0x00007fb654f44000, 0x00007fb655234000, 0x00007fb663810000]
CodeHeap 'non-nmethods': size=7376Kb used=1147Kb max_used=1147Kb free=6228Kb
 bounds [0x00007fb654810000, 0x00007fb654a80000, 0x00007fb654f44000]
 total_blobs=2178 nmethods=1774 adapters=332
 compilation: enabled
              stopped_count=0, restarted_count=0
 full_count=0

Compilation events (20 events):
Event: 1.283 Thread 0x00007fb66c13b800 1765       1       clojure.core$hash_map::invokeStatic (10 bytes)
Event: 1.283 Thread 0x00007fb66c13b800 nmethod 1765 0x00007fb655229210 code [0x00007fb6552293c0, 0x00007fb6552294c0]
Event: 1.283 Thread 0x00007fb66c13b800 1766       1       java.util.concurrent.atomic.AtomicInteger::get (5 bytes)
Event: 1.284 Thread 0x00007fb66c13b800 nmethod 1766 0x00007fb655229590 code [0x00007fb655229740, 0x00007fb655229810]
Event: 1.284 Thread 0x00007fb66c13b800 1767       1       java.util.concurrent.atomic.AtomicInteger::set (6 bytes)
Event: 1.284 Thread 0x00007fb66c13b800 nmethod 1767 0x00007fb655229890 code [0x00007fb655229a40, 0x00007fb655229b10]
Event: 1.286 Thread 0x00007fb66c13b800 1768       1       jdk.internal.ref.CleanerImpl::getCleanerImpl (13 bytes)
Event: 1.286 Thread 0x00007fb66c13b800 nmethod 1768 0x00007fb655229b90 code [0x00007fb655229d40, 0x00007fb655229e40]
Event: 1.287 Thread 0x00007fb66c13b800 1769       1       java.lang.ref.Cleaner$1::apply (9 bytes)
Event: 1.287 Thread 0x00007fb66c13b800 nmethod 1769 0x00007fb655229f10 code [0x00007fb65522a0c0, 0x00007fb65522a1d0]
Event: 1.287 Thread 0x00007fb66c13b800 1770       1       java.lang.ref.Cleaner$1::apply (5 bytes)
Event: 1.287 Thread 0x00007fb66c13b800 nmethod 1770 0x00007fb65522a290 code [0x00007fb65522a440, 0x00007fb65522a510]
Event: 1.287 Thread 0x00007fb66c13b800 1771       1       java.lang.Character::isLetterOrDigit (5 bytes)
Event: 1.287 Thread 0x00007fb66c13b800 nmethod 1771 0x00007fb65522a590 code [0x00007fb65522a740, 0x00007fb65522a830]
Event: 1.287 Thread 0x00007fb66c13b800 1772       1       java.lang.Character::isLetterOrDigit (19 bytes)
Event: 1.287 Thread 0x00007fb66c13b800 nmethod 1772 0x00007fb65522a910 code [0x00007fb65522aac0, 0x00007fb65522abb0]
Event: 1.287 Thread 0x00007fb66c13b800 1773       1       java.util.zip.ZipFile::getZipEntry (325 bytes)
Event: 1.288 Thread 0x00007fb66c13b800 nmethod 1773 0x00007fb65522ac90 code [0x00007fb65522af00, 0x00007fb65522ba00]
Event: 1.288 Thread 0x00007fb66c13b800 1774       1       java.util.jar.JarFile$1::apply (9 bytes)
Event: 1.288 Thread 0x00007fb66c13b800 nmethod 1774 0x00007fb65522c110 code [0x00007fb65522c2e0, 0x00007fb65522c560]

GC Heap History (2 events):
Event: 0.622 GC heap before
{Heap before GC invocations=0 (full 0):
 garbage-first heap   total 131072K, used 27336K [0x0000000083400000, 0x0000000100000000)
  region size 1024K, 24 young (24576K), 0 survivors (0K)
 Metaspace       used 10531K, capacity 10620K, committed 10752K, reserved 1056768K
  class space    used 2440K, capacity 2483K, committed 2560K, reserved 1048576K
}
Event: 0.635 GC heap after
{Heap after GC invocations=1 (full 0):
 garbage-first heap   total 131072K, used 6741K [0x0000000083400000, 0x0000000100000000)
  region size 1024K, 3 young (3072K), 3 survivors (3072K)
 Metaspace       used 10531K, capacity 10620K, committed 10752K, reserved 1056768K
  class space    used 2440K, capacity 2483K, committed 2560K, reserved 1048576K
}

Deoptimization events (0 events):
No events

Classes redefined (0 events):
No events

Internal exceptions (12 events):
Event: 0.099 Thread 0x00007fb66c016800 Exception <a 'java/lang/NoSuchMethodError'{0x000000008b025bb0}: 'int java.lang.invoke.DirectMethodHandle$Holder.invokeSpecialIFC(java.lang.Object, java.lang.Object, int)'> (0x000000008b025bb0) thrown at [src/hotspot/share/interpreter/linkResolver.cpp, line 772]
Event: 0.142 Thread 0x00007fb66c016800 Exception <a 'java/lang/NoSuchMethodError'{0x000000008b0f8078}: 'java.lang.Object java.lang.invoke.DirectMethodHandle$Holder.invokeStatic(java.lang.Object, int, java.lang.Object)'> (0x000000008b0f8078) thrown at [src/hotspot/share/interpreter/linkResolver.cpp, line 772]
Event: 0.317 Thread 0x00007fb66c016800 Exception <a 'java/lang/ClassNotFoundException'{0x000000008ac4e6c8}: java/sql/Timestamp> (0x000000008ac4e6c8) thrown at [src/hotspot/share/classfile/systemDictionary.cpp, line 230]
Event: 0.371 Thread 0x00007fb66c016800 Exception <a 'java/lang/NoSuchMethodError'{0x000000008a916c58}: 'int java.lang.invoke.DirectMethodHandle$Holder.invokeSpecial(java.lang.Object, java.lang.Object, java.lang.Object, java.lang.Object)'> (0x000000008a916c58) thrown at [src/hotspot/share/interpreter/linkResolver.cpp, line 772]
Event: 0.374 Thread 0x00007fb66c016800 Exception <a 'java/lang/NoSuchMethodError'{0x000000008a932760}: 'void java.lang.invoke.DelegatingMethodHandle$Holder.delegate(java.lang.Object, java.lang.Object, int, java.lang.Object)'> (0x000000008a932760) thrown at [src/hotspot/share/interpreter/linkResolver.cpp, line 772]
Event: 0.375 Thread 0x00007fb66c016800 Exception <a 'java/lang/NoSuchMethodError'{0x000000008a939f18}: 'java.lang.Object java.lang.invoke.DirectMethodHandle$Holder.invokeStaticInit(java.lang.Object, java.lang.Object, java.lang.Object)'> (0x000000008a939f18) thrown at [src/hotspot/share/interpreter/linkResolver.cpp, line 772]
Event: 0.376 Thread 0x00007fb66c016800 Exception <a 'java/lang/NoSuchMethodError'{0x000000008a941f08}: 'java.lang.Object java.lang.invoke.DirectMethodHandle$Holder.invokeStatic(java.lang.Object, java.lang.Object, java.lang.Object, java.lang.Object, int)'> (0x000000008a941f08) thrown at [src/hotspot/share/interpreter/linkResolver.cpp, line 772]
Event: 0.381 Thread 0x00007fb66c016800 Exception <a 'java/lang/NoSuchMethodError'{0x000000008a968de8}: 'java.lang.Object java.lang.invoke.Invokers$Holder.invokeExact_MT(java.lang.Object, java.lang.Object, java.lang.Object)'> (0x000000008a968de8) thrown at [src/hotspot/share/interpreter/linkResolver.cpp, line 772]
Event: 0.388 Thread 0x00007fb66c016800 Exception <a 'java/lang/ClassNotFoundException'{0x000000008a980250}: java/sql/Timestamp> (0x000000008a980250) thrown at [src/hotspot/share/classfile/systemDictionary.cpp, line 230]
Event: 0.529 Thread 0x00007fb66c016800 Exception <a 'java/lang/ClassNotFoundException'{0x0000000089dcdd18}: cemerick/pomegranate/aether__init> (0x0000000089dcdd18) thrown at [src/hotspot/share/classfile/systemDictionary.cpp, line 230]
Event: 0.995 Thread 0x00007fb66c016800 Exception <a 'java/lang/ClassNotFoundException'{0x0000000088e6b1f0}: dynapath/util__init> (0x0000000088e6b1f0) thrown at [src/hotspot/share/classfile/systemDictionary.cpp, line 230]
Event: 1.124 Thread 0x00007fb66c016800 Exception <a 'java/lang/ClassNotFoundException'{0x00000000884fa068}: bultitude/core__init> (0x00000000884fa068) thrown at [src/hotspot/share/classfile/systemDictionary.cpp, line 230]

Events (20 events):
Event: 1.284 loading class nrepl/middleware$java_version
Event: 1.284 loading class nrepl/middleware$java_version done
Event: 1.284 loading class nrepl/middleware$wrap_describe
Event: 1.285 loading class nrepl/middleware$wrap_describe done
Event: 1.285 loading class nrepl/middleware$set_descriptor_BANG_$fn__9694
Event: 1.285 loading class nrepl/middleware$set_descriptor_BANG_$fn__9694 done
Event: 1.285 loading class nrepl/middleware$dependencies
Event: 1.285 loading class nrepl/middleware$dependencies done
Event: 1.285 loading class nrepl/middleware$comparator
Event: 1.285 loading class nrepl/middleware$comparator done
Event: 1.285 loading class nrepl/middleware$extend_deps
Event: 1.285 loading class nrepl/middleware$extend_deps done
Event: 1.285 loading class nrepl/middleware$topologically_sort
Event: 1.286 loading class nrepl/middleware$topologically_sort done
Event: 1.286 loading class nrepl/middleware$linearize_middleware_stack
Event: 1.286 loading class nrepl/middleware$linearize_middleware_stack done
Event: 1.286 loading class nrepl/middleware/interruptible_eval__init
Event: 1.287 loading class nrepl/middleware/interruptible_eval__init done
Event: 1.287 loading class nrepl/middleware/interruptible_eval$loading__6721__auto____9816
Event: 1.287 loading class nrepl/middleware/interruptible_eval$loading__6721__auto____9816 done


Dynamic libraries:
83400000-8b200000 rw-p 00000000 00:00 0
8b200000-ffe00000 ---p 00000000 00:00 0
ffe00000-ffe47000 rw-p 01119000 00:00 1321178                    /usr/lib/jvm/java-11-openjdk-amd64/lib/server/classes.jsa
ffe47000-fff00000 rw-p 00000000 00:00 0
fff00000-fff6b000 rw-p 010ae000 00:00 1321178                    /usr/lib/jvm/java-11-openjdk-amd64/lib/server/classes.jsa
fff6b000-100000000 rw-p 00000000 00:00 0
800000000-800002000 rwxp 00001000 00:00 1321178                  /usr/lib/jvm/java-11-openjdk-amd64/lib/server/classes.jsa
800002000-8003cb000 rw-p 00003000 00:00 1321178                  /usr/lib/jvm/java-11-openjdk-amd64/lib/server/classes.jsa
8003cb000-800a9a000 r--p 003cc000 00:00 1321178                  /usr/lib/jvm/java-11-openjdk-amd64/lib/server/classes.jsa
800a9a000-800a9b000 rw-p 00a9b000 00:00 1321178                  /usr/lib/jvm/java-11-openjdk-amd64/lib/server/classes.jsa
800a9b000-8010ad000 r--p 00a9c000 00:00 1321178                  /usr/lib/jvm/java-11-openjdk-amd64/lib/server/classes.jsa
840000000-8403c0000 rw-p 00000000 00:00 0
8403c0000-880000000 ---p 00000000 00:00 0
7fb604000000-7fb604021000 rw-p 00000000 00:00 0
7fb604021000-7fb608000000 ---p 00000000 00:00 0
7fb60c000000-7fb60c021000 rw-p 00000000 00:00 0
7fb60c021000-7fb610000000 ---p 00000000 00:00 0
7fb610000000-7fb610021000 rw-p 00000000 00:00 0
7fb610021000-7fb614000000 ---p 00000000 00:00 0
7fb614000000-7fb614021000 rw-p 00000000 00:00 0
7fb614021000-7fb618000000 ---p 00000000 00:00 0
7fb618000000-7fb618021000 rw-p 00000000 00:00 0
7fb618021000-7fb61c000000 ---p 00000000 00:00 0
7fb61c000000-7fb61c2d7000 rw-p 00000000 00:00 0
7fb61c2d7000-7fb620000000 ---p 00000000 00:00 0
7fb620000000-7fb620021000 rw-p 00000000 00:00 0
7fb620021000-7fb624000000 ---p 00000000 00:00 0
7fb624000000-7fb624021000 rw-p 00000000 00:00 0
7fb624021000-7fb628000000 ---p 00000000 00:00 0
7fb628000000-7fb628021000 rw-p 00000000 00:00 0
7fb628021000-7fb62c000000 ---p 00000000 00:00 0
7fb62c000000-7fb62c021000 rw-p 00000000 00:00 0
7fb62c021000-7fb630000000 ---p 00000000 00:00 0
7fb630000000-7fb630021000 rw-p 00000000 00:00 0
7fb630021000-7fb634000000 ---p 00000000 00:00 0
7fb634000000-7fb634021000 rw-p 00000000 00:00 0
7fb634021000-7fb638000000 ---p 00000000 00:00 0
7fb638000000-7fb638021000 rw-p 00000000 00:00 0
7fb638021000-7fb63c000000 ---p 00000000 00:00 0
7fb63c000000-7fb63c021000 rw-p 00000000 00:00 0
7fb63c021000-7fb640000000 ---p 00000000 00:00 0
7fb640000000-7fb640021000 rw-p 00000000 00:00 0
7fb640021000-7fb644000000 ---p 00000000 00:00 0
7fb644d10000-7fb644e11000 rw-p 00000000 00:00 0
7fb644e20000-7fb644f21000 rw-p 00000000 00:00 0
7fb644f30000-7fb645030000 rw-p 00000000 00:00 0
7fb645030000-7fb645130000 ---p 00000000 00:00 0
7fb645130000-7fb645330000 rw-p 00000000 00:00 0
7fb645330000-7fb645331000 ---p 00000000 00:00 0
7fb645331000-7fb645432000 rw-p 00000000 00:00 0
7fb645440000-7fb645441000 ---p 00000000 00:00 0
7fb645441000-7fb645542000 rw-p 00000000 00:00 0
7fb645550000-7fb645554000 ---p 00000000 00:00 0
7fb645554000-7fb645651000 rw-p 00000000 00:00 0
7fb645660000-7fb645661000 ---p 00000000 00:00 0
7fb645661000-7fb645762000 rw-p 00000000 00:00 0
7fb645770000-7fb645774000 ---p 00000000 00:00 0
7fb645774000-7fb645871000 rw-p 00000000 00:00 0
7fb645880000-7fb645884000 ---p 00000000 00:00 0
7fb645884000-7fb645981000 rw-p 00000000 00:00 0
7fb645990000-7fb645994000 ---p 00000000 00:00 0
7fb645994000-7fb645a91000 rw-p 00000000 00:00 0
7fb645aa0000-7fb645aa4000 ---p 00000000 00:00 0
7fb645aa4000-7fb645ba1000 rw-p 00000000 00:00 0
7fb645ba7000-7fb645d1a000 r--p 00000000 00:00 185857             /usr/lib/locale/C.UTF-8/LC_COLLATE
7fb645d1a000-7fb646000000 r--p 00000000 00:00 185871             /usr/lib/locale/locale-archive
7fb646000000-7fb648021000 rw-p 00000000 00:00 0
7fb648021000-7fb64c000000 ---p 00000000 00:00 0
7fb64c090000-7fb64c094000 ---p 00000000 00:00 0
7fb64c094000-7fb64c191000 rw-p 00000000 00:00 0
7fb64c1a0000-7fb64c398000 rw-p 00000000 00:00 0
7fb64c398000-7fb64e0c8000 ---p 00000000 00:00 0
7fb64e0c8000-7fb64e2c8000 rw-p 00000000 00:00 0
7fb64e2c8000-7fb64fff8000 ---p 00000000 00:00 0
7fb64fff8000-7fb650021000 rw-p 00000000 00:00 0
7fb650021000-7fb654000000 ---p 00000000 00:00 0
7fb654010000-7fb654810000 rw-p 00000000 00:00 0
7fb654810000-7fb654a80000 rwxp 00000000 00:00 0
7fb654a80000-7fb654f44000 ---p 00000000 00:00 0
7fb654f44000-7fb655234000 rwxp 00000000 00:00 0
7fb655234000-7fb663810000 ---p 00000000 00:00 0
7fb66381e000-7fb66c000000 r--s 00000000 00:00 1320005            /usr/lib/jvm/java-11-openjdk-amd64/lib/modules
7fb66c000000-7fb66c4a7000 rw-p 00000000 00:00 0
7fb66c4a7000-7fb670000000 ---p 00000000 00:00 0
7fb670000000-7fb670031000 rw-p 00000000 00:00 0
7fb670040000-7fb670044000 r--p 00000000 00:00 1319995            /usr/lib/jvm/java-11-openjdk-amd64/lib/libnet.so
7fb670044000-7fb670052000 r-xp 00004000 00:00 1319995            /usr/lib/jvm/java-11-openjdk-amd64/lib/libnet.so
7fb670052000-7fb670056000 r--p 00012000 00:00 1319995            /usr/lib/jvm/java-11-openjdk-amd64/lib/libnet.so
7fb670056000-7fb670057000 r--p 00015000 00:00 1319995            /usr/lib/jvm/java-11-openjdk-amd64/lib/libnet.so
7fb670057000-7fb670058000 rw-p 00016000 00:00 1319995            /usr/lib/jvm/java-11-openjdk-amd64/lib/libnet.so
7fb670060000-7fb670067000 r--p 00000000 00:00 1319996            /usr/lib/jvm/java-11-openjdk-amd64/lib/libnio.so
7fb670067000-7fb67006f000 r-xp 00007000 00:00 1319996            /usr/lib/jvm/java-11-openjdk-amd64/lib/libnio.so
7fb67006f000-7fb670072000 r--p 0000f000 00:00 1319996            /usr/lib/jvm/java-11-openjdk-amd64/lib/libnio.so
7fb670072000-7fb670073000 r--p 00011000 00:00 1319996            /usr/lib/jvm/java-11-openjdk-amd64/lib/libnio.so
7fb670073000-7fb670074000 rw-p 00012000 00:00 1319996            /usr/lib/jvm/java-11-openjdk-amd64/lib/libnio.so
7fb67007e000-7fb6700b0000 r--p 00000000 00:00 185859             /usr/lib/locale/C.UTF-8/LC_CTYPE
7fb6700b0000-7fb6700b4000 ---p 00000000 00:00 0
7fb6700b4000-7fb6701b1000 rw-p 00000000 00:00 0
7fb6701c0000-7fb6701c1000 ---p 00000000 00:00 0
7fb6701c1000-7fb6702c2000 rw-p 00000000 00:00 0
7fb6702d0000-7fb670351000 rw-p 00000000 00:00 0
7fb670360000-7fb6703bb000 rw-p 00000000 00:00 0
7fb6703c0000-7fb6703e8000 rw-p 00000000 00:00 0
7fb6703f0000-7fb670411000 rw-p 00000000 00:00 0
7fb670420000-7fb670441000 rw-p 00000000 00:00 0
7fb670450000-7fb670451000 ---p 00000000 00:00 0
7fb670451000-7fb670552000 rw-p 00000000 00:00 0
7fb670560000-7fb670561000 ---p 00000000 00:00 0
7fb670561000-7fb670662000 rw-p 00000000 00:00 0
7fb670670000-7fb670771000 rw-p 00000000 00:00 0
7fb670780000-7fb670881000 rw-p 00000000 00:00 0
7fb670890000-7fb670991000 rw-p 00000000 00:00 0
7fb6709a0000-7fb670aa1000 rw-p 00000000 00:00 0
7fb670ab0000-7fb670bb1000 rw-p 00000000 00:00 0
7fb670bc0000-7fb670cc1000 rw-p 00000000 00:00 0
7fb670cd0000-7fb670dd1000 rw-p 00000000 00:00 0
7fb670de0000-7fb670ee1000 rw-p 00000000 00:00 0
7fb670ef0000-7fb670ef1000 ---p 00000000 00:00 0
7fb670ef1000-7fb670ff2000 rw-p 00000000 00:00 0
7fb671000000-7fb671001000 ---p 00000000 00:00 0
7fb671001000-7fb671102000 rw-p 00000000 00:00 0
7fb671110000-7fb671191000 rw-p 00000000 00:00 0
7fb6711a0000-7fb6711df000 rw-p 00000000 00:00 0
7fb6711df000-7fb671585000 ---p 00000000 00:00 0
7fb671585000-7fb671586000 rw-p 00000000 00:00 0
7fb671590000-7fb6715cf000 rw-p 00000000 00:00 0
7fb6715cf000-7fb671975000 ---p 00000000 00:00 0
7fb671975000-7fb671976000 rw-p 00000000 00:00 0
7fb671980000-7fb6719bf000 rw-p 00000000 00:00 0
7fb6719bf000-7fb671d65000 ---p 00000000 00:00 0
7fb671d65000-7fb671d66000 rw-p 00000000 00:00 0
7fb671d70000-7fb671e71000 rw-p 00000000 00:00 0
7fb671e80000-7fb671f81000 rw-p 00000000 00:00 0
7fb671f90000-7fb672091000 rw-p 00000000 00:00 0
7fb6720a0000-7fb6721a1000 rw-p 00000000 00:00 0
7fb6721b0000-7fb6722b1000 rw-p 00000000 00:00 0
7fb6722c0000-7fb6723c1000 rw-p 00000000 00:00 0
7fb6723d0000-7fb6724d1000 rw-p 00000000 00:00 0
7fb6724e0000-7fb6725e1000 rw-p 00000000 00:00 0
7fb6725f0000-7fb6725f1000 ---p 00000000 00:00 0
7fb6725f1000-7fb6726f2000 rw-p 00000000 00:00 0
7fb672700000-7fb672706000 rw-p 00000000 00:00 0
7fb672706000-7fb6728d2000 ---p 00000000 00:00 0
7fb6728e0000-7fb6728e5000 rw-p 00000000 00:00 0
7fb6728e5000-7fb6728ef000 ---p 00000000 00:00 0
7fb6728f0000-7fb672921000 rw-p 00000000 00:00 0
7fb67292d000-7fb672a40000 r--s 00e59000 00:00 1320226            /usr/share/java/leiningen-2.9.1.jar
7fb672a40000-7fb672a42000 r--p 00000000 00:00 1320004            /usr/lib/jvm/java-11-openjdk-amd64/lib/libzip.so
7fb672a42000-7fb672a47000 r-xp 00002000 00:00 1320004            /usr/lib/jvm/java-11-openjdk-amd64/lib/libzip.so
7fb672a47000-7fb672a49000 r--p 00007000 00:00 1320004            /usr/lib/jvm/java-11-openjdk-amd64/lib/libzip.so
7fb672a49000-7fb672a4a000 r--p 00008000 00:00 1320004            /usr/lib/jvm/java-11-openjdk-amd64/lib/libzip.so
7fb672a4a000-7fb672a4b000 rw-p 00009000 00:00 1320004            /usr/lib/jvm/java-11-openjdk-amd64/lib/libzip.so
7fb672a50000-7fb672a53000 r--p 00000000 00:00 459934             /usr/lib/x86_64-linux-gnu/libnss_files-2.31.so
7fb672a53000-7fb672a5a000 r-xp 00003000 00:00 459934             /usr/lib/x86_64-linux-gnu/libnss_files-2.31.so
7fb672a5a000-7fb672a5c000 r--p 0000a000 00:00 459934             /usr/lib/x86_64-linux-gnu/libnss_files-2.31.so
7fb672a5c000-7fb672a5d000 r--p 0000b000 00:00 459934             /usr/lib/x86_64-linux-gnu/libnss_files-2.31.so
7fb672a5d000-7fb672a5e000 rw-p 0000c000 00:00 459934             /usr/lib/x86_64-linux-gnu/libnss_files-2.31.so
7fb672a5e000-7fb672a64000 rw-p 00000000 00:00 0
7fb672a70000-7fb672a71000 ---p 00000000 00:00 0
7fb672a71000-7fb672a72000 r--p 00000000 00:00 0
7fb672a80000-7fb672a82000 r--p 00000000 00:00 1319987            /usr/lib/jvm/java-11-openjdk-amd64/lib/libjimage.so
7fb672a82000-7fb672a85000 r-xp 00002000 00:00 1319987            /usr/lib/jvm/java-11-openjdk-amd64/lib/libjimage.so
7fb672a85000-7fb672a86000 r--p 00005000 00:00 1319987            /usr/lib/jvm/java-11-openjdk-amd64/lib/libjimage.so
7fb672a86000-7fb672a87000 ---p 00006000 00:00 1319987            /usr/lib/jvm/java-11-openjdk-amd64/lib/libjimage.so
7fb672a87000-7fb672a88000 r--p 00006000 00:00 1319987            /usr/lib/jvm/java-11-openjdk-amd64/lib/libjimage.so
7fb672a88000-7fb672a89000 rw-p 00007000 00:00 1319987            /usr/lib/jvm/java-11-openjdk-amd64/lib/libjimage.so
7fb672a90000-7fb672a9e000 r--p 00000000 00:00 1319984            /usr/lib/jvm/java-11-openjdk-amd64/lib/libjava.so
7fb672a9e000-7fb672ab4000 r-xp 0000e000 00:00 1319984            /usr/lib/jvm/java-11-openjdk-amd64/lib/libjava.so
7fb672ab4000-7fb672abb000 r--p 00024000 00:00 1319984            /usr/lib/jvm/java-11-openjdk-amd64/lib/libjava.so
7fb672abb000-7fb672abc000 r--p 0002a000 00:00 1319984            /usr/lib/jvm/java-11-openjdk-amd64/lib/libjava.so
7fb672abc000-7fb672abd000 rw-p 0002b000 00:00 1319984            /usr/lib/jvm/java-11-openjdk-amd64/lib/libjava.so
7fb672abd000-7fb672abe000 rw-p 00000000 00:00 0
7fb672ac0000-7fb672ac5000 r--p 00000000 00:00 1320003            /usr/lib/jvm/java-11-openjdk-amd64/lib/libverify.so
7fb672ac5000-7fb672acc000 r-xp 00005000 00:00 1320003            /usr/lib/jvm/java-11-openjdk-amd64/lib/libverify.so
7fb672acc000-7fb672ace000 r--p 0000c000 00:00 1320003            /usr/lib/jvm/java-11-openjdk-amd64/lib/libverify.so
7fb672ace000-7fb672acf000 ---p 0000e000 00:00 1320003            /usr/lib/jvm/java-11-openjdk-amd64/lib/libverify.so
7fb672acf000-7fb672ad1000 r--p 0000e000 00:00 1320003            /usr/lib/jvm/java-11-openjdk-amd64/lib/libverify.so
7fb672ad1000-7fb672ad2000 rw-p 00010000 00:00 1320003            /usr/lib/jvm/java-11-openjdk-amd64/lib/libverify.so
7fb672ae0000-7fb672ae2000 r--p 00000000 00:00 523573             /usr/lib/x86_64-linux-gnu/librt-2.31.so
7fb672ae2000-7fb672ae6000 r-xp 00002000 00:00 523573             /usr/lib/x86_64-linux-gnu/librt-2.31.so
7fb672ae6000-7fb672ae8000 r--p 00006000 00:00 523573             /usr/lib/x86_64-linux-gnu/librt-2.31.so
7fb672ae8000-7fb672ae9000 r--p 00007000 00:00 523573             /usr/lib/x86_64-linux-gnu/librt-2.31.so
7fb672ae9000-7fb672aea000 rw-p 00008000 00:00 523573             /usr/lib/x86_64-linux-gnu/librt-2.31.so
7fb672af0000-7fb672af4000 ---p 00000000 00:00 0
7fb672af4000-7fb672bf1000 rw-p 00000000 00:00 0
7fb672c00000-7fb672c03000 r--p 00000000 00:00 195059             /usr/lib/x86_64-linux-gnu/libgcc_s.so.1
7fb672c03000-7fb672c15000 r-xp 00003000 00:00 195059             /usr/lib/x86_64-linux-gnu/libgcc_s.so.1
7fb672c15000-7fb672c19000 r--p 00015000 00:00 195059             /usr/lib/x86_64-linux-gnu/libgcc_s.so.1
7fb672c19000-7fb672c1a000 r--p 00018000 00:00 195059             /usr/lib/x86_64-linux-gnu/libgcc_s.so.1
7fb672c1a000-7fb672c1b000 rw-p 00019000 00:00 195059             /usr/lib/x86_64-linux-gnu/libgcc_s.so.1
7fb672c21000-7fb672c2e000 r--p 00000000 00:00 456618             /usr/lib/x86_64-linux-gnu/libm-2.31.so
7fb672c2e000-7fb672cd5000 r-xp 0000d000 00:00 456618             /usr/lib/x86_64-linux-gnu/libm-2.31.so
7fb672cd5000-7fb672d6e000 r--p 000b4000 00:00 456618             /usr/lib/x86_64-linux-gnu/libm-2.31.so
7fb672d6e000-7fb672d6f000 r--p 0014c000 00:00 456618             /usr/lib/x86_64-linux-gnu/libm-2.31.so
7fb672d6f000-7fb672d70000 rw-p 0014d000 00:00 456618             /usr/lib/x86_64-linux-gnu/libm-2.31.so
7fb672d70000-7fb672e06000 r--p 00000000 00:00 195369             /usr/lib/x86_64-linux-gnu/libstdc++.so.6.0.28
7fb672e06000-7fb672ef7000 r-xp 00096000 00:00 195369             /usr/lib/x86_64-linux-gnu/libstdc++.so.6.0.28
7fb672ef7000-7fb672f40000 r--p 00187000 00:00 195369             /usr/lib/x86_64-linux-gnu/libstdc++.so.6.0.28
7fb672f40000-7fb672f41000 ---p 001d0000 00:00 195369             /usr/lib/x86_64-linux-gnu/libstdc++.so.6.0.28
7fb672f41000-7fb672f4c000 r--p 001d0000 00:00 195369             /usr/lib/x86_64-linux-gnu/libstdc++.so.6.0.28
7fb672f4c000-7fb672f4f000 rw-p 001db000 00:00 195369             /usr/lib/x86_64-linux-gnu/libstdc++.so.6.0.28
7fb672f4f000-7fb672f52000 rw-p 00000000 00:00 0
7fb672f60000-7fb6731e2000 r--p 00000000 00:00 1320011            /usr/lib/jvm/java-11-openjdk-amd64/lib/server/libjvm.so
7fb6731e2000-7fb673e68000 r-xp 00282000 00:00 1320011            /usr/lib/jvm/java-11-openjdk-amd64/lib/server/libjvm.so
7fb673e68000-7fb6740c4000 r--p 00f08000 00:00 1320011            /usr/lib/jvm/java-11-openjdk-amd64/lib/server/libjvm.so
7fb6740c4000-7fb674188000 r--p 01163000 00:00 1320011            /usr/lib/jvm/java-11-openjdk-amd64/lib/server/libjvm.so
7fb674188000-7fb6741c3000 rw-p 01227000 00:00 1320011            /usr/lib/jvm/java-11-openjdk-amd64/lib/server/libjvm.so
7fb6741c3000-7fb67421a000 rw-p 00000000 00:00 0
7fb674220000-7fb674222000 rw-p 00000000 00:00 0
7fb67422d000-7fb674233000 r--p 00000000 00:00 465349             /usr/lib/x86_64-linux-gnu/libpthread-2.31.so
7fb674233000-7fb674244000 r-xp 00006000 00:00 465349             /usr/lib/x86_64-linux-gnu/libpthread-2.31.so
7fb674244000-7fb67424a000 r--p 00017000 00:00 465349             /usr/lib/x86_64-linux-gnu/libpthread-2.31.so
7fb67424a000-7fb67424b000 r--p 0001c000 00:00 465349             /usr/lib/x86_64-linux-gnu/libpthread-2.31.so
7fb67424b000-7fb67424c000 rw-p 0001d000 00:00 465349             /usr/lib/x86_64-linux-gnu/libpthread-2.31.so
7fb67424c000-7fb674250000 rw-p 00000000 00:00 0
7fb674250000-7fb674251000 r--p 00000000 00:00 456617             /usr/lib/x86_64-linux-gnu/libdl-2.31.so
7fb674251000-7fb674253000 r-xp 00001000 00:00 456617             /usr/lib/x86_64-linux-gnu/libdl-2.31.so
7fb674253000-7fb674254000 r--p 00003000 00:00 456617             /usr/lib/x86_64-linux-gnu/libdl-2.31.so
7fb674254000-7fb674255000 r--p 00003000 00:00 456617             /usr/lib/x86_64-linux-gnu/libdl-2.31.so
7fb674255000-7fb674256000 rw-p 00004000 00:00 456617             /usr/lib/x86_64-linux-gnu/libdl-2.31.so
7fb674260000-7fb674262000 r--p 00000000 00:00 194560             /usr/lib/x86_64-linux-gnu/libz.so.1.2.11
7fb674262000-7fb674273000 r-xp 00002000 00:00 194560             /usr/lib/x86_64-linux-gnu/libz.so.1.2.11
7fb674273000-7fb674279000 r--p 00013000 00:00 194560             /usr/lib/x86_64-linux-gnu/libz.so.1.2.11
7fb674279000-7fb67427a000 ---p 00019000 00:00 194560             /usr/lib/x86_64-linux-gnu/libz.so.1.2.11
7fb67427a000-7fb67427b000 r--p 00019000 00:00 194560             /usr/lib/x86_64-linux-gnu/libz.so.1.2.11
7fb67427b000-7fb67427c000 rw-p 0001a000 00:00 194560             /usr/lib/x86_64-linux-gnu/libz.so.1.2.11
7fb674280000-7fb6742a2000 r--p 00000000 00:00 456616             /usr/lib/x86_64-linux-gnu/libc-2.31.so
7fb6742a2000-7fb67441a000 r-xp 00022000 00:00 456616             /usr/lib/x86_64-linux-gnu/libc-2.31.so
7fb67441a000-7fb674468000 r--p 0019a000 00:00 456616             /usr/lib/x86_64-linux-gnu/libc-2.31.so
7fb674468000-7fb67446c000 r--p 001e7000 00:00 456616             /usr/lib/x86_64-linux-gnu/libc-2.31.so
7fb67446c000-7fb67446e000 rw-p 001eb000 00:00 456616             /usr/lib/x86_64-linux-gnu/libc-2.31.so
7fb67446e000-7fb674472000 rw-p 00000000 00:00 0
7fb674480000-7fb674483000 r--p 00000000 00:00 1319969            /usr/lib/jvm/java-11-openjdk-amd64/lib/jli/libjli.so
7fb674483000-7fb67448d000 r-xp 00003000 00:00 1319969            /usr/lib/jvm/java-11-openjdk-amd64/lib/jli/libjli.so
7fb67448d000-7fb674490000 r--p 0000d000 00:00 1319969            /usr/lib/jvm/java-11-openjdk-amd64/lib/jli/libjli.so
7fb674490000-7fb674491000 ---p 00010000 00:00 1319969            /usr/lib/jvm/java-11-openjdk-amd64/lib/jli/libjli.so
7fb674491000-7fb674492000 r--p 00010000 00:00 1319969            /usr/lib/jvm/java-11-openjdk-amd64/lib/jli/libjli.so
7fb674492000-7fb674493000 rw-p 00011000 00:00 1319969            /usr/lib/jvm/java-11-openjdk-amd64/lib/jli/libjli.so
7fb674493000-7fb674494000 r--p 00000000 00:00 185867             /usr/lib/locale/C.UTF-8/LC_NUMERIC
7fb674494000-7fb674495000 r--p 00000000 00:00 185870             /usr/lib/locale/C.UTF-8/LC_TIME
7fb674495000-7fb674496000 r--p 00000000 00:00 185865             /usr/lib/locale/C.UTF-8/LC_MONETARY
7fb674496000-7fb674497000 r--p 00000000 00:00 185863             /usr/lib/locale/C.UTF-8/LC_MESSAGES/SYS_LC_MESSAGES
7fb674497000-7fb674498000 r--p 00000000 00:00 185868             /usr/lib/locale/C.UTF-8/LC_PAPER
7fb674498000-7fb674499000 r--p 00000000 00:00 185866             /usr/lib/locale/C.UTF-8/LC_NAME
7fb674499000-7fb6744a0000 r--s 00000000 00:00 849585             /usr/lib/x86_64-linux-gnu/gconv/gconv-modules.cache
7fb6744a0000-7fb6744a1000 r--p 00000000 00:00 456611             /usr/lib/x86_64-linux-gnu/ld-2.31.so
7fb6744a1000-7fb6744c3000 r-xp 00001000 00:00 456611             /usr/lib/x86_64-linux-gnu/ld-2.31.so
7fb6744c3000-7fb6744c4000 r-xp 00023000 00:00 456611             /usr/lib/x86_64-linux-gnu/ld-2.31.so
7fb6744c4000-7fb6744cb000 r--p 00024000 00:00 456611             /usr/lib/x86_64-linux-gnu/ld-2.31.so
7fb6744cb000-7fb6744cc000 r--p 0002b000 00:00 456611             /usr/lib/x86_64-linux-gnu/ld-2.31.so
7fb6744cc000-7fb6744cd000 r--p 00000000 00:00 185856             /usr/lib/locale/C.UTF-8/LC_ADDRESS
7fb6744cd000-7fb6744ce000 r--p 0002c000 00:00 456611             /usr/lib/x86_64-linux-gnu/ld-2.31.so
7fb6744ce000-7fb6744cf000 rw-p 0002d000 00:00 456611             /usr/lib/x86_64-linux-gnu/ld-2.31.so
7fb6744cf000-7fb6744d2000 rw-p 00000000 00:00 0
7fb6744d2000-7fb6744d3000 r--p 00000000 00:00 185869             /usr/lib/locale/C.UTF-8/LC_TELEPHONE
7fb6744d3000-7fb6744d4000 r--p 00000000 00:00 185861             /usr/lib/locale/C.UTF-8/LC_MEASUREMENT
7fb6744d4000-7fb6744d5000 r--p 00000000 00:00 185860             /usr/lib/locale/C.UTF-8/LC_IDENTIFICATION
7fb6744d5000-7fb6744d7000 r--s 0000c000 00:00 1320243            /usr/share/java/java-atk-wrapper.jar
7fb6744d7000-7fb6744df000 rw-s 00000000 00:00 538662             /tmp/hsperfdata_diego/16914
7fb6744df000-7fb6744e0000 r--p 00000000 00:00 1319846            /usr/lib/jvm/java-11-openjdk-amd64/bin/java
7fb6744e0000-7fb6744e1000 r-xp 00001000 00:00 1319846            /usr/lib/jvm/java-11-openjdk-amd64/bin/java
7fb6744e1000-7fb6744e2000 r--p 00002000 00:00 1319846            /usr/lib/jvm/java-11-openjdk-amd64/bin/java
7fb6744e2000-7fb6744e3000 r--p 00002000 00:00 1319846            /usr/lib/jvm/java-11-openjdk-amd64/bin/java
7fb6744e3000-7fb6744e4000 rw-p 00003000 00:00 1319846            /usr/lib/jvm/java-11-openjdk-amd64/bin/java
7fffe1474000-7fffe1495000 rw-p 00000000 00:00 0                  [heap]
7fffe7c60000-7fffe8460000 rw-p 00000000 00:00 0                  [stack]
7fffe874b000-7fffe874c000 r-xp 00000000 00:00 0                  [vdso]


VM Arguments:
jvm_args: -Dfile.encoding=UTF-8 -Dmaven.wagon.http.ssl.easy=false -Dmaven.wagon.rto=10000 -Xbootclasspath/a:/usr/share/java/leiningen-2.9.1.jar -Xverify:none -XX:+TieredCompilation -XX:TieredStopAtLevel=1 -Dleiningen.input-checksum= -Dleiningen.original.pwd=/mnt/c/Users/Diego/Documents/Diego/Tec/Metodos-Computacionales/Tercer periodo/Clojure/vending-machine -Dleiningen.script=/usr/bin/lein 
java_command: clojure.main -m leiningen.core.main repl
java_class_path (initial): :/usr/share/java/leiningen-2.9.1.jar
Launcher Type: SUN_STANDARD

[Global flags]
     bool BytecodeVerificationLocal                = false                                     {product} {command line}
     bool BytecodeVerificationRemote               = false                                     {product} {command line}
     intx CICompilerCount                          = 4                                         {product} {ergonomic}
     uint ConcGCThreads                            = 2                                         {product} {ergonomic}
     uint G1ConcRefinementThreads                  = 8                                         {product} {ergonomic}
   size_t G1HeapRegionSize                         = 1048576                                   {product} {ergonomic}
    uintx GCDrainStackTargetSize                   = 64                                        {product} {ergonomic}
   size_t InitialHeapSize                          = 132120576                                 {product} {ergonomic}
   size_t MarkStackSize                            = 4194304                                   {product} {ergonomic}
   size_t MaxHeapSize                              = 2092957696                                {product} {ergonomic}
   size_t MaxNewSize                               = 1255145472                                {product} {ergonomic}
   size_t MinHeapDeltaBytes                        = 1048576                                   {product} {ergonomic}
    uintx NonNMethodCodeHeapSize                   = 7549744                                {pd product} {ergonomic}
    uintx NonProfiledCodeHeapSize                  = 244108496                              {pd product} {ergonomic}
    uintx ProfiledCodeHeapSize                     = 0                                      {pd product} {ergonomic}
    uintx ReservedCodeCacheSize                    = 251658240                              {pd product} {ergonomic}
     bool SegmentedCodeCache                       = true                                      {product} {ergonomic}
     bool TieredCompilation                        = true                                   {pd product} {command line}
     intx TieredStopAtLevel                        = 1                                         {product} {command line}
     bool UseCompressedClassPointers               = true                                 {lp64_product} {ergonomic}
     bool UseCompressedOops                        = true                                 {lp64_product} {ergonomic}
     bool UseG1GC                                  = true                                      {product} {ergonomic}

Logging:
Log output configuration:
 #0: stdout all=warning uptime,level,tags
 #1: stderr all=off uptime,level,tags

Environment Variables:
PATH=/home/diego/.vscode-server/bin/4af164ea3a06f701fe3e89a2bcbb421d2026b68f/bin/remote-cli:/usr/local/sbin:/usr/local/bin:/usr/sbin:/usr/bin:/sbin:/bin:/usr/games:/usr/local/games:/mnt/c/Windows/system32:/mnt/c/Windows:/mnt/c/Windows/System32/Wbem:/mnt/c/Windows/System32/WindowsPowerShell/v1.0/:/mnt/c/Windows/System32/OpenSSH/:/mnt/c/Program Files/Git/cmd:/mnt/c/Program Files/Microsoft SQL Server/150/Tools/Binn/:/mnt/c/Program Files/Microsoft SQL Server/Client SDK/ODBC/170/Tools/Binn/:/mnt/c/Program Files/dotnet/:/mnt/c/Program Files/PuTTY/:/mnt/c/Program Files/nodejs/:/mnt/c/Users/Diego/AppData/Local/Microsoft/WindowsApps:/mnt/c/Users/Diego/AppData/Local/Programs/Microsoft VS Code/bin:/mnt/c/w64devkit/bin:/mnt/c/Program Files/heroku/bin:/mnt/c/Users/Diego/.dotnet/tools:/mnt/c/Users/Diego/AppData/Roaming/npm:/snap/bin
SHELL=/bin/bash
HOSTTYPE=x86_64
LANG=C.UTF-8

Signal Handlers:
SIGSEGV: [libjvm.so+0xe95100], sa_mask[0]=11111111111111111111111111111110, sa_flags=SA_RESTART|SA_SIGINFO
SIGBUS: [libjvm.so+0xe95100], sa_mask[0]=11111111111111111111111111111110, sa_flags=SA_RESTART|SA_SIGINFO
SIGFPE: [libjvm.so+0xe95100], sa_mask[0]=11111111111111111111111111111110, sa_flags=SA_RESTART|SA_SIGINFO
SIGPIPE: [libjvm.so+0xbdca50], sa_mask[0]=11111111111111111111111111111110, sa_flags=SA_RESTART|SA_SIGINFO
SIGXFSZ: [libjvm.so+0xbdca50], sa_mask[0]=11111111111111111111111111111110, sa_flags=SA_RESTART|SA_SIGINFO
SIGILL: [libjvm.so+0xe95100], sa_mask[0]=11111111111111111111111111111110, sa_flags=SA_RESTART|SA_SIGINFO
SIGUSR2: [libjvm.so+0xbdc8f0], sa_mask[0]=00000000000000000000000000000000, sa_flags=SA_RESTART|SA_SIGINFO
SIGHUP: [libjvm.so+0xbdcd90], sa_mask[0]=11111111111111111111111111111110, sa_flags=SA_RESTART|SA_SIGINFO
SIGINT: [libjvm.so+0xbdcd90], sa_mask[0]=11111111111111111111111111111110, sa_flags=SA_RESTART|SA_SIGINFO
SIGTERM: [libjvm.so+0xbdcd90], sa_mask[0]=11111111111111111111111111111110, sa_flags=SA_RESTART|SA_SIGINFO
SIGQUIT: [libjvm.so+0xbdcd90], sa_mask[0]=11111111111111111111111111111110, sa_flags=SA_RESTART|SA_SIGINFO


---------------  S Y S T E M  ---------------

OS:DISTRIB_ID=Ubuntu
DISTRIB_RELEASE=20.04
DISTRIB_CODENAME=focal
DISTRIB_DESCRIPTION="Ubuntu 20.04.3 LTS"
uname:Linux 4.4.0-19041-Microsoft #1237-Microsoft Sat Sep 11 14:32:00 PST 2021 x86_64
OS uptime: 2 days 9:41 hours
libc:glibc 2.31 NPTL 2.31 
rlimit (soft/hard): STACK 8192k/8192k , CORE 0k/infinity , NPROC 7823/7823 , NOFILE 65536/65536 , AS infinity/infinity , CPU infinity/infinity , DATA infinity/infinity , FSIZE infinity/infinity , MEMLOCK 64k/64k
load average:0.52 0.58 0.59

/proc/meminfo:
MemTotal:        8170996 kB
MemFree:          574324 kB
Buffers:           34032 kB
Cached:           188576 kB
SwapCached:            0 kB
Active:           167556 kB
Inactive:         157876 kB
Active(anon):     103104 kB
Inactive(anon):    17440 kB
Active(file):      64452 kB
Inactive(file):   140436 kB
Unevictable:           0 kB
Mlocked:               0 kB
SwapTotal:      25165824 kB
SwapFree:       15213188 kB
Dirty:                 0 kB
Writeback:             0 kB
AnonPages:        102824 kB
Mapped:            71404 kB
Shmem:             17720 kB
Slab:              13868 kB
SReclaimable:       6744 kB
SUnreclaim:         7124 kB
KernelStack:        2848 kB
PageTables:         2524 kB
NFS_Unstable:          0 kB
Bounce:                0 kB
WritebackTmp:          0 kB
CommitLimit:      515524 kB
Committed_AS:    3450064 kB
VmallocTotal:     122880 kB
VmallocUsed:       21296 kB
VmallocChunk:      66044 kB
HardwareCorrupted:     0 kB
AnonHugePages:      2048 kB
HugePages_Total:       0
HugePages_Free:        0
HugePages_Rsvd:        0
HugePages_Surp:        0
Hugepagesize:       2048 kB
DirectMap4k:       12280 kB
DirectMap4M:      897024 kB

/sys/kernel/mm/transparent_hugepage/enabled:
<Not Available>
/sys/kernel/mm/transparent_hugepage/defrag (defrag/compaction efforts parameter):
<Not Available>

Process Memory:
Virtual Size: 4940648K (peak: 0K)
Resident Set Size: 121572K (peak: 0K)
C-Heap outstanding allocations: 7940K

/proc/sys/kernel/threads-max (system-wide limit on the number of threads):
32768
/proc/sys/vm/max_map_count (maximum number of memory map areas a process may have):
<Not Available>
/proc/sys/kernel/pid_max (system-wide limit on number of process identifiers):
32768

Steal ticks since vm start: 0
Steal ticks percentage since vm start:  0.000

CPU:total 8 (initial active 8) (4 cores per cpu, 2 threads per core) family 6 model 142 stepping 12 microcode 0xffffffff, cmov, cx8, fxsr, mmx, sse, sse2, sse3, ssse3, sse4.1, sse4.2, popcnt, avx, avx2, aes, clmul, erms, 3dnowpref, lzcnt, ht, tsc, tscinvbit, bmi1, bmi2, adx, fma
CPU Model and flags from /proc/cpuinfo:
model name	: Intel(R) Core(TM) i5-10210U CPU @ 1.60GHz
flags		: fpu vme de pse tsc msr pae mce cx8 apic sep mtrr pge mca cmov pat pse36 clflush dts acpi mmx fxsr sse sse2 ss ht tm pbe syscall nx pdpe1gb rdtscp lm pni pclmulqdq dtes64 monitor ds_cpl vmx est tm2 ssse3 fma cx16 xtpr pdcm pcid sse4_1 sse4_2 x2apic movbe popcnt tsc_deadline_timer aes xsave osxsave avx f16c rdrand lahf_lm abm 3dnowprefetch fsgsbase tsc_adjust bmi1 avx2 smep bmi2 erms invpcid mpx rdseed adx smap clflushopt intel_pt ibrs ibpb stibp ssbd
Online cpus:
0-7
Offline cpus:
<Not Available>
BIOS frequency limitation:
<Not Available>
Frequency switch latency (ns):
<Not Available>
Available cpu frequencies:
<Not Available>
Current governor:
<Not Available>
Core performance/turbo boost:
<Not Available>

Memory: 4k page, physical 8170996k(570144k free), swap 25165824k(15213400k free)

vm_info: OpenJDK 64-Bit Server VM (11.0.15+10-Ubuntu-0ubuntu0.20.04.1) for linux-amd64 JRE (11.0.15+10-Ubuntu-0ubuntu0.20.04.1), built on Apr 23 2022 13:02:10 by "unknown" with gcc 9.4.0

END.
