#
# A fatal error has been detected by the Java Runtime Environment:
#
#  SIGSEGV (0xb) at pc=0x00007f9ced1cb733, pid=16503, tid=16519
#
# JRE version: OpenJDK Runtime Environment (11.0.15+10) (build 11.0.15+10-Ubuntu-0ubuntu0.20.04.1)
# Java VM: OpenJDK 64-Bit Server VM (11.0.15+10-Ubuntu-0ubuntu0.20.04.1, mixed mode, sharing, tiered, compressed oops, g1 gc, linux-amd64)
# Problematic frame:
# C  [libc.so.6+0x18b733]
#
# Core dump will be written. Default location: core.16503 (may not exist)
#
# If you would like to submit a bug report, please visit:
#   Unknown
#

---------------  S U M M A R Y ------------

Command Line: -Dfile.encoding=UTF-8 -XX:-OmitStackTraceInFastThrow -XX:+TieredCompilation -XX:TieredStopAtLevel=1 -Dclojure.compile.path=/mnt/c/Users/Diego/Documents/Diego/Tec/Metodos-Computacionales/Tercer periodo/Clojure/vending-machine/target/default/classes -Dvending-machine.version=0.1.0-SNAPSHOT -Dclojure.debug=false clojure.main -i /tmp/form-init2600257846721728723.clj

Host: Intel(R) Core(TM) i5-10210U CPU @ 1.60GHz, 8 cores, 7G, Ubuntu 20.04.3 LTS
Time: Sun Jun 12 17:57:11 2022 CDT elapsed time: 2.428807 seconds (0d 0h 0m 2s)

---------------  T H R E A D  ---------------

Current thread (0x00007f9ce4132800):  JavaThread "C1 CompilerThread0" daemon [_thread_in_vm, id=16519, stack(0x00007f9cbe800000,0x00007f9cbe901000)]


Current CompileTask:
C1:   2428 2173       1       clojure.core$let::invokeStatic (315 bytes)

Stack: [0x00007f9cbe800000,0x00007f9cbe901000],  sp=0x00007f9cbe8ff008,  free space=1020k
Native frames: (J=compiled Java code, A=aot compiled Java code, j=interpreted, Vv=VM code, C=native code)
C  [libc.so.6+0x18b733]
V  [libjvm.so+0x5da26b]
V  [libjvm.so+0xba417f]
V  [libjvm.so+0xba86ce]
V  [libjvm.so+0x572c0d]
V  [libjvm.so+0x4a6f72]
V  [libjvm.so+0x4a7230]
V  [libjvm.so+0x4a7b71]
V  [libjvm.so+0x624642]
V  [libjvm.so+0x625778]
V  [libjvm.so+0xe2b44f]
V  [libjvm.so+0xe27e70]
V  [libjvm.so+0xbe65f6]


siginfo: si_signo: 11 (SIGSEGV), si_code: 2 (SEGV_ACCERR), si_addr: 0x00007f9ccd30f000

Register to memory mapping:

RAX=0x00007f9ccd30e960 is at entry_point+0 in (nmethod*)0x00007f9ccd30e410
RBX=0x00007f9cbe8ff110 is pointing into the stack for thread: 0x00007f9ce4132800
RCX=0x0000000000002920 is an unknown value
RDX=0x0000000000002fc0 is an unknown value
RSP=0x00007f9cbe8ff008 is pointing into the stack for thread: 0x00007f9ce4132800
RBP=0x00007f9cbe8ff100 is pointing into the stack for thread: 0x00007f9ce4132800
RSI=0x00007f9ccc8743a0 is at code_begin+1696 in 
[CodeBlob (0x00007f9ccc873c90)]
Framesize: 0
BufferBlob (0x00007f9ccc873c90) used for C1 temporary CodeBuffer
RDI=0x00007f9ccd30f000 is at entry_point+1696 in (nmethod*)0x00007f9ccd30e410
R8 =0x00007f9cbe8ff208 is pointing into the stack for thread: 0x00007f9ce4132800
R9 =0x00007f9ccc876cc0 is at code_begin+12224 in 
[CodeBlob (0x00007f9ccc873c90)]
Framesize: 0
BufferBlob (0x00007f9ccc873c90) used for C1 temporary CodeBuffer
R10=0x00007f9cecc52c04: <offset 0x0000000000f32c04> in /usr/lib/jvm/java-11-openjdk-amd64/lib/server/libjvm.so at 0x00007f9cebd20000
R11=0x00007f9ccd30e80c is at entry_point+-340 in (nmethod*)0x00007f9ccd30e410
R12=0x00007f9cbe8ff820 is pointing into the stack for thread: 0x00007f9ce4132800
R13=0x00007f9cbe8ff168 is pointing into the stack for thread: 0x00007f9ce4132800
R14=0x00007f9cbe8ff878 is pointing into the stack for thread: 0x00007f9ce4132800
R15=0x0 is NULL


Registers:
RAX=0x00007f9ccd30e960, RBX=0x00007f9cbe8ff110, RCX=0x0000000000002920, RDX=0x0000000000002fc0
RSP=0x00007f9cbe8ff008, RBP=0x00007f9cbe8ff100, RSI=0x00007f9ccc8743a0, RDI=0x00007f9ccd30f000
R8 =0x00007f9cbe8ff208, R9 =0x00007f9ccc876cc0, R10=0x00007f9cecc52c04, R11=0x00007f9ccd30e80c
R12=0x00007f9cbe8ff820, R13=0x00007f9cbe8ff168, R14=0x00007f9cbe8ff878, R15=0x0000000000000000
RIP=0x00007f9ced1cb733, EFLAGS=0x0000000000010206, CSGSFS=0x00000053002b0033, ERR=0x0000000000000000
  TRAPNO=0x0000000000000000

Top of Stack: (sp=0x00007f9cbe8ff008)
0x00007f9cbe8ff008:   00007f9cec2f9343 0000000000000000
0x00007f9cbe8ff018:   00007f9cbe8ff208 000031c0ffffffff
0x00007f9cbe8ff028:   00007f9ccd30e960 0000000000000860
0x00007f9cbe8ff038:   00007f9c00000051 00000000ffffff85 

Instructions: (pc=0x00007f9ced1cb733)
0x00007f9ced1cb633:   c5 f8 77 c3 66 0f 1f 84 00 00 00 00 00 f3 0f 1e
0x00007f9ced1cb643:   fa 48 39 d1 0f 82 f3 2c fa ff 0f 1f 00 f3 0f 1e
0x00007f9ced1cb653:   fa 48 89 f8 48 01 d0 eb 1b 0f 1f 40 00 f3 0f 1e
0x00007f9ced1cb663:   fa 48 39 d1 0f 82 d3 2c fa ff 0f 1f 00 f3 0f 1e
0x00007f9ced1cb673:   fa 48 89 f8 48 83 fa 20 0f 82 b5 00 00 00 48 83
0x00007f9ced1cb683:   fa 40 0f 87 18 01 00 00 c5 fe 6f 06 c5 fe 6f 4c
0x00007f9ced1cb693:   16 e0 c5 fe 7f 07 c5 fe 7f 4c 17 e0 c5 f8 77 c3
0x00007f9ced1cb6a3:   66 66 2e 0f 1f 84 00 00 00 00 00 66 90 f3 0f 1e
0x00007f9ced1cb6b3:   fa 48 39 d1 0f 82 83 2c fa ff 0f 1f 00 f3 0f 1e
0x00007f9ced1cb6c3:   fa 48 89 f8 48 01 d0 eb 1b 0f 1f 40 00 f3 0f 1e
0x00007f9ced1cb6d3:   fa 48 39 d1 0f 82 63 2c fa ff 0f 1f 00 f3 0f 1e
0x00007f9ced1cb6e3:   fa 48 89 f8 48 83 fa 20 72 49 48 83 fa 40 0f 87
0x00007f9ced1cb6f3:   9f 00 00 00 c5 fe 6f 06 c5 fe 6f 4c 16 e0 c5 fe
0x00007f9ced1cb703:   7f 07 c5 fe 7f 4c 17 e0 c5 f8 77 c3 48 3b 15 a2
0x00007f9ced1cb713:   5d 06 00 0f 83 25 01 00 00 48 39 f7 72 0f 74 12
0x00007f9ced1cb723:   4c 8d 0c 16 4c 39 cf 0f 82 c5 01 00 00 48 89 d1
0x00007f9ced1cb733:   f3 a4 c3 80 fa 10 73 17 80 fa 08 73 27 80 fa 04
0x00007f9ced1cb743:   73 33 80 fa 01 77 3b 72 05 0f b6 0e 88 0f c3 c5
0x00007f9ced1cb753:   fa 6f 06 c5 fa 6f 4c 16 f0 c5 fa 7f 07 c5 fa 7f
0x00007f9ced1cb763:   4c 17 f0 c3 48 8b 4c 16 f8 48 8b 36 48 89 4c 17
0x00007f9ced1cb773:   f8 48 89 37 c3 8b 4c 16 fc 8b 36 89 4c 17 fc 89
0x00007f9ced1cb783:   37 c3 0f b7 4c 16 fe 0f b7 36 66 89 4c 17 fe 66
0x00007f9ced1cb793:   89 37 c3 48 81 fa 00 10 00 00 0f 87 6c ff ff ff
0x00007f9ced1cb7a3:   48 81 fa 00 01 00 00 0f 87 91 00 00 00 48 81 fa
0x00007f9ced1cb7b3:   80 00 00 00 72 5a c5 fe 6f 06 c5 fe 6f 4e 20 c5
0x00007f9ced1cb7c3:   fe 6f 56 40 c5 fe 6f 5e 60 c5 fe 6f 64 16 e0 c5
0x00007f9ced1cb7d3:   fe 6f 6c 16 c0 c5 fe 6f 74 16 a0 c5 fe 6f 7c 16
0x00007f9ced1cb7e3:   80 c5 fe 7f 07 c5 fe 7f 4f 20 c5 fe 7f 57 40 c5
0x00007f9ced1cb7f3:   fe 7f 5f 60 c5 fe 7f 64 17 e0 c5 fe 7f 6c 17 c0
0x00007f9ced1cb803:   c5 fe 7f 74 17 a0 c5 fe 7f 7c 17 80 c5 f8 77 c3
0x00007f9ced1cb813:   c5 fe 6f 06 c5 fe 6f 4e 20 c5 fe 6f 54 16 e0 c5
0x00007f9ced1cb823:   fe 6f 5c 16 c0 c5 fe 7f 07 c5 fe 7f 4f 20 c5 fe 


Stack slot to memory mapping:
stack at sp + 0 slots: 0x00007f9cec2f9343: <offset 0x00000000005d9343> in /usr/lib/jvm/java-11-openjdk-amd64/lib/server/libjvm.so at 0x00007f9cebd20000
stack at sp + 1 slots: 0x0 is NULL
stack at sp + 2 slots: 0x00007f9cbe8ff208 is pointing into the stack for thread: 0x00007f9ce4132800
stack at sp + 3 slots: 0x000031c0ffffffff is an unknown value
stack at sp + 4 slots: 0x00007f9ccd30e960 is at entry_point+0 in (nmethod*)0x00007f9ccd30e410
stack at sp + 5 slots: 0x0000000000000860 is an unknown value
stack at sp + 6 slots: 0x00007f9c00000051 is an unknown value
stack at sp + 7 slots: 0x00000000ffffff85 is an unallocated location in the heap


---------------  P R O C E S S  ---------------

Threads class SMR info:
_java_thread_list=0x00007f9c80002c70, length=11, elements={
0x00007f9ce4016800, 0x00007f9ce4124000, 0x00007f9ce4126000, 0x00007f9ce412e000,
0x00007f9ce4130000, 0x00007f9ce4132800, 0x00007f9ce4134800, 0x00007f9ce4188000,
0x00007f9ce4486000, 0x00007f9ce448a000, 0x00007f9c80001800
}

Java Threads: ( => current thread )
  0x00007f9ce4016800 JavaThread "main" [_thread_blocked, id=16508, stack(0x00007f9ceb8b0000,0x00007f9ceb9b1000)]
  0x00007f9ce4124000 JavaThread "Reference Handler" daemon [_thread_blocked, id=16515, stack(0x00007f9cbf090000,0x00007f9cbf191000)]
  0x00007f9ce4126000 JavaThread "Finalizer" daemon [_thread_blocked, id=16516, stack(0x00007f9cbef80000,0x00007f9cbf081000)]
  0x00007f9ce412e000 JavaThread "Signal Dispatcher" daemon [_thread_blocked, id=16517, stack(0x00007f9cbea20000,0x00007f9cbeb21000)]
  0x00007f9ce4130000 JavaThread "Service Thread" daemon [_thread_blocked, id=16518, stack(0x00007f9cbe910000,0x00007f9cbea11000)]
=>0x00007f9ce4132800 JavaThread "C1 CompilerThread0" daemon [_thread_in_vm, id=16519, stack(0x00007f9cbe800000,0x00007f9cbe901000)]
  0x00007f9ce4134800 JavaThread "Sweeper thread" daemon [_thread_blocked, id=16520, stack(0x00007f9cbe6f0000,0x00007f9cbe7f1000)]
  0x00007f9ce4188000 JavaThread "Common-Cleaner" daemon [_thread_blocked, id=16522, stack(0x00007f9cbe4d0000,0x00007f9cbe5d1000)]
  0x00007f9ce4486000 JavaThread "clojure-agent-send-off-pool-0" [_thread_blocked, id=16602, stack(0x00007f9cbdda0000,0x00007f9cbdea1000)]
  0x00007f9ce448a000 JavaThread "clojure-agent-send-off-pool-1" [_thread_blocked, id=16603, stack(0x00007f9cbdc90000,0x00007f9cbdd91000)]
  0x00007f9c80001800 JavaThread "clojure-agent-send-off-pool-2" [_thread_blocked, id=16604, stack(0x00007f9cbdb80000,0x00007f9cbdc81000)]

Other Threads:
  0x00007f9ce4121000 VMThread "VM Thread" [stack: 0x00007f9cbf1a2000,0x00007f9cbf2a2000] [id=16514]
  0x00007f9ce4185000 WatcherThread [stack: 0x00007f9cbe5e2000,0x00007f9cbe6e2000] [id=16521]
  0x00007f9ce402e800 GCTaskThread "GC Thread#0" [stack: 0x00007f9ceb502000,0x00007f9ceb602000] [id=16509]
  0x00007f9cb0001000 GCTaskThread "GC Thread#1" [stack: 0x00007f9cbe3c2000,0x00007f9cbe4c2000] [id=16559]
  0x00007f9cb0002800 GCTaskThread "GC Thread#2" [stack: 0x00007f9cbe2b2000,0x00007f9cbe3b2000] [id=16560]
  0x00007f9cb0005800 GCTaskThread "GC Thread#3" [stack: 0x00007f9cbda72000,0x00007f9cbdb72000] [id=16605]
  0x00007f9cb0007000 GCTaskThread "GC Thread#4" [stack: 0x00007f9cbd962000,0x00007f9cbda62000] [id=16606]
  0x00007f9cb0008800 GCTaskThread "GC Thread#5" [stack: 0x00007f9cbd852000,0x00007f9cbd952000] [id=16607]
  0x00007f9cb000a800 GCTaskThread "GC Thread#6" [stack: 0x00007f9cbd742000,0x00007f9cbd842000] [id=16608]
  0x00007f9cb000c000 GCTaskThread "GC Thread#7" [stack: 0x00007f9cbd632000,0x00007f9cbd732000] [id=16609]
  0x00007f9ce4060800 ConcurrentGCThread "G1 Main Marker" [stack: 0x00007f9ccc702000,0x00007f9ccc802000] [id=16510]
  0x00007f9ce4062800 ConcurrentGCThread "G1 Conc#0" [stack: 0x00007f9ccc5f2000,0x00007f9ccc6f2000] [id=16511]
  0x00007f9ce40ed800 ConcurrentGCThread "G1 Refine#0" [stack: 0x00007f9cbfbc2000,0x00007f9cbfcc2000] [id=16512]
  0x00007f9ce40ef000 ConcurrentGCThread "G1 Young RemSet Sampling" [stack: 0x00007f9cbfab2000,0x00007f9cbfbb2000] [id=16513]

Threads with active compile tasks:
C1 CompilerThread0     2438 2173       1       clojure.core$let::invokeStatic (315 bytes)

VM state:not at safepoint (normal execution)

VM Mutex/Monitor currently owned by a thread:  ([mutex/lock_event])
[0x00007f9ce4011f40] CodeCache_lock - owner thread: 0x00007f9ce4132800
[0x00007f9ce4013b60] Compile_lock - owner thread: 0x00007f9ce4132800
[0x00007f9ce4013d10] MethodCompileQueue_lock - owner thread: 0x00007f9ce4132800

Heap address: 0x0000000083400000, size: 1996 MB, Compressed Oops mode: 32-bit
Narrow klass base: 0x0000000800000000, Narrow klass shift: 3
Compressed class space size: 1073741824 Address: 0x0000000840000000

Heap:
 garbage-first heap   total 131072K, used 66703K [0x0000000083400000, 0x0000000100000000)
  region size 1024K, 66 young (67584K), 6 survivors (6144K)
 Metaspace       used 13326K, capacity 17493K, committed 17664K, reserved 1062912K
  class space    used 3279K, capacity 4052K, committed 4096K, reserved 1048576K
Heap Regions: E=young(eden), S=young(survivor), O=old, HS=humongous(starts), HC=humongous(continues), CS=collection set, F=free, A=archive, TAMS=top-at-mark-start (previous, next)
|   0|0x0000000083400000, 0x0000000083400000, 0x0000000083500000|  0%| F|  |TAMS 0x0000000083400000, 0x0000000083400000| Untracked 
|   1|0x0000000083500000, 0x0000000083500000, 0x0000000083600000|  0%| F|  |TAMS 0x0000000083500000, 0x0000000083500000| Untracked 
|   2|0x0000000083600000, 0x0000000083600000, 0x0000000083700000|  0%| F|  |TAMS 0x0000000083600000, 0x0000000083600000| Untracked 
|   3|0x0000000083700000, 0x0000000083700000, 0x0000000083800000|  0%| F|  |TAMS 0x0000000083700000, 0x0000000083700000| Untracked 
|   4|0x0000000083800000, 0x0000000083800000, 0x0000000083900000|  0%| F|  |TAMS 0x0000000083800000, 0x0000000083800000| Untracked 
|   5|0x0000000083900000, 0x0000000083900000, 0x0000000083a00000|  0%| F|  |TAMS 0x0000000083900000, 0x0000000083900000| Untracked 
|   6|0x0000000083a00000, 0x0000000083a00000, 0x0000000083b00000|  0%| F|  |TAMS 0x0000000083a00000, 0x0000000083a00000| Untracked 
|   7|0x0000000083b00000, 0x0000000083b00000, 0x0000000083c00000|  0%| F|  |TAMS 0x0000000083b00000, 0x0000000083b00000| Untracked 
|   8|0x0000000083c00000, 0x0000000083c00000, 0x0000000083d00000|  0%| F|  |TAMS 0x0000000083c00000, 0x0000000083c00000| Untracked 
|   9|0x0000000083d00000, 0x0000000083d00000, 0x0000000083e00000|  0%| F|  |TAMS 0x0000000083d00000, 0x0000000083d00000| Untracked 
|  10|0x0000000083e00000, 0x0000000083e00000, 0x0000000083f00000|  0%| F|  |TAMS 0x0000000083e00000, 0x0000000083e00000| Untracked 
|  11|0x0000000083f00000, 0x0000000083f00000, 0x0000000084000000|  0%| F|  |TAMS 0x0000000083f00000, 0x0000000083f00000| Untracked 
|  12|0x0000000084000000, 0x0000000084000000, 0x0000000084100000|  0%| F|  |TAMS 0x0000000084000000, 0x0000000084000000| Untracked 
|  13|0x0000000084100000, 0x0000000084100000, 0x0000000084200000|  0%| F|  |TAMS 0x0000000084100000, 0x0000000084100000| Untracked 
|  14|0x0000000084200000, 0x0000000084200000, 0x0000000084300000|  0%| F|  |TAMS 0x0000000084200000, 0x0000000084200000| Untracked 
|  15|0x0000000084300000, 0x0000000084300000, 0x0000000084400000|  0%| F|  |TAMS 0x0000000084300000, 0x0000000084300000| Untracked 
|  16|0x0000000084400000, 0x0000000084400000, 0x0000000084500000|  0%| F|  |TAMS 0x0000000084400000, 0x0000000084400000| Untracked 
|  17|0x0000000084500000, 0x0000000084500000, 0x0000000084600000|  0%| F|  |TAMS 0x0000000084500000, 0x0000000084500000| Untracked 
|  18|0x0000000084600000, 0x0000000084600000, 0x0000000084700000|  0%| F|  |TAMS 0x0000000084600000, 0x0000000084600000| Untracked 
|  19|0x0000000084700000, 0x0000000084700000, 0x0000000084800000|  0%| F|  |TAMS 0x0000000084700000, 0x0000000084700000| Untracked 
|  20|0x0000000084800000, 0x0000000084800000, 0x0000000084900000|  0%| F|  |TAMS 0x0000000084800000, 0x0000000084800000| Untracked 
|  21|0x0000000084900000, 0x0000000084900000, 0x0000000084a00000|  0%| F|  |TAMS 0x0000000084900000, 0x0000000084900000| Untracked 
|  22|0x0000000084a00000, 0x0000000084a00000, 0x0000000084b00000|  0%| F|  |TAMS 0x0000000084a00000, 0x0000000084a00000| Untracked 
|  23|0x0000000084b00000, 0x0000000084b00000, 0x0000000084c00000|  0%| F|  |TAMS 0x0000000084b00000, 0x0000000084b00000| Untracked 
|  24|0x0000000084c00000, 0x0000000084c00000, 0x0000000084d00000|  0%| F|  |TAMS 0x0000000084c00000, 0x0000000084c00000| Untracked 
|  25|0x0000000084d00000, 0x0000000084d00000, 0x0000000084e00000|  0%| F|  |TAMS 0x0000000084d00000, 0x0000000084d00000| Untracked 
|  26|0x0000000084e00000, 0x0000000084e00000, 0x0000000084f00000|  0%| F|  |TAMS 0x0000000084e00000, 0x0000000084e00000| Untracked 
|  27|0x0000000084f00000, 0x0000000084f00000, 0x0000000085000000|  0%| F|  |TAMS 0x0000000084f00000, 0x0000000084f00000| Untracked 
|  28|0x0000000085000000, 0x0000000085000000, 0x0000000085100000|  0%| F|  |TAMS 0x0000000085000000, 0x0000000085000000| Untracked 
|  29|0x0000000085100000, 0x0000000085100000, 0x0000000085200000|  0%| F|  |TAMS 0x0000000085100000, 0x0000000085100000| Untracked 
|  30|0x0000000085200000, 0x0000000085200000, 0x0000000085300000|  0%| F|  |TAMS 0x0000000085200000, 0x0000000085200000| Untracked 
|  31|0x0000000085300000, 0x0000000085300000, 0x0000000085400000|  0%| F|  |TAMS 0x0000000085300000, 0x0000000085300000| Untracked 
|  32|0x0000000085400000, 0x0000000085400000, 0x0000000085500000|  0%| F|  |TAMS 0x0000000085400000, 0x0000000085400000| Untracked 
|  33|0x0000000085500000, 0x0000000085500000, 0x0000000085600000|  0%| F|  |TAMS 0x0000000085500000, 0x0000000085500000| Untracked 
|  34|0x0000000085600000, 0x0000000085600000, 0x0000000085700000|  0%| F|  |TAMS 0x0000000085600000, 0x0000000085600000| Untracked 
|  35|0x0000000085700000, 0x0000000085700000, 0x0000000085800000|  0%| F|  |TAMS 0x0000000085700000, 0x0000000085700000| Untracked 
|  36|0x0000000085800000, 0x0000000085800000, 0x0000000085900000|  0%| F|  |TAMS 0x0000000085800000, 0x0000000085800000| Untracked 
|  37|0x0000000085900000, 0x0000000085900000, 0x0000000085a00000|  0%| F|  |TAMS 0x0000000085900000, 0x0000000085900000| Untracked 
|  38|0x0000000085a00000, 0x0000000085a00000, 0x0000000085b00000|  0%| F|  |TAMS 0x0000000085a00000, 0x0000000085a00000| Untracked 
|  39|0x0000000085b00000, 0x0000000085b00000, 0x0000000085c00000|  0%| F|  |TAMS 0x0000000085b00000, 0x0000000085b00000| Untracked 
|  40|0x0000000085c00000, 0x0000000085c00000, 0x0000000085d00000|  0%| F|  |TAMS 0x0000000085c00000, 0x0000000085c00000| Untracked 
|  41|0x0000000085d00000, 0x0000000085d00000, 0x0000000085e00000|  0%| F|  |TAMS 0x0000000085d00000, 0x0000000085d00000| Untracked 
|  42|0x0000000085e00000, 0x0000000085e00000, 0x0000000085f00000|  0%| F|  |TAMS 0x0000000085e00000, 0x0000000085e00000| Untracked 
|  43|0x0000000085f00000, 0x0000000085f00000, 0x0000000086000000|  0%| F|  |TAMS 0x0000000085f00000, 0x0000000085f00000| Untracked 
|  44|0x0000000086000000, 0x0000000086000000, 0x0000000086100000|  0%| F|  |TAMS 0x0000000086000000, 0x0000000086000000| Untracked 
|  45|0x0000000086100000, 0x0000000086171c88, 0x0000000086200000| 44%| S|CS|TAMS 0x0000000086100000, 0x0000000086100000| Complete 
|  46|0x0000000086200000, 0x0000000086300000, 0x0000000086300000|100%| S|CS|TAMS 0x0000000086200000, 0x0000000086200000| Complete 
|  47|0x0000000086300000, 0x0000000086400000, 0x0000000086400000|100%| S|CS|TAMS 0x0000000086300000, 0x0000000086300000| Complete 
|  48|0x0000000086400000, 0x0000000086500000, 0x0000000086500000|100%| S|CS|TAMS 0x0000000086400000, 0x0000000086400000| Complete 
|  49|0x0000000086500000, 0x0000000086600000, 0x0000000086600000|100%| S|CS|TAMS 0x0000000086500000, 0x0000000086500000| Complete 
|  50|0x0000000086600000, 0x0000000086700000, 0x0000000086700000|100%| S|CS|TAMS 0x0000000086600000, 0x0000000086600000| Complete 
|  51|0x0000000086700000, 0x0000000086700000, 0x0000000086800000|  0%| F|  |TAMS 0x0000000086700000, 0x0000000086700000| Untracked 
|  52|0x0000000086800000, 0x0000000086800000, 0x0000000086900000|  0%| F|  |TAMS 0x0000000086800000, 0x0000000086800000| Untracked 
|  53|0x0000000086900000, 0x0000000086900000, 0x0000000086a00000|  0%| F|  |TAMS 0x0000000086900000, 0x0000000086900000| Untracked 
|  54|0x0000000086a00000, 0x0000000086a00000, 0x0000000086b00000|  0%| F|  |TAMS 0x0000000086a00000, 0x0000000086a00000| Untracked 
|  55|0x0000000086b00000, 0x0000000086b00000, 0x0000000086c00000|  0%| F|  |TAMS 0x0000000086b00000, 0x0000000086b00000| Untracked 
|  56|0x0000000086c00000, 0x0000000086c00000, 0x0000000086d00000|  0%| F|  |TAMS 0x0000000086c00000, 0x0000000086c00000| Untracked 
|  57|0x0000000086d00000, 0x0000000086d00000, 0x0000000086e00000|  0%| F|  |TAMS 0x0000000086d00000, 0x0000000086d00000| Untracked 
|  58|0x0000000086e00000, 0x0000000086e00000, 0x0000000086f00000|  0%| F|  |TAMS 0x0000000086e00000, 0x0000000086e00000| Untracked 
|  59|0x0000000086f00000, 0x0000000086f00000, 0x0000000087000000|  0%| F|  |TAMS 0x0000000086f00000, 0x0000000086f00000| Untracked 
|  60|0x0000000087000000, 0x0000000087000000, 0x0000000087100000|  0%| F|  |TAMS 0x0000000087000000, 0x0000000087000000| Untracked 
|  61|0x0000000087100000, 0x0000000087100000, 0x0000000087200000|  0%| F|  |TAMS 0x0000000087100000, 0x0000000087100000| Untracked 
|  62|0x0000000087200000, 0x0000000087200000, 0x0000000087300000|  0%| F|  |TAMS 0x0000000087200000, 0x0000000087200000| Untracked 
|  63|0x0000000087300000, 0x0000000087300000, 0x0000000087400000|  0%| F|  |TAMS 0x0000000087300000, 0x0000000087300000| Untracked 
|  64|0x0000000087400000, 0x0000000087400000, 0x0000000087500000|  0%| F|  |TAMS 0x0000000087400000, 0x0000000087400000| Untracked 
|  65|0x0000000087500000, 0x0000000087500000, 0x0000000087600000|  0%| F|  |TAMS 0x0000000087500000, 0x0000000087500000| Untracked 
|  66|0x0000000087600000, 0x0000000087680800, 0x0000000087700000| 50%| E|  |TAMS 0x0000000087600000, 0x0000000087600000| Complete 
|  67|0x0000000087700000, 0x0000000087800000, 0x0000000087800000|100%| E|CS|TAMS 0x0000000087700000, 0x0000000087700000| Complete 
|  68|0x0000000087800000, 0x0000000087900000, 0x0000000087900000|100%| E|CS|TAMS 0x0000000087800000, 0x0000000087800000| Complete 
|  69|0x0000000087900000, 0x0000000087a00000, 0x0000000087a00000|100%| E|CS|TAMS 0x0000000087900000, 0x0000000087900000| Complete 
|  70|0x0000000087a00000, 0x0000000087b00000, 0x0000000087b00000|100%| E|CS|TAMS 0x0000000087a00000, 0x0000000087a00000| Complete 
|  71|0x0000000087b00000, 0x0000000087c00000, 0x0000000087c00000|100%| E|CS|TAMS 0x0000000087b00000, 0x0000000087b00000| Complete 
|  72|0x0000000087c00000, 0x0000000087d00000, 0x0000000087d00000|100%| E|CS|TAMS 0x0000000087c00000, 0x0000000087c00000| Complete 
|  73|0x0000000087d00000, 0x0000000087e00000, 0x0000000087e00000|100%| E|CS|TAMS 0x0000000087d00000, 0x0000000087d00000| Complete 
|  74|0x0000000087e00000, 0x0000000087f00000, 0x0000000087f00000|100%| E|CS|TAMS 0x0000000087e00000, 0x0000000087e00000| Complete 
|  75|0x0000000087f00000, 0x0000000088000000, 0x0000000088000000|100%| E|CS|TAMS 0x0000000087f00000, 0x0000000087f00000| Complete 
|  76|0x0000000088000000, 0x0000000088100000, 0x0000000088100000|100%| E|CS|TAMS 0x0000000088000000, 0x0000000088000000| Complete 
|  77|0x0000000088100000, 0x0000000088200000, 0x0000000088200000|100%| E|CS|TAMS 0x0000000088100000, 0x0000000088100000| Complete 
|  78|0x0000000088200000, 0x0000000088300000, 0x0000000088300000|100%| E|CS|TAMS 0x0000000088200000, 0x0000000088200000| Complete 
|  79|0x0000000088300000, 0x0000000088400000, 0x0000000088400000|100%| E|CS|TAMS 0x0000000088300000, 0x0000000088300000| Complete 
|  80|0x0000000088400000, 0x0000000088500000, 0x0000000088500000|100%| E|CS|TAMS 0x0000000088400000, 0x0000000088400000| Complete 
|  81|0x0000000088500000, 0x0000000088600000, 0x0000000088600000|100%| E|CS|TAMS 0x0000000088500000, 0x0000000088500000| Complete 
|  82|0x0000000088600000, 0x0000000088700000, 0x0000000088700000|100%| E|CS|TAMS 0x0000000088600000, 0x0000000088600000| Complete 
|  83|0x0000000088700000, 0x0000000088800000, 0x0000000088800000|100%| E|CS|TAMS 0x0000000088700000, 0x0000000088700000| Complete 
|  84|0x0000000088800000, 0x0000000088900000, 0x0000000088900000|100%| E|CS|TAMS 0x0000000088800000, 0x0000000088800000| Complete 
|  85|0x0000000088900000, 0x0000000088a00000, 0x0000000088a00000|100%| E|CS|TAMS 0x0000000088900000, 0x0000000088900000| Complete 
|  86|0x0000000088a00000, 0x0000000088b00000, 0x0000000088b00000|100%| E|CS|TAMS 0x0000000088a00000, 0x0000000088a00000| Complete 
|  87|0x0000000088b00000, 0x0000000088c00000, 0x0000000088c00000|100%| E|CS|TAMS 0x0000000088b00000, 0x0000000088b00000| Complete 
|  88|0x0000000088c00000, 0x0000000088d00000, 0x0000000088d00000|100%| E|CS|TAMS 0x0000000088c00000, 0x0000000088c00000| Complete 
|  89|0x0000000088d00000, 0x0000000088e00000, 0x0000000088e00000|100%| E|CS|TAMS 0x0000000088d00000, 0x0000000088d00000| Complete 
|  90|0x0000000088e00000, 0x0000000088f00000, 0x0000000088f00000|100%| E|CS|TAMS 0x0000000088e00000, 0x0000000088e00000| Complete 
|  91|0x0000000088f00000, 0x0000000089000000, 0x0000000089000000|100%| E|CS|TAMS 0x0000000088f00000, 0x0000000088f00000| Complete 
|  92|0x0000000089000000, 0x0000000089100000, 0x0000000089100000|100%| E|CS|TAMS 0x0000000089000000, 0x0000000089000000| Complete 
|  93|0x0000000089100000, 0x0000000089200000, 0x0000000089200000|100%| E|CS|TAMS 0x0000000089100000, 0x0000000089100000| Complete 
|  94|0x0000000089200000, 0x0000000089300000, 0x0000000089300000|100%| E|CS|TAMS 0x0000000089200000, 0x0000000089200000| Complete 
|  95|0x0000000089300000, 0x0000000089400000, 0x0000000089400000|100%| E|CS|TAMS 0x0000000089300000, 0x0000000089300000| Complete 
|  96|0x0000000089400000, 0x0000000089500000, 0x0000000089500000|100%| E|CS|TAMS 0x0000000089400000, 0x0000000089400000| Complete 
|  97|0x0000000089500000, 0x0000000089600000, 0x0000000089600000|100%| E|CS|TAMS 0x0000000089500000, 0x0000000089500000| Complete 
|  98|0x0000000089600000, 0x0000000089700000, 0x0000000089700000|100%| E|CS|TAMS 0x0000000089600000, 0x0000000089600000| Complete 
|  99|0x0000000089700000, 0x0000000089800000, 0x0000000089800000|100%| E|CS|TAMS 0x0000000089700000, 0x0000000089700000| Complete 
| 100|0x0000000089800000, 0x0000000089900000, 0x0000000089900000|100%| E|CS|TAMS 0x0000000089800000, 0x0000000089800000| Complete 
| 101|0x0000000089900000, 0x0000000089a00000, 0x0000000089a00000|100%| E|CS|TAMS 0x0000000089900000, 0x0000000089900000| Complete 
| 102|0x0000000089a00000, 0x0000000089b00000, 0x0000000089b00000|100%| E|CS|TAMS 0x0000000089a00000, 0x0000000089a00000| Complete 
| 103|0x0000000089b00000, 0x0000000089c00000, 0x0000000089c00000|100%| E|CS|TAMS 0x0000000089b00000, 0x0000000089b00000| Complete 
| 104|0x0000000089c00000, 0x0000000089d00000, 0x0000000089d00000|100%| E|CS|TAMS 0x0000000089c00000, 0x0000000089c00000| Complete 
| 105|0x0000000089d00000, 0x0000000089e00000, 0x0000000089e00000|100%| E|CS|TAMS 0x0000000089d00000, 0x0000000089d00000| Complete 
| 106|0x0000000089e00000, 0x0000000089f00000, 0x0000000089f00000|100%| E|CS|TAMS 0x0000000089e00000, 0x0000000089e00000| Complete 
| 107|0x0000000089f00000, 0x000000008a000000, 0x000000008a000000|100%| E|CS|TAMS 0x0000000089f00000, 0x0000000089f00000| Complete 
| 108|0x000000008a000000, 0x000000008a100000, 0x000000008a100000|100%| E|CS|TAMS 0x000000008a000000, 0x000000008a000000| Complete 
| 109|0x000000008a100000, 0x000000008a200000, 0x000000008a200000|100%| E|CS|TAMS 0x000000008a100000, 0x000000008a100000| Complete 
| 110|0x000000008a200000, 0x000000008a300000, 0x000000008a300000|100%| E|CS|TAMS 0x000000008a200000, 0x000000008a200000| Complete 
| 111|0x000000008a300000, 0x000000008a400000, 0x000000008a400000|100%| E|CS|TAMS 0x000000008a300000, 0x000000008a300000| Complete 
| 112|0x000000008a400000, 0x000000008a500000, 0x000000008a500000|100%| E|CS|TAMS 0x000000008a400000, 0x000000008a400000| Complete 
| 113|0x000000008a500000, 0x000000008a600000, 0x000000008a600000|100%| E|CS|TAMS 0x000000008a500000, 0x000000008a500000| Complete 
| 114|0x000000008a600000, 0x000000008a700000, 0x000000008a700000|100%| E|CS|TAMS 0x000000008a600000, 0x000000008a600000| Complete 
| 115|0x000000008a700000, 0x000000008a800000, 0x000000008a800000|100%| E|CS|TAMS 0x000000008a700000, 0x000000008a700000| Complete 
| 116|0x000000008a800000, 0x000000008a900000, 0x000000008a900000|100%| E|CS|TAMS 0x000000008a800000, 0x000000008a800000| Complete 
| 117|0x000000008a900000, 0x000000008aa00000, 0x000000008aa00000|100%| E|CS|TAMS 0x000000008a900000, 0x000000008a900000| Complete 
| 118|0x000000008aa00000, 0x000000008ab00000, 0x000000008ab00000|100%| E|CS|TAMS 0x000000008aa00000, 0x000000008aa00000| Complete 
| 119|0x000000008ab00000, 0x000000008ac00000, 0x000000008ac00000|100%| E|CS|TAMS 0x000000008ab00000, 0x000000008ab00000| Complete 
| 120|0x000000008ac00000, 0x000000008ad00000, 0x000000008ad00000|100%| E|CS|TAMS 0x000000008ac00000, 0x000000008ac00000| Complete 
| 121|0x000000008ad00000, 0x000000008ae00000, 0x000000008ae00000|100%| E|CS|TAMS 0x000000008ad00000, 0x000000008ad00000| Complete 
| 122|0x000000008ae00000, 0x000000008af00000, 0x000000008af00000|100%| E|CS|TAMS 0x000000008ae00000, 0x000000008ae00000| Complete 
| 123|0x000000008af00000, 0x000000008b000000, 0x000000008b000000|100%| E|CS|TAMS 0x000000008af00000, 0x000000008af00000| Complete 
| 124|0x000000008b000000, 0x000000008b100000, 0x000000008b100000|100%| E|CS|TAMS 0x000000008b000000, 0x000000008b000000| Complete 
| 125|0x000000008b100000, 0x000000008b200000, 0x000000008b200000|100%| E|CS|TAMS 0x000000008b100000, 0x000000008b100000| Complete 
|1994|0x00000000ffe00000, 0x00000000ffe47000, 0x00000000fff00000| 27%|OA|  |TAMS 0x00000000ffe00000, 0x00000000ffe00000| Untracked 
|1995|0x00000000fff00000, 0x00000000fff6b000, 0x0000000100000000| 41%|CA|  |TAMS 0x00000000fff00000, 0x00000000fff00000| Untracked 

Card table byte_map: [0x00007f9cea4a0000,0x00007f9cea886000] _byte_map_base: 0x00007f9cea086000

Marking Bits (Prev, Next): (CMBitMap*) 0x00007f9ce4057c28, (CMBitMap*) 0x00007f9ce4057c60
 Prev Bits: [0x00007f9ce8180000, 0x00007f9cea0b0000)
 Next Bits: [0x00007f9cc60d0000, 0x00007f9cc8000000)

Polling page: 0x00007f9ceb830000

Metaspace:

Usage:
  Non-class:     13.13 MB capacity,     9.81 MB ( 75%) used,     3.28 MB ( 25%) free+waste,    35.31 KB ( <1%) overhead. 
      Class:      3.96 MB capacity,     3.20 MB ( 81%) used,   739.59 KB ( 18%) free+waste,    32.56 KB ( <1%) overhead. 
       Both:     17.08 MB capacity,    13.01 MB ( 76%) used,     4.00 MB ( 23%) free+waste,    67.88 KB ( <1%) overhead. 

Virtual space:
  Non-class space:       14.00 MB reserved,      13.25 MB ( 95%) committed 
      Class space:        1.00 GB reserved,       4.00 MB ( <1%) committed 
             Both:        1.01 GB reserved,      17.25 MB (  2%) committed 

Chunk freelists:
   Non-Class:  63.00 KB
       Class:  12.00 KB
        Both:  75.00 KB

MaxMetaspaceSize: unlimited
CompressedClassSpaceSize: 1.00 GB
Initial GC threshold: 20.80 MB
Current GC threshold: 20.80 MB
CDS: on

CodeHeap 'non-profiled nmethods': size=238384Kb used=3898Kb max_used=3898Kb free=234485Kb
 bounds [0x00007f9cccf44000, 0x00007f9ccd314000, 0x00007f9cdb810000]
CodeHeap 'non-nmethods': size=7376Kb used=1149Kb max_used=1149Kb free=6226Kb
 bounds [0x00007f9ccc810000, 0x00007f9ccca80000, 0x00007f9cccf44000]
 total_blobs=2580 nmethods=2172 adapters=335
 compilation: enabled
              stopped_count=0, restarted_count=0
 full_count=0

Compilation events (20 events):
Event: 2.413 Thread 0x00007f9ce4132800 nmethod 2163 0x00007f9ccd30be90 code [0x00007f9ccd30c040, 0x00007f9ccd30c120]
Event: 2.413 Thread 0x00007f9ce4132800 2164       1       java.util.stream.ReferencePipeline$StatelessOp::opIsStateful (2 bytes)
Event: 2.413 Thread 0x00007f9ce4132800 nmethod 2164 0x00007f9ccd30c210 code [0x00007f9ccd30c3c0, 0x00007f9ccd30c490]
Event: 2.413 Thread 0x00007f9ce4132800 2165       1       java.util.ArrayList$ArrayListSpliterator::characteristics (4 bytes)
Event: 2.413 Thread 0x00007f9ce4132800 nmethod 2165 0x00007f9ccd30c510 code [0x00007f9ccd30c6c0, 0x00007f9ccd30c790]
Event: 2.413 Thread 0x00007f9ce4132800 2166       1       java.util.stream.Collectors$CollectorImpl::characteristics (5 bytes)
Event: 2.413 Thread 0x00007f9ce4132800 nmethod 2166 0x00007f9ccd30c810 code [0x00007f9ccd30c9c0, 0x00007f9ccd30ca90]
Event: 2.413 Thread 0x00007f9ce4132800 2167       1       java.lang.invoke.MethodHandleImpl$WrappedMember::getTarget (5 bytes)
Event: 2.413 Thread 0x00007f9ce4132800 nmethod 2167 0x00007f9ccd30cb10 code [0x00007f9ccd30ccc0, 0x00007f9ccd30cd90]
Event: 2.413 Thread 0x00007f9ce4132800 2168       1       java.lang.invoke.MemberName::isStatic (8 bytes)
Event: 2.413 Thread 0x00007f9ce4132800 nmethod 2168 0x00007f9ccd30ce10 code [0x00007f9ccd30cfc0, 0x00007f9ccd30d0b0]
Event: 2.413 Thread 0x00007f9ce4132800 2169       1       jdk.internal.org.objectweb.asm.Frame::push (110 bytes)
Event: 2.414 Thread 0x00007f9ce4132800 nmethod 2169 0x00007f9ccd30d110 code [0x00007f9ccd30d2e0, 0x00007f9ccd30d6e0]
Event: 2.414 Thread 0x00007f9ce4132800 2170       1       jdk.internal.org.objectweb.asm.ClassWriter::put122 (15 bytes)
Event: 2.414 Thread 0x00007f9ce4132800 nmethod 2170 0x00007f9ccd30d890 code [0x00007f9ccd30da60, 0x00007f9ccd30db70]
Event: 2.414 Thread 0x00007f9ce4132800 2171       1       java.util.Collections$UnmodifiableCollection::contains (11 bytes)
Event: 2.414 Thread 0x00007f9ce4132800 nmethod 2171 0x00007f9ccd30dc90 code [0x00007f9ccd30de40, 0x00007f9ccd30df40]
Event: 2.416 Thread 0x00007f9ce4132800 2172       1       clojure.core$let::doInvoke (21 bytes)
Event: 2.416 Thread 0x00007f9ce4132800 nmethod 2172 0x00007f9ccd30e010 code [0x00007f9ccd30e1c0, 0x00007f9ccd30e320]
Event: 2.416 Thread 0x00007f9ce4132800 2173       1       clojure.core$let::invokeStatic (315 bytes)

GC Heap History (4 events):
Event: 0.789 GC heap before
{Heap before GC invocations=0 (full 0):
 garbage-first heap   total 131072K, used 24264K [0x0000000083400000, 0x0000000100000000)
  region size 1024K, 24 young (24576K), 0 survivors (0K)
 Metaspace       used 5696K, capacity 9398K, committed 9600K, reserved 1056768K
  class space    used 1286K, capacity 1590K, committed 1664K, reserved 1048576K
}
Event: 0.802 GC heap after
{Heap after GC invocations=1 (full 0):
 garbage-first heap   total 131072K, used 3246K [0x0000000083400000, 0x0000000100000000)
  region size 1024K, 3 young (3072K), 3 survivors (3072K)
 Metaspace       used 5696K, capacity 9398K, committed 9600K, reserved 1056768K
  class space    used 1286K, capacity 1590K, committed 1664K, reserved 1048576K
}
Event: 1.899 GC heap before
{Heap before GC invocations=1 (full 0):
 garbage-first heap   total 131072K, used 76974K [0x0000000083400000, 0x0000000100000000)
  region size 1024K, 75 young (76800K), 3 survivors (3072K)
 Metaspace       used 11449K, capacity 14815K, committed 14976K, reserved 1060864K
  class space    used 2693K, capacity 3128K, committed 3200K, reserved 1048576K
}
Event: 1.913 GC heap after
{Heap after GC invocations=2 (full 0):
 garbage-first heap   total 131072K, used 6287K [0x0000000083400000, 0x0000000100000000)
  region size 1024K, 6 young (6144K), 6 survivors (6144K)
 Metaspace       used 11449K, capacity 14815K, committed 14976K, reserved 1060864K
  class space    used 2693K, capacity 3128K, committed 3200K, reserved 1048576K
}

Deoptimization events (0 events):
No events

Classes redefined (0 events):
No events

Internal exceptions (9 events):
Event: 0.076 Thread 0x00007f9ce4016800 Exception <a 'java/security/PrivilegedActionException'{0x000000008b153c58}> (0x000000008b153c58) thrown at [src/hotspot/share/prims/jvm.cpp, line 1304]
Event: 0.076 Thread 0x00007f9ce4016800 Exception <a 'java/security/PrivilegedActionException'{0x000000008b153f28}> (0x000000008b153f28) thrown at [src/hotspot/share/prims/jvm.cpp, line 1304]
Event: 0.196 Thread 0x00007f9ce4016800 Exception <a 'java/lang/NoSuchMethodError'{0x000000008ac0d8a8}: 'int java.lang.invoke.DirectMethodHandle$Holder.invokeSpecialIFC(java.lang.Object, java.lang.Object, int)'> (0x000000008ac0d8a8) thrown at [src/hotspot/share/interpreter/linkResolver.cpp, line 772]
Event: 0.236 Thread 0x00007f9ce4016800 Exception <a 'java/lang/NoSuchMethodError'{0x000000008ab544a0}: 'java.lang.Object java.lang.invoke.DirectMethodHandle$Holder.invokeStatic(java.lang.Object, int, java.lang.Object)'> (0x000000008ab544a0) thrown at [src/hotspot/share/interpreter/linkResolver.cpp, line 772]
Event: 0.992 Thread 0x00007f9ce4016800 Exception <a 'java/lang/NoSuchMethodError'{0x000000008a886950}: 'int java.lang.invoke.DirectMethodHandle$Holder.invokeSpecial(java.lang.Object, java.lang.Object, java.lang.Object, java.lang.Object)'> (0x000000008a886950) thrown at [src/hotspot/share/interpreter/linkResolver.cpp, line 772]
Event: 0.997 Thread 0x00007f9ce4016800 Exception <a 'java/lang/NoSuchMethodError'{0x000000008a8a2500}: 'void java.lang.invoke.DelegatingMethodHandle$Holder.delegate(java.lang.Object, java.lang.Object, int, java.lang.Object)'> (0x000000008a8a2500) thrown at [src/hotspot/share/interpreter/linkResolver.cpp, line 772]
Event: 0.998 Thread 0x00007f9ce4016800 Exception <a 'java/lang/NoSuchMethodError'{0x000000008a8a9c28}: 'java.lang.Object java.lang.invoke.DirectMethodHandle$Holder.invokeStaticInit(java.lang.Object, java.lang.Object, java.lang.Object)'> (0x000000008a8a9c28) thrown at [src/hotspot/share/interpreter/linkResolver.cpp, line 772]
Event: 0.999 Thread 0x00007f9ce4016800 Exception <a 'java/lang/NoSuchMethodError'{0x000000008a8b1d68}: 'java.lang.Object java.lang.invoke.DirectMethodHandle$Holder.invokeStatic(java.lang.Object, java.lang.Object, java.lang.Object, java.lang.Object, int)'> (0x000000008a8b1d68) thrown at [src/hotspot/share/interpreter/linkResolver.cpp, line 772]
Event: 1.005 Thread 0x00007f9ce4016800 Exception <a 'java/lang/NoSuchMethodError'{0x000000008a8d95c8}: 'java.lang.Object java.lang.invoke.Invokers$Holder.invokeExact_MT(java.lang.Object, java.lang.Object, java.lang.Object)'> (0x000000008a8d95c8) thrown at [src/hotspot/share/interpreter/linkResolver.cpp, line 772]

Events (20 events):
Event: 2.321 loading class clojure/core$some__GT_$fn__8735
Event: 2.321 loading class clojure/core$some__GT_$fn__8735 done
Event: 2.357 loading class *err*
Event: 2.357 loading class *err* done
Event: 2.358 loading class *err*
Event: 2.358 loading class *err* done
Event: 2.358 loading class *out*
Event: 2.358 loading class *out* done
Event: 2.358 loading class *out*
Event: 2.358 loading class *out* done
Event: 2.368 loading class nrepl/middleware/load_file__init
Event: 2.368 loading class nrepl/middleware/load_file__init done
Event: 2.388 loading class nrepl/middleware/session__init
Event: 2.388 loading class nrepl/middleware/session__init done
Event: 2.401 loading class java/util/function/LongUnaryOperator
Event: 2.401 loading class java/util/function/LongUnaryOperator done
Event: 2.401 loading class java/util/function/LongBinaryOperator
Event: 2.401 loading class java/util/function/LongBinaryOperator done
Event: 2.410 loading class nrepl/middleware/session/proxy$java/io/Reader$ff19274a
Event: 2.410 loading class nrepl/middleware/session/proxy$java/io/Reader$ff19274a done


Dynamic libraries:
83400000-8b200000 rw-p 00000000 00:00 0
8b200000-ffe00000 ---p 00000000 00:00 0
ffe00000-ffe47000 rw-p 01119000 00:00 1321178                    /usr/lib/jvm/java-11-openjdk-amd64/lib/server/classes.jsa
ffe47000-fff00000 rw-p 00000000 00:00 0
fff00000-fff6b000 rw-p 010ae000 00:00 1321178                    /usr/lib/jvm/java-11-openjdk-amd64/lib/server/classes.jsa
fff6b000-100000000 rw-p 00000000 00:00 0
800000000-800002000 rwxp 00001000 00:00 1321178                  /usr/lib/jvm/java-11-openjdk-amd64/lib/server/classes.jsa
800002000-8003cb000 rw-p 00003000 00:00 1321178                  /usr/lib/jvm/java-11-openjdk-amd64/lib/server/classes.jsa
8003cb000-800a9a000 r--p 003cc000 00:00 1321178                  /usr/lib/jvm/java-11-openjdk-amd64/lib/server/classes.jsa
800a9a000-800a9b000 rw-p 00a9b000 00:00 1321178                  /usr/lib/jvm/java-11-openjdk-amd64/lib/server/classes.jsa
800a9b000-8010ad000 r--p 00a9c000 00:00 1321178                  /usr/lib/jvm/java-11-openjdk-amd64/lib/server/classes.jsa
840000000-840400000 rw-p 00000000 00:00 0
840400000-880000000 ---p 00000000 00:00 0
7f9c64000000-7f9c64021000 rw-p 00000000 00:00 0
7f9c64021000-7f9c68000000 ---p 00000000 00:00 0
7f9c68000000-7f9c68021000 rw-p 00000000 00:00 0
7f9c68021000-7f9c6c000000 ---p 00000000 00:00 0
7f9c6c000000-7f9c6c021000 rw-p 00000000 00:00 0
7f9c6c021000-7f9c70000000 ---p 00000000 00:00 0
7f9c70000000-7f9c70021000 rw-p 00000000 00:00 0
7f9c70021000-7f9c74000000 ---p 00000000 00:00 0
7f9c74000000-7f9c74021000 rw-p 00000000 00:00 0
7f9c74021000-7f9c78000000 ---p 00000000 00:00 0
7f9c78000000-7f9c78021000 rw-p 00000000 00:00 0
7f9c78021000-7f9c7c000000 ---p 00000000 00:00 0
7f9c7c000000-7f9c7c021000 rw-p 00000000 00:00 0
7f9c7c021000-7f9c80000000 ---p 00000000 00:00 0
7f9c80000000-7f9c80021000 rw-p 00000000 00:00 0
7f9c80021000-7f9c84000000 ---p 00000000 00:00 0
7f9c84000000-7f9c84021000 rw-p 00000000 00:00 0
7f9c84021000-7f9c88000000 ---p 00000000 00:00 0
7f9c88000000-7f9c88021000 rw-p 00000000 00:00 0
7f9c88021000-7f9c8c000000 ---p 00000000 00:00 0
7f9c8c000000-7f9c8c021000 rw-p 00000000 00:00 0
7f9c8c021000-7f9c90000000 ---p 00000000 00:00 0
7f9c90000000-7f9c90021000 rw-p 00000000 00:00 0
7f9c90021000-7f9c94000000 ---p 00000000 00:00 0
7f9c94000000-7f9c9444d000 rw-p 00000000 00:00 0
7f9c9444d000-7f9c98000000 ---p 00000000 00:00 0
7f9c98000000-7f9c98021000 rw-p 00000000 00:00 0
7f9c98021000-7f9c9c000000 ---p 00000000 00:00 0
7f9c9c000000-7f9c9c021000 rw-p 00000000 00:00 0
7f9c9c021000-7f9ca0000000 ---p 00000000 00:00 0
7f9ca0000000-7f9ca0021000 rw-p 00000000 00:00 0
7f9ca0021000-7f9ca4000000 ---p 00000000 00:00 0
7f9ca4000000-7f9ca4021000 rw-p 00000000 00:00 0
7f9ca4021000-7f9ca8000000 ---p 00000000 00:00 0
7f9ca8000000-7f9ca8021000 rw-p 00000000 00:00 0
7f9ca8021000-7f9cac000000 ---p 00000000 00:00 0
7f9cac000000-7f9cac021000 rw-p 00000000 00:00 0
7f9cac021000-7f9cb0000000 ---p 00000000 00:00 0
7f9cb0000000-7f9cb0021000 rw-p 00000000 00:00 0
7f9cb0021000-7f9cb4000000 ---p 00000000 00:00 0
7f9cb4000000-7f9cb4021000 rw-p 00000000 00:00 0
7f9cb4021000-7f9cb8000000 ---p 00000000 00:00 0
7f9cb8000000-7f9cb8021000 rw-p 00000000 00:00 0
7f9cb8021000-7f9cbc000000 ---p 00000000 00:00 0
7f9cbd430000-7f9cbd570000 rw-p 00000000 00:00 0
7f9cbd570000-7f9cbd631000 ---p 00000000 00:00 0
7f9cbd631000-7f9cbd732000 rw-p 00000000 00:00 0
7f9cbd740000-7f9cbd741000 ---p 00000000 00:00 0
7f9cbd741000-7f9cbd842000 rw-p 00000000 00:00 0
7f9cbd850000-7f9cbd851000 ---p 00000000 00:00 0
7f9cbd851000-7f9cbd952000 rw-p 00000000 00:00 0
7f9cbd960000-7f9cbd961000 ---p 00000000 00:00 0
7f9cbd961000-7f9cbda62000 rw-p 00000000 00:00 0
7f9cbda70000-7f9cbda71000 ---p 00000000 00:00 0
7f9cbda71000-7f9cbdb72000 rw-p 00000000 00:00 0
7f9cbdb80000-7f9cbdb84000 ---p 00000000 00:00 0
7f9cbdb84000-7f9cbdc81000 rw-p 00000000 00:00 0
7f9cbdc90000-7f9cbdc94000 ---p 00000000 00:00 0
7f9cbdc94000-7f9cbdd91000 rw-p 00000000 00:00 0
7f9cbdda0000-7f9cbdda4000 ---p 00000000 00:00 0
7f9cbdda4000-7f9cbdea1000 rw-p 00000000 00:00 0
7f9cbdeb0000-7f9cbe2b0000 rw-p 00000000 00:00 0
7f9cbe2b0000-7f9cbe2b1000 ---p 00000000 00:00 0
7f9cbe2b1000-7f9cbe3b2000 rw-p 00000000 00:00 0
7f9cbe3c0000-7f9cbe3c1000 ---p 00000000 00:00 0
7f9cbe3c1000-7f9cbe4c2000 rw-p 00000000 00:00 0
7f9cbe4d0000-7f9cbe4d4000 ---p 00000000 00:00 0
7f9cbe4d4000-7f9cbe5d1000 rw-p 00000000 00:00 0
7f9cbe5e0000-7f9cbe5e1000 ---p 00000000 00:00 0
7f9cbe5e1000-7f9cbe6e2000 rw-p 00000000 00:00 0
7f9cbe6f0000-7f9cbe6f4000 ---p 00000000 00:00 0
7f9cbe6f4000-7f9cbe7f1000 rw-p 00000000 00:00 0
7f9cbe800000-7f9cbe804000 ---p 00000000 00:00 0
7f9cbe804000-7f9cbe901000 rw-p 00000000 00:00 0
7f9cbe910000-7f9cbe914000 ---p 00000000 00:00 0
7f9cbe914000-7f9cbea11000 rw-p 00000000 00:00 0
7f9cbea20000-7f9cbea24000 ---p 00000000 00:00 0
7f9cbea24000-7f9cbeb21000 rw-p 00000000 00:00 0
7f9cbeb27000-7f9cbec9a000 r--p 00000000 00:00 185857             /usr/lib/locale/C.UTF-8/LC_COLLATE
7f9cbec9a000-7f9cbef80000 r--p 00000000 00:00 185871             /usr/lib/locale/locale-archive
7f9cbef80000-7f9cbef84000 ---p 00000000 00:00 0
7f9cbef84000-7f9cbf081000 rw-p 00000000 00:00 0
7f9cbf090000-7f9cbf094000 ---p 00000000 00:00 0
7f9cbf094000-7f9cbf191000 rw-p 00000000 00:00 0
7f9cbf1a0000-7f9cbf1a1000 ---p 00000000 00:00 0
7f9cbf1a1000-7f9cbf2a2000 rw-p 00000000 00:00 0
7f9cbf2b0000-7f9cbfab0000 rw-p 00000000 00:00 0
7f9cbfab0000-7f9cbfab1000 ---p 00000000 00:00 0
7f9cbfab1000-7f9cbfbb2000 rw-p 00000000 00:00 0
7f9cbfbc0000-7f9cbfbc1000 ---p 00000000 00:00 0
7f9cbfbc1000-7f9cbfcc2000 rw-p 00000000 00:00 0
7f9cbfcd0000-7f9cbfdd1000 rw-p 00000000 00:00 0
7f9cbfde0000-7f9cbfee1000 rw-p 00000000 00:00 0
7f9cbfef0000-7f9cbfff1000 rw-p 00000000 00:00 0
7f9cc0000000-7f9cc0021000 rw-p 00000000 00:00 0
7f9cc0021000-7f9cc4000000 ---p 00000000 00:00 0
7f9cc4020000-7f9cc4051000 rw-p 00000000 00:00 0
7f9cc4060000-7f9cc4064000 r--p 00000000 00:00 1319995            /usr/lib/jvm/java-11-openjdk-amd64/lib/libnet.so
7f9cc4064000-7f9cc4072000 r-xp 00004000 00:00 1319995            /usr/lib/jvm/java-11-openjdk-amd64/lib/libnet.so
7f9cc4072000-7f9cc4076000 r--p 00012000 00:00 1319995            /usr/lib/jvm/java-11-openjdk-amd64/lib/libnet.so
7f9cc4076000-7f9cc4077000 r--p 00015000 00:00 1319995            /usr/lib/jvm/java-11-openjdk-amd64/lib/libnet.so
7f9cc4077000-7f9cc4078000 rw-p 00016000 00:00 1319995            /usr/lib/jvm/java-11-openjdk-amd64/lib/libnet.so
7f9cc4080000-7f9cc4087000 r--p 00000000 00:00 1319996            /usr/lib/jvm/java-11-openjdk-amd64/lib/libnio.so
7f9cc4087000-7f9cc408f000 r-xp 00007000 00:00 1319996            /usr/lib/jvm/java-11-openjdk-amd64/lib/libnio.so
7f9cc408f000-7f9cc4092000 r--p 0000f000 00:00 1319996            /usr/lib/jvm/java-11-openjdk-amd64/lib/libnio.so
7f9cc4092000-7f9cc4093000 r--p 00011000 00:00 1319996            /usr/lib/jvm/java-11-openjdk-amd64/lib/libnio.so
7f9cc4093000-7f9cc4094000 rw-p 00012000 00:00 1319996            /usr/lib/jvm/java-11-openjdk-amd64/lib/libnio.so
7f9cc409e000-7f9cc40d0000 r--p 00000000 00:00 185859             /usr/lib/locale/C.UTF-8/LC_CTYPE
7f9cc40d0000-7f9cc62c8000 rw-p 00000000 00:00 0
7f9cc62c8000-7f9cc7ff8000 ---p 00000000 00:00 0
7f9cc7ff8000-7f9cc8021000 rw-p 00000000 00:00 0
7f9cc8021000-7f9ccc000000 ---p 00000000 00:00 0
7f9ccc010000-7f9ccc091000 rw-p 00000000 00:00 0
7f9ccc0a0000-7f9ccc1a1000 rw-p 00000000 00:00 0
7f9ccc1b0000-7f9ccc2b1000 rw-p 00000000 00:00 0
7f9ccc2c0000-7f9ccc3c1000 rw-p 00000000 00:00 0
7f9ccc3d0000-7f9ccc4d1000 rw-p 00000000 00:00 0
7f9ccc4e0000-7f9ccc5e1000 rw-p 00000000 00:00 0
7f9ccc5f0000-7f9ccc5f1000 ---p 00000000 00:00 0
7f9ccc5f1000-7f9ccc6f2000 rw-p 00000000 00:00 0
7f9ccc700000-7f9ccc701000 ---p 00000000 00:00 0
7f9ccc701000-7f9ccc802000 rw-p 00000000 00:00 0
7f9ccc810000-7f9ccca80000 rwxp 00000000 00:00 0
7f9ccca80000-7f9cccf44000 ---p 00000000 00:00 0
7f9cccf44000-7f9ccd314000 rwxp 00000000 00:00 0
7f9ccd314000-7f9cdb810000 ---p 00000000 00:00 0
7f9cdb81e000-7f9ce4000000 r--s 00000000 00:00 1320005            /usr/lib/jvm/java-11-openjdk-amd64/lib/modules
7f9ce4000000-7f9ce461b000 rw-p 00000000 00:00 0
7f9ce461b000-7f9ce8000000 ---p 00000000 00:00 0
7f9ce8000000-7f9ce805b000 rw-p 00000000 00:00 0
7f9ce8060000-7f9ce8088000 rw-p 00000000 00:00 0
7f9ce8090000-7f9ce80b1000 rw-p 00000000 00:00 0
7f9ce80c0000-7f9ce80e1000 rw-p 00000000 00:00 0
7f9ce80f0000-7f9ce8171000 rw-p 00000000 00:00 0
7f9ce8180000-7f9ce8378000 rw-p 00000000 00:00 0
7f9ce8378000-7f9cea0a8000 ---p 00000000 00:00 0
7f9cea0a8000-7f9cea0ef000 rw-p 00000000 00:00 0
7f9cea0ef000-7f9cea495000 ---p 00000000 00:00 0
7f9cea495000-7f9cea496000 rw-p 00000000 00:00 0
7f9cea4a0000-7f9cea4df000 rw-p 00000000 00:00 0
7f9cea4df000-7f9cea885000 ---p 00000000 00:00 0
7f9cea885000-7f9cea886000 rw-p 00000000 00:00 0
7f9cea890000-7f9cea8cf000 rw-p 00000000 00:00 0
7f9cea8cf000-7f9ceac75000 ---p 00000000 00:00 0
7f9ceac75000-7f9ceac76000 rw-p 00000000 00:00 0
7f9ceac80000-7f9cead81000 rw-p 00000000 00:00 0
7f9cead90000-7f9ceae91000 rw-p 00000000 00:00 0
7f9ceaea0000-7f9ceafa1000 rw-p 00000000 00:00 0
7f9ceafb0000-7f9ceb0b1000 rw-p 00000000 00:00 0
7f9ceb0c0000-7f9ceb1c1000 rw-p 00000000 00:00 0
7f9ceb1d0000-7f9ceb2d1000 rw-p 00000000 00:00 0
7f9ceb2e0000-7f9ceb3e1000 rw-p 00000000 00:00 0
7f9ceb3f0000-7f9ceb4f1000 rw-p 00000000 00:00 0
7f9ceb500000-7f9ceb501000 ---p 00000000 00:00 0
7f9ceb501000-7f9ceb602000 rw-p 00000000 00:00 0
7f9ceb610000-7f9ceb618000 rw-p 00000000 00:00 0
7f9ceb618000-7f9ceb7e2000 ---p 00000000 00:00 0
7f9ceb7f0000-7f9ceb7f5000 rw-p 00000000 00:00 0
7f9ceb7f5000-7f9ceb7ff000 ---p 00000000 00:00 0
7f9ceb800000-7f9ceb802000 r--p 00000000 00:00 1320004            /usr/lib/jvm/java-11-openjdk-amd64/lib/libzip.so
7f9ceb802000-7f9ceb807000 r-xp 00002000 00:00 1320004            /usr/lib/jvm/java-11-openjdk-amd64/lib/libzip.so
7f9ceb807000-7f9ceb809000 r--p 00007000 00:00 1320004            /usr/lib/jvm/java-11-openjdk-amd64/lib/libzip.so
7f9ceb809000-7f9ceb80a000 r--p 00008000 00:00 1320004            /usr/lib/jvm/java-11-openjdk-amd64/lib/libzip.so
7f9ceb80a000-7f9ceb80b000 rw-p 00009000 00:00 1320004            /usr/lib/jvm/java-11-openjdk-amd64/lib/libzip.so
7f9ceb810000-7f9ceb813000 r--p 00000000 00:00 459934             /usr/lib/x86_64-linux-gnu/libnss_files-2.31.so
7f9ceb813000-7f9ceb81a000 r-xp 00003000 00:00 459934             /usr/lib/x86_64-linux-gnu/libnss_files-2.31.so
7f9ceb81a000-7f9ceb81c000 r--p 0000a000 00:00 459934             /usr/lib/x86_64-linux-gnu/libnss_files-2.31.so
7f9ceb81c000-7f9ceb81d000 r--p 0000b000 00:00 459934             /usr/lib/x86_64-linux-gnu/libnss_files-2.31.so
7f9ceb81d000-7f9ceb81e000 rw-p 0000c000 00:00 459934             /usr/lib/x86_64-linux-gnu/libnss_files-2.31.so
7f9ceb81e000-7f9ceb824000 rw-p 00000000 00:00 0
7f9ceb830000-7f9ceb831000 ---p 00000000 00:00 0
7f9ceb831000-7f9ceb832000 r--p 00000000 00:00 0
7f9ceb840000-7f9ceb842000 r--p 00000000 00:00 1319987            /usr/lib/jvm/java-11-openjdk-amd64/lib/libjimage.so
7f9ceb842000-7f9ceb845000 r-xp 00002000 00:00 1319987            /usr/lib/jvm/java-11-openjdk-amd64/lib/libjimage.so
7f9ceb845000-7f9ceb846000 r--p 00005000 00:00 1319987            /usr/lib/jvm/java-11-openjdk-amd64/lib/libjimage.so
7f9ceb846000-7f9ceb847000 ---p 00006000 00:00 1319987            /usr/lib/jvm/java-11-openjdk-amd64/lib/libjimage.so
7f9ceb847000-7f9ceb848000 r--p 00006000 00:00 1319987            /usr/lib/jvm/java-11-openjdk-amd64/lib/libjimage.so
7f9ceb848000-7f9ceb849000 rw-p 00007000 00:00 1319987            /usr/lib/jvm/java-11-openjdk-amd64/lib/libjimage.so
7f9ceb850000-7f9ceb85e000 r--p 00000000 00:00 1319984            /usr/lib/jvm/java-11-openjdk-amd64/lib/libjava.so
7f9ceb85e000-7f9ceb874000 r-xp 0000e000 00:00 1319984            /usr/lib/jvm/java-11-openjdk-amd64/lib/libjava.so
7f9ceb874000-7f9ceb87b000 r--p 00024000 00:00 1319984            /usr/lib/jvm/java-11-openjdk-amd64/lib/libjava.so
7f9ceb87b000-7f9ceb87c000 r--p 0002a000 00:00 1319984            /usr/lib/jvm/java-11-openjdk-amd64/lib/libjava.so
7f9ceb87c000-7f9ceb87d000 rw-p 0002b000 00:00 1319984            /usr/lib/jvm/java-11-openjdk-amd64/lib/libjava.so
7f9ceb87d000-7f9ceb87e000 rw-p 00000000 00:00 0
7f9ceb880000-7f9ceb885000 r--p 00000000 00:00 1320003            /usr/lib/jvm/java-11-openjdk-amd64/lib/libverify.so
7f9ceb885000-7f9ceb88c000 r-xp 00005000 00:00 1320003            /usr/lib/jvm/java-11-openjdk-amd64/lib/libverify.so
7f9ceb88c000-7f9ceb88e000 r--p 0000c000 00:00 1320003            /usr/lib/jvm/java-11-openjdk-amd64/lib/libverify.so
7f9ceb88e000-7f9ceb88f000 ---p 0000e000 00:00 1320003            /usr/lib/jvm/java-11-openjdk-amd64/lib/libverify.so
7f9ceb88f000-7f9ceb891000 r--p 0000e000 00:00 1320003            /usr/lib/jvm/java-11-openjdk-amd64/lib/libverify.so
7f9ceb891000-7f9ceb892000 rw-p 00010000 00:00 1320003            /usr/lib/jvm/java-11-openjdk-amd64/lib/libverify.so
7f9ceb8a0000-7f9ceb8a2000 r--p 00000000 00:00 523573             /usr/lib/x86_64-linux-gnu/librt-2.31.so
7f9ceb8a2000-7f9ceb8a6000 r-xp 00002000 00:00 523573             /usr/lib/x86_64-linux-gnu/librt-2.31.so
7f9ceb8a6000-7f9ceb8a8000 r--p 00006000 00:00 523573             /usr/lib/x86_64-linux-gnu/librt-2.31.so
7f9ceb8a8000-7f9ceb8a9000 r--p 00007000 00:00 523573             /usr/lib/x86_64-linux-gnu/librt-2.31.so
7f9ceb8a9000-7f9ceb8aa000 rw-p 00008000 00:00 523573             /usr/lib/x86_64-linux-gnu/librt-2.31.so
7f9ceb8b0000-7f9ceb8b4000 ---p 00000000 00:00 0
7f9ceb8b4000-7f9ceb9b1000 rw-p 00000000 00:00 0
7f9ceb9c0000-7f9ceb9c3000 r--p 00000000 00:00 195059             /usr/lib/x86_64-linux-gnu/libgcc_s.so.1
7f9ceb9c3000-7f9ceb9d5000 r-xp 00003000 00:00 195059             /usr/lib/x86_64-linux-gnu/libgcc_s.so.1
7f9ceb9d5000-7f9ceb9d9000 r--p 00015000 00:00 195059             /usr/lib/x86_64-linux-gnu/libgcc_s.so.1
7f9ceb9d9000-7f9ceb9da000 r--p 00018000 00:00 195059             /usr/lib/x86_64-linux-gnu/libgcc_s.so.1
7f9ceb9da000-7f9ceb9db000 rw-p 00019000 00:00 195059             /usr/lib/x86_64-linux-gnu/libgcc_s.so.1
7f9ceb9e1000-7f9ceb9ee000 r--p 00000000 00:00 456618             /usr/lib/x86_64-linux-gnu/libm-2.31.so
7f9ceb9ee000-7f9ceba95000 r-xp 0000d000 00:00 456618             /usr/lib/x86_64-linux-gnu/libm-2.31.so
7f9ceba95000-7f9cebb2e000 r--p 000b4000 00:00 456618             /usr/lib/x86_64-linux-gnu/libm-2.31.so
7f9cebb2e000-7f9cebb2f000 r--p 0014c000 00:00 456618             /usr/lib/x86_64-linux-gnu/libm-2.31.so
7f9cebb2f000-7f9cebb30000 rw-p 0014d000 00:00 456618             /usr/lib/x86_64-linux-gnu/libm-2.31.so
7f9cebb30000-7f9cebbc6000 r--p 00000000 00:00 195369             /usr/lib/x86_64-linux-gnu/libstdc++.so.6.0.28
7f9cebbc6000-7f9cebcb7000 r-xp 00096000 00:00 195369             /usr/lib/x86_64-linux-gnu/libstdc++.so.6.0.28
7f9cebcb7000-7f9cebd00000 r--p 00187000 00:00 195369             /usr/lib/x86_64-linux-gnu/libstdc++.so.6.0.28
7f9cebd00000-7f9cebd01000 ---p 001d0000 00:00 195369             /usr/lib/x86_64-linux-gnu/libstdc++.so.6.0.28
7f9cebd01000-7f9cebd0c000 r--p 001d0000 00:00 195369             /usr/lib/x86_64-linux-gnu/libstdc++.so.6.0.28
7f9cebd0c000-7f9cebd0f000 rw-p 001db000 00:00 195369             /usr/lib/x86_64-linux-gnu/libstdc++.so.6.0.28
7f9cebd0f000-7f9cebd12000 rw-p 00000000 00:00 0
7f9cebd20000-7f9cebfa2000 r--p 00000000 00:00 1320011            /usr/lib/jvm/java-11-openjdk-amd64/lib/server/libjvm.so
7f9cebfa2000-7f9cecc28000 r-xp 00282000 00:00 1320011            /usr/lib/jvm/java-11-openjdk-amd64/lib/server/libjvm.so
7f9cecc28000-7f9cece84000 r--p 00f08000 00:00 1320011            /usr/lib/jvm/java-11-openjdk-amd64/lib/server/libjvm.so
7f9cece84000-7f9cecf48000 r--p 01163000 00:00 1320011            /usr/lib/jvm/java-11-openjdk-amd64/lib/server/libjvm.so
7f9cecf48000-7f9cecf83000 rw-p 01227000 00:00 1320011            /usr/lib/jvm/java-11-openjdk-amd64/lib/server/libjvm.so
7f9cecf83000-7f9cecfda000 rw-p 00000000 00:00 0
7f9cecfe0000-7f9cecfe2000 rw-p 00000000 00:00 0
7f9cecfed000-7f9cecff3000 r--p 00000000 00:00 465349             /usr/lib/x86_64-linux-gnu/libpthread-2.31.so
7f9cecff3000-7f9ced004000 r-xp 00006000 00:00 465349             /usr/lib/x86_64-linux-gnu/libpthread-2.31.so
7f9ced004000-7f9ced00a000 r--p 00017000 00:00 465349             /usr/lib/x86_64-linux-gnu/libpthread-2.31.so
7f9ced00a000-7f9ced00b000 r--p 0001c000 00:00 465349             /usr/lib/x86_64-linux-gnu/libpthread-2.31.so
7f9ced00b000-7f9ced00c000 rw-p 0001d000 00:00 465349             /usr/lib/x86_64-linux-gnu/libpthread-2.31.so
7f9ced00c000-7f9ced010000 rw-p 00000000 00:00 0
7f9ced010000-7f9ced011000 r--p 00000000 00:00 456617             /usr/lib/x86_64-linux-gnu/libdl-2.31.so
7f9ced011000-7f9ced013000 r-xp 00001000 00:00 456617             /usr/lib/x86_64-linux-gnu/libdl-2.31.so
7f9ced013000-7f9ced014000 r--p 00003000 00:00 456617             /usr/lib/x86_64-linux-gnu/libdl-2.31.so
7f9ced014000-7f9ced015000 r--p 00003000 00:00 456617             /usr/lib/x86_64-linux-gnu/libdl-2.31.so
7f9ced015000-7f9ced016000 rw-p 00004000 00:00 456617             /usr/lib/x86_64-linux-gnu/libdl-2.31.so
7f9ced020000-7f9ced022000 r--p 00000000 00:00 194560             /usr/lib/x86_64-linux-gnu/libz.so.1.2.11
7f9ced022000-7f9ced033000 r-xp 00002000 00:00 194560             /usr/lib/x86_64-linux-gnu/libz.so.1.2.11
7f9ced033000-7f9ced039000 r--p 00013000 00:00 194560             /usr/lib/x86_64-linux-gnu/libz.so.1.2.11
7f9ced039000-7f9ced03a000 ---p 00019000 00:00 194560             /usr/lib/x86_64-linux-gnu/libz.so.1.2.11
7f9ced03a000-7f9ced03b000 r--p 00019000 00:00 194560             /usr/lib/x86_64-linux-gnu/libz.so.1.2.11
7f9ced03b000-7f9ced03c000 rw-p 0001a000 00:00 194560             /usr/lib/x86_64-linux-gnu/libz.so.1.2.11
7f9ced040000-7f9ced062000 r--p 00000000 00:00 456616             /usr/lib/x86_64-linux-gnu/libc-2.31.so
7f9ced062000-7f9ced1da000 r-xp 00022000 00:00 456616             /usr/lib/x86_64-linux-gnu/libc-2.31.so
7f9ced1da000-7f9ced228000 r--p 0019a000 00:00 456616             /usr/lib/x86_64-linux-gnu/libc-2.31.so
7f9ced228000-7f9ced22c000 r--p 001e7000 00:00 456616             /usr/lib/x86_64-linux-gnu/libc-2.31.so
7f9ced22c000-7f9ced22e000 rw-p 001eb000 00:00 456616             /usr/lib/x86_64-linux-gnu/libc-2.31.so
7f9ced22e000-7f9ced232000 rw-p 00000000 00:00 0
7f9ced240000-7f9ced243000 r--p 00000000 00:00 1319969            /usr/lib/jvm/java-11-openjdk-amd64/lib/jli/libjli.so
7f9ced243000-7f9ced24d000 r-xp 00003000 00:00 1319969            /usr/lib/jvm/java-11-openjdk-amd64/lib/jli/libjli.so
7f9ced24d000-7f9ced250000 r--p 0000d000 00:00 1319969            /usr/lib/jvm/java-11-openjdk-amd64/lib/jli/libjli.so
7f9ced250000-7f9ced251000 ---p 00010000 00:00 1319969            /usr/lib/jvm/java-11-openjdk-amd64/lib/jli/libjli.so
7f9ced251000-7f9ced252000 r--p 00010000 00:00 1319969            /usr/lib/jvm/java-11-openjdk-amd64/lib/jli/libjli.so
7f9ced252000-7f9ced253000 rw-p 00011000 00:00 1319969            /usr/lib/jvm/java-11-openjdk-amd64/lib/jli/libjli.so
7f9ced255000-7f9ced256000 r--p 00000000 00:00 185867             /usr/lib/locale/C.UTF-8/LC_NUMERIC
7f9ced256000-7f9ced257000 r--p 00000000 00:00 185870             /usr/lib/locale/C.UTF-8/LC_TIME
7f9ced257000-7f9ced258000 r--p 00000000 00:00 185865             /usr/lib/locale/C.UTF-8/LC_MONETARY
7f9ced258000-7f9ced259000 r--p 00000000 00:00 185863             /usr/lib/locale/C.UTF-8/LC_MESSAGES/SYS_LC_MESSAGES
7f9ced259000-7f9ced260000 r--s 00000000 00:00 849585             /usr/lib/x86_64-linux-gnu/gconv/gconv-modules.cache
7f9ced260000-7f9ced262000 rw-p 00000000 00:00 0
7f9ced262000-7f9ced263000 r--p 00000000 00:00 185868             /usr/lib/locale/C.UTF-8/LC_PAPER
7f9ced263000-7f9ced264000 r--p 00000000 00:00 185866             /usr/lib/locale/C.UTF-8/LC_NAME
7f9ced264000-7f9ced265000 r--p 00000000 00:00 185856             /usr/lib/locale/C.UTF-8/LC_ADDRESS
7f9ced265000-7f9ced266000 r--p 00000000 00:00 185869             /usr/lib/locale/C.UTF-8/LC_TELEPHONE
7f9ced266000-7f9ced268000 r--s 0000c000 00:00 1320243            /usr/share/java/java-atk-wrapper.jar
7f9ced268000-7f9ced270000 rw-s 00000000 00:00 538527             /tmp/hsperfdata_diego/16503
7f9ced270000-7f9ced271000 r--p 00000000 00:00 456611             /usr/lib/x86_64-linux-gnu/ld-2.31.so
7f9ced271000-7f9ced293000 r-xp 00001000 00:00 456611             /usr/lib/x86_64-linux-gnu/ld-2.31.so
7f9ced293000-7f9ced294000 r-xp 00023000 00:00 456611             /usr/lib/x86_64-linux-gnu/ld-2.31.so
7f9ced294000-7f9ced29b000 r--p 00024000 00:00 456611             /usr/lib/x86_64-linux-gnu/ld-2.31.so
7f9ced29b000-7f9ced29c000 r--p 0002b000 00:00 456611             /usr/lib/x86_64-linux-gnu/ld-2.31.so
7f9ced29c000-7f9ced29d000 r--p 00000000 00:00 185861             /usr/lib/locale/C.UTF-8/LC_MEASUREMENT
7f9ced29d000-7f9ced29e000 r--p 0002c000 00:00 456611             /usr/lib/x86_64-linux-gnu/ld-2.31.so
7f9ced29e000-7f9ced29f000 rw-p 0002d000 00:00 456611             /usr/lib/x86_64-linux-gnu/ld-2.31.so
7f9ced29f000-7f9ced2a0000 rw-p 00000000 00:00 0
7f9ced2a0000-7f9ced2a1000 r--p 00000000 00:00 185860             /usr/lib/locale/C.UTF-8/LC_IDENTIFICATION
7f9ced2a1000-7f9ced2a2000 r--p 00000000 00:00 1319846            /usr/lib/jvm/java-11-openjdk-amd64/bin/java
7f9ced2a2000-7f9ced2a3000 r-xp 00001000 00:00 1319846            /usr/lib/jvm/java-11-openjdk-amd64/bin/java
7f9ced2a3000-7f9ced2a4000 r--p 00002000 00:00 1319846            /usr/lib/jvm/java-11-openjdk-amd64/bin/java
7f9ced2a4000-7f9ced2a5000 r--p 00002000 00:00 1319846            /usr/lib/jvm/java-11-openjdk-amd64/bin/java
7f9ced2a5000-7f9ced2a6000 rw-p 00003000 00:00 1319846            /usr/lib/jvm/java-11-openjdk-amd64/bin/java
7fffefcac000-7fffefccd000 rw-p 00000000 00:00 0                  [heap]
7ffff6233000-7ffff6a33000 rw-p 00000000 00:00 0                  [stack]
7ffff6ccb000-7ffff6ccc000 r-xp 00000000 00:00 0                  [vdso]


VM Arguments:
jvm_args: -Dfile.encoding=UTF-8 -XX:-OmitStackTraceInFastThrow -XX:+TieredCompilation -XX:TieredStopAtLevel=1 -Dclojure.compile.path=/mnt/c/Users/Diego/Documents/Diego/Tec/Metodos-Computacionales/Tercer periodo/Clojure/vending-machine/target/default/classes -Dvending-machine.version=0.1.0-SNAPSHOT -Dclojure.debug=false 
java_command: clojure.main -i /tmp/form-init2600257846721728723.clj
java_class_path (initial): /mnt/c/Users/Diego/Documents/Diego/Tec/Metodos-Computacionales/Tercer periodo/Clojure/vending-machine/test:/mnt/c/Users/Diego/Documents/Diego/Tec/Metodos-Computacionales/Tercer periodo/Clojure/vending-machine/src:/mnt/c/Users/Diego/Documents/Diego/Tec/Metodos-Computacionales/Tercer periodo/Clojure/vending-machine/dev-resources:/mnt/c/Users/Diego/Documents/Diego/Tec/Metodos-Computacionales/Tercer periodo/Clojure/vending-machine/resources:/mnt/c/Users/Diego/Documents/Diego/Tec/Metodos-Computacionales/Tercer periodo/Clojure/vending-machine/target/default/classes:/home/diego/.m2/repository/org/clojure/clojure/1.10.0/clojure-1.10.0.jar:/home/diego/.m2/repository/org/clojure/spec.alpha/0.2.176/spec.alpha-0.2.176.jar:/home/diego/.m2/repository/org/clojure/core.specs.alpha/0.2.44/core.specs.alpha-0.2.44.jar:/home/diego/.m2/repository/nrepl/nrepl/0.6.0/nrepl-0.6.0.jar:/home/diego/.m2/repository/clojure-complete/clojure-complete/0.2.5/clojure-complete-0.2.5.jar
Launcher Type: SUN_STANDARD

[Global flags]
     intx CICompilerCount                          = 4                                         {product} {ergonomic}
     uint ConcGCThreads                            = 2                                         {product} {ergonomic}
     uint G1ConcRefinementThreads                  = 8                                         {product} {ergonomic}
   size_t G1HeapRegionSize                         = 1048576                                   {product} {ergonomic}
    uintx GCDrainStackTargetSize                   = 64                                        {product} {ergonomic}
   size_t InitialHeapSize                          = 132120576                                 {product} {ergonomic}
   size_t MarkStackSize                            = 4194304                                   {product} {ergonomic}
   size_t MaxHeapSize                              = 2092957696                                {product} {ergonomic}
   size_t MaxNewSize                               = 1255145472                                {product} {ergonomic}
   size_t MinHeapDeltaBytes                        = 1048576                                   {product} {ergonomic}
    uintx NonNMethodCodeHeapSize                   = 7549744                                {pd product} {ergonomic}
    uintx NonProfiledCodeHeapSize                  = 244108496                              {pd product} {ergonomic}
     bool OmitStackTraceInFastThrow                = false                                     {product} {command line}
    uintx ProfiledCodeHeapSize                     = 0                                      {pd product} {ergonomic}
    uintx ReservedCodeCacheSize                    = 251658240                              {pd product} {ergonomic}
     bool SegmentedCodeCache                       = true                                      {product} {ergonomic}
     bool TieredCompilation                        = true                                   {pd product} {command line}
     intx TieredStopAtLevel                        = 1                                         {product} {command line}
     bool UseCompressedClassPointers               = true                                 {lp64_product} {ergonomic}
     bool UseCompressedOops                        = true                                 {lp64_product} {ergonomic}
     bool UseG1GC                                  = true                                      {product} {ergonomic}

Logging:
Log output configuration:
 #0: stdout all=warning uptime,level,tags
 #1: stderr all=off uptime,level,tags

Environment Variables:
PATH=/home/diego/.vscode-server/bin/4af164ea3a06f701fe3e89a2bcbb421d2026b68f/bin/remote-cli:/usr/local/sbin:/usr/local/bin:/usr/sbin:/usr/bin:/sbin:/bin:/usr/games:/usr/local/games:/mnt/c/Windows/system32:/mnt/c/Windows:/mnt/c/Windows/System32/Wbem:/mnt/c/Windows/System32/WindowsPowerShell/v1.0/:/mnt/c/Windows/System32/OpenSSH/:/mnt/c/Program Files/Git/cmd:/mnt/c/Program Files/Microsoft SQL Server/150/Tools/Binn/:/mnt/c/Program Files/Microsoft SQL Server/Client SDK/ODBC/170/Tools/Binn/:/mnt/c/Program Files/dotnet/:/mnt/c/Program Files/PuTTY/:/mnt/c/Program Files/nodejs/:/mnt/c/Users/Diego/AppData/Local/Microsoft/WindowsApps:/mnt/c/Users/Diego/AppData/Local/Programs/Microsoft VS Code/bin:/mnt/c/w64devkit/bin:/mnt/c/Program Files/heroku/bin:/mnt/c/Users/Diego/.dotnet/tools:/mnt/c/Users/Diego/AppData/Roaming/npm:/snap/bin
SHELL=/bin/bash
HOSTTYPE=x86_64
LANG=C.UTF-8

Signal Handlers:
SIGSEGV: [libjvm.so+0xe95100], sa_mask[0]=11111111111111111111111111111110, sa_flags=SA_RESTART|SA_SIGINFO
SIGBUS: [libjvm.so+0xe95100], sa_mask[0]=11111111111111111111111111111110, sa_flags=SA_RESTART|SA_SIGINFO
SIGFPE: [libjvm.so+0xe95100], sa_mask[0]=11111111111111111111111111111110, sa_flags=SA_RESTART|SA_SIGINFO
SIGPIPE: [libjvm.so+0xbdca50], sa_mask[0]=11111111111111111111111111111110, sa_flags=SA_RESTART|SA_SIGINFO
SIGXFSZ: [libjvm.so+0xbdca50], sa_mask[0]=11111111111111111111111111111110, sa_flags=SA_RESTART|SA_SIGINFO
SIGILL: [libjvm.so+0xe95100], sa_mask[0]=11111111111111111111111111111110, sa_flags=SA_RESTART|SA_SIGINFO
SIGUSR2: [libjvm.so+0xbdc8f0], sa_mask[0]=00100000000000000000000000000000, sa_flags=SA_RESTART|SA_SIGINFO
SIGHUP: [libjvm.so+0xbdcd90], sa_mask[0]=11111111111111111111111111111110, sa_flags=SA_RESTART|SA_SIGINFO
SIGINT: [libjvm.so+0xbdcd90], sa_mask[0]=11111111111111111111111111111110, sa_flags=SA_RESTART|SA_SIGINFO
SIGTERM: [libjvm.so+0xbdcd90], sa_mask[0]=11111111111111111111111111111110, sa_flags=SA_RESTART|SA_SIGINFO
SIGQUIT: [libjvm.so+0xbdcd90], sa_mask[0]=11111111111111111111111111111110, sa_flags=SA_RESTART|SA_SIGINFO


---------------  S Y S T E M  ---------------

OS:DISTRIB_ID=Ubuntu
DISTRIB_RELEASE=20.04
DISTRIB_CODENAME=focal
DISTRIB_DESCRIPTION="Ubuntu 20.04.3 LTS"
uname:Linux 4.4.0-19041-Microsoft #1237-Microsoft Sat Sep 11 14:32:00 PST 2021 x86_64
OS uptime: 2 days 9:41 hours
libc:glibc 2.31 NPTL 2.31 
rlimit (soft/hard): STACK 8192k/8192k , CORE 0k/infinity , NPROC 7823/7823 , NOFILE 65536/65536 , AS infinity/infinity , CPU infinity/infinity , DATA infinity/infinity , FSIZE infinity/infinity , MEMLOCK 64k/64k
load average:0.52 0.58 0.59

/proc/meminfo:
MemTotal:        8170996 kB
MemFree:          710216 kB
Buffers:           34032 kB
Cached:           188576 kB
SwapCached:            0 kB
Active:           167556 kB
Inactive:         157876 kB
Active(anon):     103104 kB
Inactive(anon):    17440 kB
Active(file):      64452 kB
Inactive(file):   140436 kB
Unevictable:           0 kB
Mlocked:               0 kB
SwapTotal:      25165824 kB
SwapFree:       15181116 kB
Dirty:                 0 kB
Writeback:             0 kB
AnonPages:        102824 kB
Mapped:            71404 kB
Shmem:             17720 kB
Slab:              13868 kB
SReclaimable:       6744 kB
SUnreclaim:         7124 kB
KernelStack:        2848 kB
PageTables:         2524 kB
NFS_Unstable:          0 kB
Bounce:                0 kB
WritebackTmp:          0 kB
CommitLimit:      515524 kB
Committed_AS:    3450064 kB
VmallocTotal:     122880 kB
VmallocUsed:       21296 kB
VmallocChunk:      66044 kB
HardwareCorrupted:     0 kB
AnonHugePages:      2048 kB
HugePages_Total:       0
HugePages_Free:        0
HugePages_Rsvd:        0
HugePages_Surp:        0
Hugepagesize:       2048 kB
DirectMap4k:       12280 kB
DirectMap4M:      897024 kB

/sys/kernel/mm/transparent_hugepage/enabled:
<Not Available>
/sys/kernel/mm/transparent_hugepage/defrag (defrag/compaction efforts parameter):
<Not Available>

Process Memory:
Virtual Size: 5340804K (peak: 0K)
Resident Set Size: 138220K (peak: 0K)
C-Heap outstanding allocations: 11017K

/proc/sys/kernel/threads-max (system-wide limit on the number of threads):
32768
/proc/sys/vm/max_map_count (maximum number of memory map areas a process may have):
<Not Available>
/proc/sys/kernel/pid_max (system-wide limit on number of process identifiers):
32768

Steal ticks since vm start: 0
Steal ticks percentage since vm start:  0.000

CPU:total 8 (initial active 8) (4 cores per cpu, 2 threads per core) family 6 model 142 stepping 12 microcode 0xffffffff, cmov, cx8, fxsr, mmx, sse, sse2, sse3, ssse3, sse4.1, sse4.2, popcnt, avx, avx2, aes, clmul, erms, 3dnowpref, lzcnt, ht, tsc, tscinvbit, bmi1, bmi2, adx, fma
CPU Model and flags from /proc/cpuinfo:
model name	: Intel(R) Core(TM) i5-10210U CPU @ 1.60GHz
flags		: fpu vme de pse tsc msr pae mce cx8 apic sep mtrr pge mca cmov pat pse36 clflush dts acpi mmx fxsr sse sse2 ss ht tm pbe syscall nx pdpe1gb rdtscp lm pni pclmulqdq dtes64 monitor ds_cpl vmx est tm2 ssse3 fma cx16 xtpr pdcm pcid sse4_1 sse4_2 x2apic movbe popcnt tsc_deadline_timer aes xsave osxsave avx f16c rdrand lahf_lm abm 3dnowprefetch fsgsbase tsc_adjust bmi1 avx2 smep bmi2 erms invpcid mpx rdseed adx smap clflushopt intel_pt ibrs ibpb stibp ssbd
Online cpus:
0-7
Offline cpus:
<Not Available>
BIOS frequency limitation:
<Not Available>
Frequency switch latency (ns):
<Not Available>
Available cpu frequencies:
<Not Available>
Current governor:
<Not Available>
Core performance/turbo boost:
<Not Available>

Memory: 4k page, physical 8170996k(710248k free), swap 25165824k(15181116k free)

vm_info: OpenJDK 64-Bit Server VM (11.0.15+10-Ubuntu-0ubuntu0.20.04.1) for linux-amd64 JRE (11.0.15+10-Ubuntu-0ubuntu0.20.04.1), built on Apr 23 2022 13:02:10 by "unknown" with gcc 9.4.0

END.
