#
# A fatal error has been detected by the Java Runtime Environment:
#
#  SIGSEGV (0xb) at pc=0x00007f789e24b733, pid=20650, tid=20656
#
# JRE version: OpenJDK Runtime Environment (11.0.15+10) (build 11.0.15+10-Ubuntu-0ubuntu0.20.04.1)
# Java VM: OpenJDK 64-Bit Server VM (11.0.15+10-Ubuntu-0ubuntu0.20.04.1, mixed mode, sharing, tiered, compressed oops, g1 gc, linux-amd64)
# Problematic frame:
# C  [libc.so.6+0x18b733]
#
# Core dump will be written. Default location: core.20650 (may not exist)
#
# If you would like to submit a bug report, please visit:
#   Unknown
#

---------------  S U M M A R Y ------------

Command Line: -Dfile.encoding=UTF-8 -XX:-OmitStackTraceInFastThrow -XX:+TieredCompilation -XX:TieredStopAtLevel=1 -Dclojure.compile.path=/mnt/c/Users/Diego/Documents/Diego/Tec/Metodos-Computacionales/Tercer periodo/Clojure/vending-machine/target/default/classes -Dvending-machine.version=0.1.0-SNAPSHOT -Dclojure.debug=false clojure.main -i /tmp/form-init8111369728987261267.clj

Host: Intel(R) Core(TM) i5-10210U CPU @ 1.60GHz, 8 cores, 7G, Ubuntu 20.04.3 LTS
Time: Sun Jun 12 13:21:06 2022 CDT elapsed time: 2.395360 seconds (0d 0h 0m 2s)

---------------  T H R E A D  ---------------

Current thread (0x00007f789802e800):  GCTaskThread "GC Thread#0" [stack: 0x00007f789c582000,0x00007f789c682000] [id=20656]

Stack: [0x00007f789c582000,0x00007f789c682000],  sp=0x00007f789c6809f8,  free space=1018k
Native frames: (J=compiled Java code, A=aot compiled Java code, j=interpreted, Vv=VM code, C=native code)
C  [libc.so.6+0x18b733]
V  [libjvm.so+0x78f98b]
V  [libjvm.so+0x70049e]
V  [libjvm.so+0x7af008]
V  [libjvm.so+0x7af4ec]
V  [libjvm.so+0x756bcc]
V  [libjvm.so+0xec0ffd]
V  [libjvm.so+0xe27e70]
V  [libjvm.so+0xbe65f6]


siginfo: si_signo: 11 (SIGSEGV), si_code: 2 (SEGV_ACCERR), si_addr: 0x0000000083488000

Register to memory mapping:

RAX=0x000000008347ec98 points into unknown readable memory: 0x000000008347ec9b | 9b ec 47 83 00 00 00 00
RBX=0x00000000000088fa is an unknown value
RCX=0x000000000003b468 is an unknown value
RDX=0x00000000000447d0 is an unknown value
RSP=0x00007f789c6809f8 points into unknown readable memory: 0x00007f789d531e4b | 4b 1e 53 9d 78 7f 00 00
RBP=0x00007f789c680a80 points into unknown readable memory: 0x00007f789c680b10 | 10 0b 68 9c 78 7f 00 00
RSI=0x0000000086509368 points into unknown readable memory: 0xa400000000000000 | 00 00 00 00 00 00 00 a4
RDI=0x0000000083488000 points into unknown readable memory: 0x0000000000000000 | 00 00 00 00 00 00 00 00
R8 =0x0 is NULL
R9 =0x000000008347ec98 points into unknown readable memory: 0x000000008347ec9b | 9b ec 47 83 00 00 00 00
R10=0x0000000000000011 is an unknown value
R11=0x0000000000000002 is an unknown value
R12=0x0000000086500000 points into unknown readable memory: 0x000000008347ec9b | 9b ec 47 83 00 00 00 00
R13=0x00007f787c005cf0 points into unknown readable memory: 0x00007f789df10fb0 | b0 0f f1 9d 78 7f 00 00
R14=0x00000000000088fa is an unknown value
R15=0x0000000000000001 is an unknown value


Registers:
RAX=0x000000008347ec98, RBX=0x00000000000088fa, RCX=0x000000000003b468, RDX=0x00000000000447d0
RSP=0x00007f789c6809f8, RBP=0x00007f789c680a80, RSI=0x0000000086509368, RDI=0x0000000083488000
R8 =0x0000000000000000, R9 =0x000000008347ec98, R10=0x0000000000000011, R11=0x0000000000000002
R12=0x0000000086500000, R13=0x00007f787c005cf0, R14=0x00000000000088fa, R15=0x0000000000000001
RIP=0x00007f789e24b733, EFLAGS=0x0000000000010283, CSGSFS=0x00000053002b0033, ERR=0x0000000000000000
  TRAPNO=0x0000000000000000

Top of Stack: (sp=0x00007f789c6809f8)
0x00007f789c6809f8:   00007f789d531e4b 0000000000000000
0x00007f789c680a08:   00007f789d533a57 0000000000000000
0x00007f789c680a18:   0000000000000011 0000000000000011
0x00007f789c680a28:   000000008347ec02 00007f7800000001 

Instructions: (pc=0x00007f789e24b733)
0x00007f789e24b633:   c5 f8 77 c3 66 0f 1f 84 00 00 00 00 00 f3 0f 1e
0x00007f789e24b643:   fa 48 39 d1 0f 82 f3 2c fa ff 0f 1f 00 f3 0f 1e
0x00007f789e24b653:   fa 48 89 f8 48 01 d0 eb 1b 0f 1f 40 00 f3 0f 1e
0x00007f789e24b663:   fa 48 39 d1 0f 82 d3 2c fa ff 0f 1f 00 f3 0f 1e
0x00007f789e24b673:   fa 48 89 f8 48 83 fa 20 0f 82 b5 00 00 00 48 83
0x00007f789e24b683:   fa 40 0f 87 18 01 00 00 c5 fe 6f 06 c5 fe 6f 4c
0x00007f789e24b693:   16 e0 c5 fe 7f 07 c5 fe 7f 4c 17 e0 c5 f8 77 c3
0x00007f789e24b6a3:   66 66 2e 0f 1f 84 00 00 00 00 00 66 90 f3 0f 1e
0x00007f789e24b6b3:   fa 48 39 d1 0f 82 83 2c fa ff 0f 1f 00 f3 0f 1e
0x00007f789e24b6c3:   fa 48 89 f8 48 01 d0 eb 1b 0f 1f 40 00 f3 0f 1e
0x00007f789e24b6d3:   fa 48 39 d1 0f 82 63 2c fa ff 0f 1f 00 f3 0f 1e
0x00007f789e24b6e3:   fa 48 89 f8 48 83 fa 20 72 49 48 83 fa 40 0f 87
0x00007f789e24b6f3:   9f 00 00 00 c5 fe 6f 06 c5 fe 6f 4c 16 e0 c5 fe
0x00007f789e24b703:   7f 07 c5 fe 7f 4c 17 e0 c5 f8 77 c3 48 3b 15 a2
0x00007f789e24b713:   5d 06 00 0f 83 25 01 00 00 48 39 f7 72 0f 74 12
0x00007f789e24b723:   4c 8d 0c 16 4c 39 cf 0f 82 c5 01 00 00 48 89 d1
0x00007f789e24b733:   f3 a4 c3 80 fa 10 73 17 80 fa 08 73 27 80 fa 04
0x00007f789e24b743:   73 33 80 fa 01 77 3b 72 05 0f b6 0e 88 0f c3 c5
0x00007f789e24b753:   fa 6f 06 c5 fa 6f 4c 16 f0 c5 fa 7f 07 c5 fa 7f
0x00007f789e24b763:   4c 17 f0 c3 48 8b 4c 16 f8 48 8b 36 48 89 4c 17
0x00007f789e24b773:   f8 48 89 37 c3 8b 4c 16 fc 8b 36 89 4c 17 fc 89
0x00007f789e24b783:   37 c3 0f b7 4c 16 fe 0f b7 36 66 89 4c 17 fe 66
0x00007f789e24b793:   89 37 c3 48 81 fa 00 10 00 00 0f 87 6c ff ff ff
0x00007f789e24b7a3:   48 81 fa 00 01 00 00 0f 87 91 00 00 00 48 81 fa
0x00007f789e24b7b3:   80 00 00 00 72 5a c5 fe 6f 06 c5 fe 6f 4e 20 c5
0x00007f789e24b7c3:   fe 6f 56 40 c5 fe 6f 5e 60 c5 fe 6f 64 16 e0 c5
0x00007f789e24b7d3:   fe 6f 6c 16 c0 c5 fe 6f 74 16 a0 c5 fe 6f 7c 16
0x00007f789e24b7e3:   80 c5 fe 7f 07 c5 fe 7f 4f 20 c5 fe 7f 57 40 c5
0x00007f789e24b7f3:   fe 7f 5f 60 c5 fe 7f 64 17 e0 c5 fe 7f 6c 17 c0
0x00007f789e24b803:   c5 fe 7f 74 17 a0 c5 fe 7f 7c 17 80 c5 f8 77 c3
0x00007f789e24b813:   c5 fe 6f 06 c5 fe 6f 4e 20 c5 fe 6f 54 16 e0 c5
0x00007f789e24b823:   fe 6f 5c 16 c0 c5 fe 7f 07 c5 fe 7f 4f 20 c5 fe 


Stack slot to memory mapping:
stack at sp + 0 slots: 0x00007f789d531e4b: <offset 0x0000000000791e4b> in /usr/lib/jvm/java-11-openjdk-amd64/lib/server/libjvm.so at 0x00007f789cda0000
stack at sp + 1 slots: 0x0 is NULL
stack at sp + 2 slots: 0x00007f789d533a57: <offset 0x0000000000793a57> in /usr/lib/jvm/java-11-openjdk-amd64/lib/server/libjvm.so at 0x00007f789cda0000
stack at sp + 3 slots: 0x0 is NULL
stack at sp + 4 slots: 0x0000000000000011 is an unknown value
stack at sp + 5 slots: 0x0000000000000011 is an unknown value
stack at sp + 6 slots: 0x000000008347ec02 is pointing into object: clojure.lang.PersistentHashMap 
{0x000000008347ec00} - klass: 'clojure/lang/PersistentHashMap'
stack at sp + 7 slots: 0x00007f7800000001 is an unknown value


---------------  P R O C E S S  ---------------

Threads class SMR info:
_java_thread_list=0x00007f78981913f0, length=8, elements={
0x00007f7898016800, 0x00007f7898124000, 0x00007f7898126000, 0x00007f789812e000,
0x00007f7898130000, 0x00007f7898132800, 0x00007f7898134800, 0x00007f7898190000
}

Java Threads: ( => current thread )
  0x00007f7898016800 JavaThread "main" [_thread_blocked, id=20655, stack(0x00007f789c930000,0x00007f789ca31000)]
  0x00007f7898124000 JavaThread "Reference Handler" daemon [_thread_blocked, id=20662, stack(0x00007f78741f0000,0x00007f78742f1000)]
  0x00007f7898126000 JavaThread "Finalizer" daemon [_thread_blocked, id=20663, stack(0x00007f78740e0000,0x00007f78741e1000)]
  0x00007f789812e000 JavaThread "Signal Dispatcher" daemon [_thread_blocked, id=20664, stack(0x00007f7857aa0000,0x00007f7857ba1000)]
  0x00007f7898130000 JavaThread "Service Thread" daemon [_thread_blocked, id=20665, stack(0x00007f7857990000,0x00007f7857a91000)]
  0x00007f7898132800 JavaThread "C1 CompilerThread0" daemon [_thread_blocked, id=20666, stack(0x00007f7857880000,0x00007f7857981000)]
  0x00007f7898134800 JavaThread "Sweeper thread" daemon [_thread_blocked, id=20667, stack(0x00007f7857770000,0x00007f7857871000)]
  0x00007f7898190000 JavaThread "Common-Cleaner" daemon [_thread_blocked, id=20669, stack(0x00007f7857550000,0x00007f7857651000)]

Other Threads:
  0x00007f7898121000 VMThread "VM Thread" [stack: 0x00007f7874302000,0x00007f7874402000] [id=20661]
  0x00007f789818d000 WatcherThread [stack: 0x00007f7857662000,0x00007f7857762000] [id=20668]
=>0x00007f789802e800 GCTaskThread "GC Thread#0" [stack: 0x00007f789c582000,0x00007f789c682000] [id=20656]
  0x00007f7864001000 GCTaskThread "GC Thread#1" [stack: 0x00007f7857442000,0x00007f7857542000] [id=20671]
  0x00007f7864002800 GCTaskThread "GC Thread#2" [stack: 0x00007f7857332000,0x00007f7857432000] [id=20672]
  0x00007f7898060800 ConcurrentGCThread "G1 Main Marker" [stack: 0x00007f78778b2000,0x00007f78779b2000] [id=20657]
  0x00007f7898062800 ConcurrentGCThread "G1 Conc#0" [stack: 0x00007f78777a2000,0x00007f78778a2000] [id=20658]
  0x00007f78980ed800 ConcurrentGCThread "G1 Refine#0" [stack: 0x00007f7874e12000,0x00007f7874f12000] [id=20659]
  0x00007f78980ef000 ConcurrentGCThread "G1 Young RemSet Sampling" [stack: 0x00007f7874d02000,0x00007f7874e02000] [id=20660]

Threads with active compile tasks:
C1 CompilerThread0     2409 2220       1       clojure.core$fn::invokeStatic (264 bytes)

VM state:at safepoint (normal execution)

VM Mutex/Monitor currently owned by a thread:  ([mutex/lock_event])
[0x00007f7898012de0] Threads_lock - owner thread: 0x00007f7898121000
[0x00007f78980135c0] Heap_lock - owner thread: 0x00007f7898016800

Heap address: 0x0000000083400000, size: 1996 MB, Compressed Oops mode: 32-bit
Narrow klass base: 0x0000000800000000, Narrow klass shift: 3
Compressed class space size: 1073741824 Address: 0x0000000840000000

Heap:
 garbage-first heap   total 131072K, used 77015K [0x0000000083400000, 0x0000000100000000)
  region size 1024K, 74 young (75776K), 5 survivors (5120K)
 Metaspace       used 13626K, capacity 17931K, committed 18048K, reserved 1062912K
  class space    used 3375K, capacity 4222K, committed 4224K, reserved 1048576K
Heap Regions: E=young(eden), S=young(survivor), O=old, HS=humongous(starts), HC=humongous(continues), CS=collection set, F=free, A=archive, TAMS=top-at-mark-start (previous, next)
|   0|0x0000000083400000, 0x0000000083500000, 0x0000000083500000|100%| O|  |TAMS 0x0000000083400000, 0x0000000083400000| Untracked 
|   1|0x0000000083500000, 0x0000000083600000, 0x0000000083600000|100%| O|  |TAMS 0x0000000083500000, 0x0000000083500000| Untracked 
|   2|0x0000000083600000, 0x000000008365b9c8, 0x0000000083700000| 35%| O|  |TAMS 0x0000000083600000, 0x0000000083600000| Untracked 
|   3|0x0000000083700000, 0x0000000083700000, 0x0000000083800000|  0%| F|  |TAMS 0x0000000083700000, 0x0000000083700000| Untracked 
|   4|0x0000000083800000, 0x0000000083800000, 0x0000000083900000|  0%| F|  |TAMS 0x0000000083800000, 0x0000000083800000| Untracked 
|   5|0x0000000083900000, 0x0000000083900000, 0x0000000083a00000|  0%| F|  |TAMS 0x0000000083900000, 0x0000000083900000| Untracked 
|   6|0x0000000083a00000, 0x0000000083a00000, 0x0000000083b00000|  0%| F|  |TAMS 0x0000000083a00000, 0x0000000083a00000| Untracked 
|   7|0x0000000083b00000, 0x0000000083b00000, 0x0000000083c00000|  0%| F|  |TAMS 0x0000000083b00000, 0x0000000083b00000| Untracked 
|   8|0x0000000083c00000, 0x0000000083c00000, 0x0000000083d00000|  0%| F|  |TAMS 0x0000000083c00000, 0x0000000083c00000| Untracked 
|   9|0x0000000083d00000, 0x0000000083d00000, 0x0000000083e00000|  0%| F|  |TAMS 0x0000000083d00000, 0x0000000083d00000| Untracked 
|  10|0x0000000083e00000, 0x0000000083e00000, 0x0000000083f00000|  0%| F|  |TAMS 0x0000000083e00000, 0x0000000083e00000| Untracked 
|  11|0x0000000083f00000, 0x0000000083f00000, 0x0000000084000000|  0%| F|  |TAMS 0x0000000083f00000, 0x0000000083f00000| Untracked 
|  12|0x0000000084000000, 0x0000000084000000, 0x0000000084100000|  0%| F|  |TAMS 0x0000000084000000, 0x0000000084000000| Untracked 
|  13|0x0000000084100000, 0x0000000084100000, 0x0000000084200000|  0%| F|  |TAMS 0x0000000084100000, 0x0000000084100000| Untracked 
|  14|0x0000000084200000, 0x0000000084200000, 0x0000000084300000|  0%| F|  |TAMS 0x0000000084200000, 0x0000000084200000| Untracked 
|  15|0x0000000084300000, 0x0000000084300000, 0x0000000084400000|  0%| F|  |TAMS 0x0000000084300000, 0x0000000084300000| Untracked 
|  16|0x0000000084400000, 0x0000000084400000, 0x0000000084500000|  0%| F|  |TAMS 0x0000000084400000, 0x0000000084400000| Untracked 
|  17|0x0000000084500000, 0x0000000084500000, 0x0000000084600000|  0%| F|  |TAMS 0x0000000084500000, 0x0000000084500000| Untracked 
|  18|0x0000000084600000, 0x0000000084600000, 0x0000000084700000|  0%| F|  |TAMS 0x0000000084600000, 0x0000000084600000| Untracked 
|  19|0x0000000084700000, 0x0000000084700000, 0x0000000084800000|  0%| F|  |TAMS 0x0000000084700000, 0x0000000084700000| Untracked 
|  20|0x0000000084800000, 0x0000000084800000, 0x0000000084900000|  0%| F|  |TAMS 0x0000000084800000, 0x0000000084800000| Untracked 
|  21|0x0000000084900000, 0x0000000084900000, 0x0000000084a00000|  0%| F|  |TAMS 0x0000000084900000, 0x0000000084900000| Untracked 
|  22|0x0000000084a00000, 0x0000000084a00000, 0x0000000084b00000|  0%| F|  |TAMS 0x0000000084a00000, 0x0000000084a00000| Untracked 
|  23|0x0000000084b00000, 0x0000000084b00000, 0x0000000084c00000|  0%| F|  |TAMS 0x0000000084b00000, 0x0000000084b00000| Untracked 
|  24|0x0000000084c00000, 0x0000000084c00000, 0x0000000084d00000|  0%| F|  |TAMS 0x0000000084c00000, 0x0000000084c00000| Untracked 
|  25|0x0000000084d00000, 0x0000000084d00000, 0x0000000084e00000|  0%| F|  |TAMS 0x0000000084d00000, 0x0000000084d00000| Untracked 
|  26|0x0000000084e00000, 0x0000000084e00000, 0x0000000084f00000|  0%| F|  |TAMS 0x0000000084e00000, 0x0000000084e00000| Untracked 
|  27|0x0000000084f00000, 0x0000000084f00000, 0x0000000085000000|  0%| F|  |TAMS 0x0000000084f00000, 0x0000000084f00000| Untracked 
|  28|0x0000000085000000, 0x0000000085000000, 0x0000000085100000|  0%| F|  |TAMS 0x0000000085000000, 0x0000000085000000| Untracked 
|  29|0x0000000085100000, 0x0000000085100000, 0x0000000085200000|  0%| F|  |TAMS 0x0000000085100000, 0x0000000085100000| Untracked 
|  30|0x0000000085200000, 0x0000000085200000, 0x0000000085300000|  0%| F|  |TAMS 0x0000000085200000, 0x0000000085200000| Untracked 
|  31|0x0000000085300000, 0x0000000085300000, 0x0000000085400000|  0%| F|  |TAMS 0x0000000085300000, 0x0000000085300000| Untracked 
|  32|0x0000000085400000, 0x0000000085400000, 0x0000000085500000|  0%| F|  |TAMS 0x0000000085400000, 0x0000000085400000| Untracked 
|  33|0x0000000085500000, 0x0000000085500000, 0x0000000085600000|  0%| F|  |TAMS 0x0000000085500000, 0x0000000085500000| Untracked 
|  34|0x0000000085600000, 0x0000000085600000, 0x0000000085700000|  0%| F|  |TAMS 0x0000000085600000, 0x0000000085600000| Untracked 
|  35|0x0000000085700000, 0x0000000085700000, 0x0000000085800000|  0%| F|  |TAMS 0x0000000085700000, 0x0000000085700000| Untracked 
|  36|0x0000000085800000, 0x0000000085800000, 0x0000000085900000|  0%| F|  |TAMS 0x0000000085800000, 0x0000000085800000| Untracked 
|  37|0x0000000085900000, 0x0000000085900000, 0x0000000085a00000|  0%| F|  |TAMS 0x0000000085900000, 0x0000000085900000| Untracked 
|  38|0x0000000085a00000, 0x0000000085a00000, 0x0000000085b00000|  0%| F|  |TAMS 0x0000000085a00000, 0x0000000085a00000| Untracked 
|  39|0x0000000085b00000, 0x0000000085b00000, 0x0000000085c00000|  0%| F|  |TAMS 0x0000000085b00000, 0x0000000085b00000| Untracked 
|  40|0x0000000085c00000, 0x0000000085c00000, 0x0000000085d00000|  0%| F|  |TAMS 0x0000000085c00000, 0x0000000085c00000| Untracked 
|  41|0x0000000085d00000, 0x0000000085d00000, 0x0000000085e00000|  0%| F|  |TAMS 0x0000000085d00000, 0x0000000085d00000| Untracked 
|  42|0x0000000085e00000, 0x0000000085e00000, 0x0000000085f00000|  0%| F|  |TAMS 0x0000000085e00000, 0x0000000085e00000| Untracked 
|  43|0x0000000085f00000, 0x0000000085f00000, 0x0000000086000000|  0%| F|  |TAMS 0x0000000085f00000, 0x0000000085f00000| Untracked 
|  44|0x0000000086000000, 0x0000000086000000, 0x0000000086100000|  0%| F|  |TAMS 0x0000000086000000, 0x0000000086000000| Untracked 
|  45|0x0000000086100000, 0x0000000086183fe0, 0x0000000086200000| 51%| E|CS|TAMS 0x0000000086100000, 0x0000000086100000| Complete 
|  46|0x0000000086200000, 0x0000000086300000, 0x0000000086300000|100%| E|CS|TAMS 0x0000000086200000, 0x0000000086200000| Complete 
|  47|0x0000000086300000, 0x0000000086400000, 0x0000000086400000|100%| E|CS|TAMS 0x0000000086300000, 0x0000000086300000| Complete 
|  48|0x0000000086400000, 0x0000000086500000, 0x0000000086500000|100%| E|CS|TAMS 0x0000000086400000, 0x0000000086400000| Complete 
|  49|0x0000000086500000, 0x0000000086600000, 0x0000000086600000|100%| E|CS|TAMS 0x0000000086500000, 0x0000000086500000| Complete 
|  50|0x0000000086600000, 0x0000000086700000, 0x0000000086700000|100%| E|CS|TAMS 0x0000000086600000, 0x0000000086600000| Complete 
|  51|0x0000000086700000, 0x0000000086700000, 0x0000000086800000|  0%| F|  |TAMS 0x0000000086700000, 0x0000000086700000| Untracked 
|  52|0x0000000086800000, 0x0000000086848338, 0x0000000086900000| 28%| S|  |TAMS 0x0000000086800000, 0x0000000086800000| Complete 
|  53|0x0000000086900000, 0x0000000086a00000, 0x0000000086a00000|100%| S|  |TAMS 0x0000000086900000, 0x0000000086900000| Complete 
|  54|0x0000000086a00000, 0x0000000086b00000, 0x0000000086b00000|100%| S|  |TAMS 0x0000000086a00000, 0x0000000086a00000| Complete 
|  55|0x0000000086b00000, 0x0000000086c00000, 0x0000000086c00000|100%| S|  |TAMS 0x0000000086b00000, 0x0000000086b00000| Complete 
|  56|0x0000000086c00000, 0x0000000086d00000, 0x0000000086d00000|100%| S|  |TAMS 0x0000000086c00000, 0x0000000086c00000| Complete 
|  57|0x0000000086d00000, 0x0000000086e00000, 0x0000000086e00000|100%| E|CS|TAMS 0x0000000086d00000, 0x0000000086d00000| Complete 
|  58|0x0000000086e00000, 0x0000000086f00000, 0x0000000086f00000|100%| E|CS|TAMS 0x0000000086e00000, 0x0000000086e00000| Complete 
|  59|0x0000000086f00000, 0x0000000087000000, 0x0000000087000000|100%| E|CS|TAMS 0x0000000086f00000, 0x0000000086f00000| Complete 
|  60|0x0000000087000000, 0x0000000087100000, 0x0000000087100000|100%| E|CS|TAMS 0x0000000087000000, 0x0000000087000000| Complete 
|  61|0x0000000087100000, 0x0000000087200000, 0x0000000087200000|100%| E|CS|TAMS 0x0000000087100000, 0x0000000087100000| Complete 
|  62|0x0000000087200000, 0x0000000087300000, 0x0000000087300000|100%| E|CS|TAMS 0x0000000087200000, 0x0000000087200000| Complete 
|  63|0x0000000087300000, 0x0000000087400000, 0x0000000087400000|100%| E|CS|TAMS 0x0000000087300000, 0x0000000087300000| Complete 
|  64|0x0000000087400000, 0x0000000087500000, 0x0000000087500000|100%| E|CS|TAMS 0x0000000087400000, 0x0000000087400000| Complete 
|  65|0x0000000087500000, 0x0000000087600000, 0x0000000087600000|100%| E|CS|TAMS 0x0000000087500000, 0x0000000087500000| Complete 
|  66|0x0000000087600000, 0x0000000087700000, 0x0000000087700000|100%| E|CS|TAMS 0x0000000087600000, 0x0000000087600000| Complete 
|  67|0x0000000087700000, 0x0000000087800000, 0x0000000087800000|100%| E|CS|TAMS 0x0000000087700000, 0x0000000087700000| Complete 
|  68|0x0000000087800000, 0x0000000087900000, 0x0000000087900000|100%| E|CS|TAMS 0x0000000087800000, 0x0000000087800000| Complete 
|  69|0x0000000087900000, 0x0000000087a00000, 0x0000000087a00000|100%| E|CS|TAMS 0x0000000087900000, 0x0000000087900000| Complete 
|  70|0x0000000087a00000, 0x0000000087b00000, 0x0000000087b00000|100%| E|CS|TAMS 0x0000000087a00000, 0x0000000087a00000| Complete 
|  71|0x0000000087b00000, 0x0000000087c00000, 0x0000000087c00000|100%| E|CS|TAMS 0x0000000087b00000, 0x0000000087b00000| Complete 
|  72|0x0000000087c00000, 0x0000000087d00000, 0x0000000087d00000|100%| E|CS|TAMS 0x0000000087c00000, 0x0000000087c00000| Complete 
|  73|0x0000000087d00000, 0x0000000087e00000, 0x0000000087e00000|100%| E|CS|TAMS 0x0000000087d00000, 0x0000000087d00000| Complete 
|  74|0x0000000087e00000, 0x0000000087f00000, 0x0000000087f00000|100%| E|CS|TAMS 0x0000000087e00000, 0x0000000087e00000| Complete 
|  75|0x0000000087f00000, 0x0000000088000000, 0x0000000088000000|100%| E|CS|TAMS 0x0000000087f00000, 0x0000000087f00000| Complete 
|  76|0x0000000088000000, 0x0000000088100000, 0x0000000088100000|100%| E|CS|TAMS 0x0000000088000000, 0x0000000088000000| Complete 
|  77|0x0000000088100000, 0x0000000088200000, 0x0000000088200000|100%| E|CS|TAMS 0x0000000088100000, 0x0000000088100000| Complete 
|  78|0x0000000088200000, 0x0000000088300000, 0x0000000088300000|100%| E|CS|TAMS 0x0000000088200000, 0x0000000088200000| Complete 
|  79|0x0000000088300000, 0x0000000088400000, 0x0000000088400000|100%| E|CS|TAMS 0x0000000088300000, 0x0000000088300000| Complete 
|  80|0x0000000088400000, 0x0000000088500000, 0x0000000088500000|100%| E|CS|TAMS 0x0000000088400000, 0x0000000088400000| Complete 
|  81|0x0000000088500000, 0x0000000088600000, 0x0000000088600000|100%| E|CS|TAMS 0x0000000088500000, 0x0000000088500000| Complete 
|  82|0x0000000088600000, 0x0000000088700000, 0x0000000088700000|100%| E|CS|TAMS 0x0000000088600000, 0x0000000088600000| Complete 
|  83|0x0000000088700000, 0x0000000088800000, 0x0000000088800000|100%| E|CS|TAMS 0x0000000088700000, 0x0000000088700000| Complete 
|  84|0x0000000088800000, 0x0000000088900000, 0x0000000088900000|100%| E|CS|TAMS 0x0000000088800000, 0x0000000088800000| Complete 
|  85|0x0000000088900000, 0x0000000088a00000, 0x0000000088a00000|100%| E|CS|TAMS 0x0000000088900000, 0x0000000088900000| Complete 
|  86|0x0000000088a00000, 0x0000000088b00000, 0x0000000088b00000|100%| E|CS|TAMS 0x0000000088a00000, 0x0000000088a00000| Complete 
|  87|0x0000000088b00000, 0x0000000088c00000, 0x0000000088c00000|100%| E|CS|TAMS 0x0000000088b00000, 0x0000000088b00000| Complete 
|  88|0x0000000088c00000, 0x0000000088d00000, 0x0000000088d00000|100%| E|CS|TAMS 0x0000000088c00000, 0x0000000088c00000| Complete 
|  89|0x0000000088d00000, 0x0000000088e00000, 0x0000000088e00000|100%| E|CS|TAMS 0x0000000088d00000, 0x0000000088d00000| Complete 
|  90|0x0000000088e00000, 0x0000000088f00000, 0x0000000088f00000|100%| E|CS|TAMS 0x0000000088e00000, 0x0000000088e00000| Complete 
|  91|0x0000000088f00000, 0x0000000089000000, 0x0000000089000000|100%| E|CS|TAMS 0x0000000088f00000, 0x0000000088f00000| Complete 
|  92|0x0000000089000000, 0x0000000089100000, 0x0000000089100000|100%| E|CS|TAMS 0x0000000089000000, 0x0000000089000000| Complete 
|  93|0x0000000089100000, 0x0000000089200000, 0x0000000089200000|100%| E|CS|TAMS 0x0000000089100000, 0x0000000089100000| Complete 
|  94|0x0000000089200000, 0x0000000089300000, 0x0000000089300000|100%| E|CS|TAMS 0x0000000089200000, 0x0000000089200000| Complete 
|  95|0x0000000089300000, 0x0000000089400000, 0x0000000089400000|100%| E|CS|TAMS 0x0000000089300000, 0x0000000089300000| Complete 
|  96|0x0000000089400000, 0x0000000089500000, 0x0000000089500000|100%| E|CS|TAMS 0x0000000089400000, 0x0000000089400000| Complete 
|  97|0x0000000089500000, 0x0000000089600000, 0x0000000089600000|100%| E|CS|TAMS 0x0000000089500000, 0x0000000089500000| Complete 
|  98|0x0000000089600000, 0x0000000089700000, 0x0000000089700000|100%| E|CS|TAMS 0x0000000089600000, 0x0000000089600000| Complete 
|  99|0x0000000089700000, 0x0000000089800000, 0x0000000089800000|100%| E|CS|TAMS 0x0000000089700000, 0x0000000089700000| Complete 
| 100|0x0000000089800000, 0x0000000089900000, 0x0000000089900000|100%| E|CS|TAMS 0x0000000089800000, 0x0000000089800000| Complete 
| 101|0x0000000089900000, 0x0000000089a00000, 0x0000000089a00000|100%| E|CS|TAMS 0x0000000089900000, 0x0000000089900000| Complete 
| 102|0x0000000089a00000, 0x0000000089b00000, 0x0000000089b00000|100%| E|CS|TAMS 0x0000000089a00000, 0x0000000089a00000| Complete 
| 103|0x0000000089b00000, 0x0000000089c00000, 0x0000000089c00000|100%| E|CS|TAMS 0x0000000089b00000, 0x0000000089b00000| Complete 
| 104|0x0000000089c00000, 0x0000000089d00000, 0x0000000089d00000|100%| E|CS|TAMS 0x0000000089c00000, 0x0000000089c00000| Complete 
| 105|0x0000000089d00000, 0x0000000089e00000, 0x0000000089e00000|100%| E|CS|TAMS 0x0000000089d00000, 0x0000000089d00000| Complete 
| 106|0x0000000089e00000, 0x0000000089f00000, 0x0000000089f00000|100%| E|CS|TAMS 0x0000000089e00000, 0x0000000089e00000| Complete 
| 107|0x0000000089f00000, 0x000000008a000000, 0x000000008a000000|100%| E|CS|TAMS 0x0000000089f00000, 0x0000000089f00000| Complete 
| 108|0x000000008a000000, 0x000000008a100000, 0x000000008a100000|100%| E|CS|TAMS 0x000000008a000000, 0x000000008a000000| Complete 
| 109|0x000000008a100000, 0x000000008a200000, 0x000000008a200000|100%| E|CS|TAMS 0x000000008a100000, 0x000000008a100000| Complete 
| 110|0x000000008a200000, 0x000000008a300000, 0x000000008a300000|100%| E|CS|TAMS 0x000000008a200000, 0x000000008a200000| Complete 
| 111|0x000000008a300000, 0x000000008a400000, 0x000000008a400000|100%| E|CS|TAMS 0x000000008a300000, 0x000000008a300000| Complete 
| 112|0x000000008a400000, 0x000000008a500000, 0x000000008a500000|100%| E|CS|TAMS 0x000000008a400000, 0x000000008a400000| Complete 
| 113|0x000000008a500000, 0x000000008a600000, 0x000000008a600000|100%| E|CS|TAMS 0x000000008a500000, 0x000000008a500000| Complete 
| 114|0x000000008a600000, 0x000000008a700000, 0x000000008a700000|100%| E|CS|TAMS 0x000000008a600000, 0x000000008a600000| Complete 
| 115|0x000000008a700000, 0x000000008a800000, 0x000000008a800000|100%| E|CS|TAMS 0x000000008a700000, 0x000000008a700000| Complete 
| 116|0x000000008a800000, 0x000000008a900000, 0x000000008a900000|100%| E|CS|TAMS 0x000000008a800000, 0x000000008a800000| Complete 
| 117|0x000000008a900000, 0x000000008aa00000, 0x000000008aa00000|100%| E|CS|TAMS 0x000000008a900000, 0x000000008a900000| Complete 
| 118|0x000000008aa00000, 0x000000008ab00000, 0x000000008ab00000|100%| E|CS|TAMS 0x000000008aa00000, 0x000000008aa00000| Complete 
| 119|0x000000008ab00000, 0x000000008ac00000, 0x000000008ac00000|100%| E|CS|TAMS 0x000000008ab00000, 0x000000008ab00000| Complete 
| 120|0x000000008ac00000, 0x000000008ad00000, 0x000000008ad00000|100%| E|CS|TAMS 0x000000008ac00000, 0x000000008ac00000| Complete 
| 121|0x000000008ad00000, 0x000000008ae00000, 0x000000008ae00000|100%| E|CS|TAMS 0x000000008ad00000, 0x000000008ad00000| Complete 
| 122|0x000000008ae00000, 0x000000008af00000, 0x000000008af00000|100%| E|CS|TAMS 0x000000008ae00000, 0x000000008ae00000| Complete 
| 123|0x000000008af00000, 0x000000008b000000, 0x000000008b000000|100%| E|CS|TAMS 0x000000008af00000, 0x000000008af00000| Complete 
| 124|0x000000008b000000, 0x000000008b100000, 0x000000008b100000|100%| E|CS|TAMS 0x000000008b000000, 0x000000008b000000| Complete 
| 125|0x000000008b100000, 0x000000008b200000, 0x000000008b200000|100%| E|CS|TAMS 0x000000008b100000, 0x000000008b100000| Complete 
|1994|0x00000000ffe00000, 0x00000000ffe47000, 0x00000000fff00000| 27%|OA|  |TAMS 0x00000000ffe00000, 0x00000000ffe00000| Untracked 
|1995|0x00000000fff00000, 0x00000000fff6b000, 0x0000000100000000| 41%|CA|  |TAMS 0x00000000fff00000, 0x00000000fff00000| Untracked 

Card table byte_map: [0x00007f787bc10000,0x00007f787bff6000] _byte_map_base: 0x00007f787b7f6000

Marking Bits (Prev, Next): (CMBitMap*) 0x00007f7898057c28, (CMBitMap*) 0x00007f7898057c60
 Prev Bits: [0x00007f78798f0000, 0x00007f787b820000)
 Next Bits: [0x00007f78779c0000, 0x00007f78798f0000)

Polling page: 0x00007f789c8b0000

Metaspace:

Usage:
  Non-class:     13.39 MB capacity,    10.01 MB ( 75%) used,     3.34 MB ( 25%) free+waste,    38.56 KB ( <1%) overhead. 
      Class:      4.12 MB capacity,     3.30 MB ( 80%) used,   810.55 KB ( 19%) free+waste,    36.00 KB ( <1%) overhead. 
       Both:     17.51 MB capacity,    13.31 MB ( 76%) used,     4.13 MB ( 24%) free+waste,    74.56 KB ( <1%) overhead. 

Virtual space:
  Non-class space:       14.00 MB reserved,      13.50 MB ( 96%) committed 
      Class space:        1.00 GB reserved,       4.12 MB ( <1%) committed 
             Both:        1.01 GB reserved,      17.62 MB (  2%) committed 

Chunk freelists:
   Non-Class:  3.00 KB
       Class:  0 bytes
        Both:  3.00 KB

MaxMetaspaceSize: unlimited
CompressedClassSpaceSize: 1.00 GB
Initial GC threshold: 20.80 MB
Current GC threshold: 20.80 MB
CDS: on

CodeHeap 'non-profiled nmethods': size=238384Kb used=4026Kb max_used=4026Kb free=234357Kb
 bounds [0x00007f7880f44000, 0x00007f7881334000, 0x00007f788f810000]
CodeHeap 'non-nmethods': size=7376Kb used=1149Kb max_used=1149Kb free=6226Kb
 bounds [0x00007f7880810000, 0x00007f7880a80000, 0x00007f7880f44000]
 total_blobs=2627 nmethods=2220 adapters=335
 compilation: enabled
              stopped_count=0, restarted_count=0
 full_count=0

Compilation events (20 events):
Event: 2.364 Thread 0x00007f7898132800 nmethod 2211 0x00007f788132f390 code [0x00007f788132f540, 0x00007f788132f650]
Event: 2.365 Thread 0x00007f7898132800 2212       1       clojure.core$last__5413::invokeStatic (35 bytes)
Event: 2.365 Thread 0x00007f7898132800 nmethod 2212 0x00007f788132f710 code [0x00007f788132f8e0, 0x00007f788132fa00]
Event: 2.368 Thread 0x00007f7898132800 2213       1       clojure.core$or::getRequiredArity (2 bytes)
Event: 2.368 Thread 0x00007f7898132800 nmethod 2213 0x00007f788132fb10 code [0x00007f788132fcc0, 0x00007f788132fd90]
Event: 2.369 Thread 0x00007f7898132800 2214       1       clojure.lang.Compiler$BodyExpr::hasJavaClass (10 bytes)
Event: 2.369 Thread 0x00007f7898132800 nmethod 2214 0x00007f788132fe10 code [0x00007f788132ffe0, 0x00007f7881330190]
Event: 2.372 Thread 0x00007f7898132800 2215       1       java.nio.ByteBuffer::position (6 bytes)
Event: 2.372 Thread 0x00007f7898132800 nmethod 2215 0x00007f7881330310 code [0x00007f78813304c0, 0x00007f78813305c0]
Event: 2.372 Thread 0x00007f7898132800 2216       1       java.util.ArrayDeque::<init> (35 bytes)
Event: 2.372 Thread 0x00007f7898132800 nmethod 2216 0x00007f7881330690 code [0x00007f7881330840, 0x00007f7881330a30]
Event: 2.374 Thread 0x00007f7898132800 2217       1       java.lang.reflect.Field::getType (5 bytes)
Event: 2.374 Thread 0x00007f7898132800 nmethod 2217 0x00007f7881330b10 code [0x00007f7881330cc0, 0x00007f7881330d90]
Event: 2.377 Thread 0x00007f7898132800 2218       1       jdk.internal.loader.URLClassPath::<init> (156 bytes)
Event: 2.377 Thread 0x00007f7898132800 nmethod 2218 0x00007f7881330e10 code [0x00007f7881331040, 0x00007f7881331a80]
Event: 2.385 Thread 0x00007f7898132800 2219       1       clojure.core$fn::doInvoke (16 bytes)
Event: 2.385 Thread 0x00007f7898132800 nmethod 2219 0x00007f7881331f10 code [0x00007f78813320c0, 0x00007f7881332220]
Event: 2.385 Thread 0x00007f7898132800 2222       1       clojure.core$vector::invoke (10 bytes)
Event: 2.385 Thread 0x00007f7898132800 nmethod 2222 0x00007f7881332310 code [0x00007f78813324e0, 0x00007f7881332840]
Event: 2.385 Thread 0x00007f7898132800 2220       1       clojure.core$fn::invokeStatic (264 bytes)

GC Heap History (5 events):
Event: 0.738 GC heap before
{Heap before GC invocations=0 (full 0):
 garbage-first heap   total 131072K, used 24264K [0x0000000083400000, 0x0000000100000000)
  region size 1024K, 24 young (24576K), 0 survivors (0K)
 Metaspace       used 5699K, capacity 9398K, committed 9600K, reserved 1056768K
  class space    used 1286K, capacity 1590K, committed 1664K, reserved 1048576K
}
Event: 0.754 GC heap after
{Heap after GC invocations=1 (full 0):
 garbage-first heap   total 131072K, used 3230K [0x0000000083400000, 0x0000000100000000)
  region size 1024K, 3 young (3072K), 3 survivors (3072K)
 Metaspace       used 5699K, capacity 9398K, committed 9600K, reserved 1056768K
  class space    used 1286K, capacity 1590K, committed 1664K, reserved 1048576K
}
Event: 1.933 GC heap before
{Heap before GC invocations=1 (full 0):
 garbage-first heap   total 131072K, used 76958K [0x0000000083400000, 0x0000000100000000)
  region size 1024K, 75 young (76800K), 3 survivors (3072K)
 Metaspace       used 11584K, capacity 15097K, committed 15360K, reserved 1060864K
  class space    used 2754K, capacity 3230K, committed 3328K, reserved 1048576K
}
Event: 1.944 GC heap after
{Heap after GC invocations=2 (full 0):
 garbage-first heap   total 131072K, used 6359K [0x0000000083400000, 0x0000000100000000)
  region size 1024K, 6 young (6144K), 6 survivors (6144K)
 Metaspace       used 11584K, capacity 15097K, committed 15360K, reserved 1060864K
  class space    used 2754K, capacity 3230K, committed 3328K, reserved 1048576K
}
Event: 2.386 GC heap before
{Heap before GC invocations=2 (full 0):
 garbage-first heap   total 131072K, used 77015K [0x0000000083400000, 0x0000000100000000)
  region size 1024K, 75 young (76800K), 6 survivors (6144K)
 Metaspace       used 13626K, capacity 17931K, committed 18048K, reserved 1062912K
  class space    used 3375K, capacity 4222K, committed 4224K, reserved 1048576K
}

Deoptimization events (0 events):
No events

Classes redefined (0 events):
No events

Internal exceptions (9 events):
Event: 0.095 Thread 0x00007f7898016800 Exception <a 'java/security/PrivilegedActionException'{0x000000008b153cb8}> (0x000000008b153cb8) thrown at [src/hotspot/share/prims/jvm.cpp, line 1304]
Event: 0.095 Thread 0x00007f7898016800 Exception <a 'java/security/PrivilegedActionException'{0x000000008b153f88}> (0x000000008b153f88) thrown at [src/hotspot/share/prims/jvm.cpp, line 1304]
Event: 0.241 Thread 0x00007f7898016800 Exception <a 'java/lang/NoSuchMethodError'{0x000000008ac0d8a8}: 'int java.lang.invoke.DirectMethodHandle$Holder.invokeSpecialIFC(java.lang.Object, java.lang.Object, int)'> (0x000000008ac0d8a8) thrown at [src/hotspot/share/interpreter/linkResolver.cpp, line 772]
Event: 0.283 Thread 0x00007f7898016800 Exception <a 'java/lang/NoSuchMethodError'{0x000000008ab544a0}: 'java.lang.Object java.lang.invoke.DirectMethodHandle$Holder.invokeStatic(java.lang.Object, int, java.lang.Object)'> (0x000000008ab544a0) thrown at [src/hotspot/share/interpreter/linkResolver.cpp, line 772]
Event: 0.976 Thread 0x00007f7898016800 Exception <a 'java/lang/NoSuchMethodError'{0x000000008a886950}: 'int java.lang.invoke.DirectMethodHandle$Holder.invokeSpecial(java.lang.Object, java.lang.Object, java.lang.Object, java.lang.Object)'> (0x000000008a886950) thrown at [src/hotspot/share/interpreter/linkResolver.cpp, line 772]
Event: 0.981 Thread 0x00007f7898016800 Exception <a 'java/lang/NoSuchMethodError'{0x000000008a8a2500}: 'void java.lang.invoke.DelegatingMethodHandle$Holder.delegate(java.lang.Object, java.lang.Object, int, java.lang.Object)'> (0x000000008a8a2500) thrown at [src/hotspot/share/interpreter/linkResolver.cpp, line 772]
Event: 0.982 Thread 0x00007f7898016800 Exception <a 'java/lang/NoSuchMethodError'{0x000000008a8a9c28}: 'java.lang.Object java.lang.invoke.DirectMethodHandle$Holder.invokeStaticInit(java.lang.Object, java.lang.Object, java.lang.Object)'> (0x000000008a8a9c28) thrown at [src/hotspot/share/interpreter/linkResolver.cpp, line 772]
Event: 0.983 Thread 0x00007f7898016800 Exception <a 'java/lang/NoSuchMethodError'{0x000000008a8b1d68}: 'java.lang.Object java.lang.invoke.DirectMethodHandle$Holder.invokeStatic(java.lang.Object, java.lang.Object, java.lang.Object, java.lang.Object, int)'> (0x000000008a8b1d68) thrown at [src/hotspot/share/interpreter/linkResolver.cpp, line 772]
Event: 0.990 Thread 0x00007f7898016800 Exception <a 'java/lang/NoSuchMethodError'{0x000000008a8d95c8}: 'java.lang.Object java.lang.invoke.Invokers$Holder.invokeExact_MT(java.lang.Object, java.lang.Object, java.lang.Object)'> (0x000000008a8d95c8) thrown at [src/hotspot/share/interpreter/linkResolver.cpp, line 772]

Events (20 events):
Event: 2.346 loading class clojure/core$emit_defrecord$ilookup__7822$fn__7826 done
Event: 2.346 loading class clojure/core$emit_defrecord$ilookup__7822$fn__7828
Event: 2.346 loading class clojure/core$emit_defrecord$ilookup__7822$fn__7828 done
Event: 2.347 loading class clojure/core$emit_defrecord$imap__7832$fn__7836
Event: 2.347 loading class clojure/core$emit_defrecord$imap__7832$fn__7836 done
Event: 2.347 loading class clojure/core$emit_defrecord$imap__7832$fn__7838
Event: 2.347 loading class clojure/core$emit_defrecord$imap__7832$fn__7838 done
Event: 2.347 loading class clojure/core$emit_defrecord$imap__7832$fn__7840
Event: 2.347 loading class clojure/core$emit_defrecord$imap__7832$fn__7840 done
Event: 2.348 loading class clojure/core$replace$fn__6418
Event: 2.348 loading class clojure/core$replace$fn__6418 done
Event: 2.351 loading class clojure/core$condp$emit__6867
Event: 2.351 loading class clojure/core$condp$emit__6867 done
Event: 2.352 loading class clojure/lang/RecordIterator
Event: 2.352 loading class clojure/lang/RecordIterator done
Event: 2.353 loading class java/util/function/UnaryOperator
Event: 2.353 loading class java/util/function/UnaryOperator done
Event: 2.371 loading class complete/core__init
Event: 2.371 loading class complete/core__init done
Event: 2.386 Executing VM operation: G1CollectForAllocation


Dynamic libraries:
83400000-8b200000 rw-p 00000000 00:00 0
8b200000-ffe00000 ---p 00000000 00:00 0
ffe00000-ffe47000 rw-p 01119000 00:00 1321178                    /usr/lib/jvm/java-11-openjdk-amd64/lib/server/classes.jsa
ffe47000-fff00000 rw-p 00000000 00:00 0
fff00000-fff6b000 rw-p 010ae000 00:00 1321178                    /usr/lib/jvm/java-11-openjdk-amd64/lib/server/classes.jsa
fff6b000-100000000 rw-p 00000000 00:00 0
800000000-800002000 rwxp 00001000 00:00 1321178                  /usr/lib/jvm/java-11-openjdk-amd64/lib/server/classes.jsa
800002000-8003cb000 rw-p 00003000 00:00 1321178                  /usr/lib/jvm/java-11-openjdk-amd64/lib/server/classes.jsa
8003cb000-800a9a000 r--p 003cc000 00:00 1321178                  /usr/lib/jvm/java-11-openjdk-amd64/lib/server/classes.jsa
800a9a000-800a9b000 rw-p 00a9b000 00:00 1321178                  /usr/lib/jvm/java-11-openjdk-amd64/lib/server/classes.jsa
800a9b000-8010ad000 r--p 00a9c000 00:00 1321178                  /usr/lib/jvm/java-11-openjdk-amd64/lib/server/classes.jsa
840000000-840420000 rw-p 00000000 00:00 0
840420000-880000000 ---p 00000000 00:00 0
7f7830000000-7f7830021000 rw-p 00000000 00:00 0
7f7830021000-7f7834000000 ---p 00000000 00:00 0
7f7838000000-7f7838021000 rw-p 00000000 00:00 0
7f7838021000-7f783c000000 ---p 00000000 00:00 0
7f783c000000-7f783c025000 rw-p 00000000 00:00 0
7f783c025000-7f7840000000 ---p 00000000 00:00 0
7f7840000000-7f7840021000 rw-p 00000000 00:00 0
7f7840021000-7f7844000000 ---p 00000000 00:00 0
7f7844000000-7f7844021000 rw-p 00000000 00:00 0
7f7844021000-7f7848000000 ---p 00000000 00:00 0
7f7848000000-7f7848021000 rw-p 00000000 00:00 0
7f7848021000-7f784c000000 ---p 00000000 00:00 0
7f784c000000-7f784c45d000 rw-p 00000000 00:00 0
7f784c45d000-7f7850000000 ---p 00000000 00:00 0
7f7850000000-7f7850021000 rw-p 00000000 00:00 0
7f7850021000-7f7854000000 ---p 00000000 00:00 0
7f7856d30000-7f7856eb0000 rw-p 00000000 00:00 0
7f7856eb0000-7f7856f30000 ---p 00000000 00:00 0
7f7856f30000-7f7857330000 rw-p 00000000 00:00 0
7f7857330000-7f7857331000 ---p 00000000 00:00 0
7f7857331000-7f7857432000 rw-p 00000000 00:00 0
7f7857440000-7f7857441000 ---p 00000000 00:00 0
7f7857441000-7f7857542000 rw-p 00000000 00:00 0
7f7857550000-7f7857554000 ---p 00000000 00:00 0
7f7857554000-7f7857651000 rw-p 00000000 00:00 0
7f7857660000-7f7857661000 ---p 00000000 00:00 0
7f7857661000-7f7857762000 rw-p 00000000 00:00 0
7f7857770000-7f7857774000 ---p 00000000 00:00 0
7f7857774000-7f7857871000 rw-p 00000000 00:00 0
7f7857880000-7f7857884000 ---p 00000000 00:00 0
7f7857884000-7f7857981000 rw-p 00000000 00:00 0
7f7857990000-7f7857994000 ---p 00000000 00:00 0
7f7857994000-7f7857a91000 rw-p 00000000 00:00 0
7f7857aa0000-7f7857aa4000 ---p 00000000 00:00 0
7f7857aa4000-7f7857ba1000 rw-p 00000000 00:00 0
7f7857ba7000-7f7857d1a000 r--p 00000000 00:00 185857             /usr/lib/locale/C.UTF-8/LC_COLLATE
7f7857d1a000-7f7858000000 r--p 00000000 00:00 185871             /usr/lib/locale/locale-archive
7f7858000000-7f7858021000 rw-p 00000000 00:00 0
7f7858021000-7f785c000000 ---p 00000000 00:00 0
7f785c000000-7f785c021000 rw-p 00000000 00:00 0
7f785c021000-7f7860000000 ---p 00000000 00:00 0
7f7860000000-7f7860021000 rw-p 00000000 00:00 0
7f7860021000-7f7864000000 ---p 00000000 00:00 0
7f7864000000-7f7864021000 rw-p 00000000 00:00 0
7f7864021000-7f7868000000 ---p 00000000 00:00 0
7f7868000000-7f7868021000 rw-p 00000000 00:00 0
7f7868021000-7f786c000000 ---p 00000000 00:00 0
7f786c000000-7f786c021000 rw-p 00000000 00:00 0
7f786c021000-7f7870000000 ---p 00000000 00:00 0
7f7870000000-7f7870021000 rw-p 00000000 00:00 0
7f7870021000-7f7874000000 ---p 00000000 00:00 0
7f7874030000-7f7874061000 rw-p 00000000 00:00 0
7f7874070000-7f7874074000 r--p 00000000 00:00 1319995            /usr/lib/jvm/java-11-openjdk-amd64/lib/libnet.so
7f7874074000-7f7874082000 r-xp 00004000 00:00 1319995            /usr/lib/jvm/java-11-openjdk-amd64/lib/libnet.so
7f7874082000-7f7874086000 r--p 00012000 00:00 1319995            /usr/lib/jvm/java-11-openjdk-amd64/lib/libnet.so
7f7874086000-7f7874087000 r--p 00015000 00:00 1319995            /usr/lib/jvm/java-11-openjdk-amd64/lib/libnet.so
7f7874087000-7f7874088000 rw-p 00016000 00:00 1319995            /usr/lib/jvm/java-11-openjdk-amd64/lib/libnet.so
7f7874090000-7f7874097000 r--p 00000000 00:00 1319996            /usr/lib/jvm/java-11-openjdk-amd64/lib/libnio.so
7f7874097000-7f787409f000 r-xp 00007000 00:00 1319996            /usr/lib/jvm/java-11-openjdk-amd64/lib/libnio.so
7f787409f000-7f78740a2000 r--p 0000f000 00:00 1319996            /usr/lib/jvm/java-11-openjdk-amd64/lib/libnio.so
7f78740a2000-7f78740a3000 r--p 00011000 00:00 1319996            /usr/lib/jvm/java-11-openjdk-amd64/lib/libnio.so
7f78740a3000-7f78740a4000 rw-p 00012000 00:00 1319996            /usr/lib/jvm/java-11-openjdk-amd64/lib/libnio.so
7f78740ae000-7f78740e0000 r--p 00000000 00:00 185859             /usr/lib/locale/C.UTF-8/LC_CTYPE
7f78740e0000-7f78740e4000 ---p 00000000 00:00 0
7f78740e4000-7f78741e1000 rw-p 00000000 00:00 0
7f78741f0000-7f78741f4000 ---p 00000000 00:00 0
7f78741f4000-7f78742f1000 rw-p 00000000 00:00 0
7f7874300000-7f7874301000 ---p 00000000 00:00 0
7f7874301000-7f7874402000 rw-p 00000000 00:00 0
7f7874410000-7f7874491000 rw-p 00000000 00:00 0
7f78744a0000-7f78744fb000 rw-p 00000000 00:00 0
7f7874500000-7f7874d00000 rw-p 00000000 00:00 0
7f7874d00000-7f7874d01000 ---p 00000000 00:00 0
7f7874d01000-7f7874e02000 rw-p 00000000 00:00 0
7f7874e10000-7f7874e11000 ---p 00000000 00:00 0
7f7874e11000-7f7874f12000 rw-p 00000000 00:00 0
7f7874f20000-7f7875021000 rw-p 00000000 00:00 0
7f7875030000-7f7875131000 rw-p 00000000 00:00 0
7f7875140000-7f7875241000 rw-p 00000000 00:00 0
7f7875250000-7f7875351000 rw-p 00000000 00:00 0
7f7875360000-7f7875461000 rw-p 00000000 00:00 0
7f7875470000-7f7875571000 rw-p 00000000 00:00 0
7f7875580000-7f7875681000 rw-p 00000000 00:00 0
7f7875690000-7f7875791000 rw-p 00000000 00:00 0
7f78757a0000-7f78777a0000 rw-p 00000000 00:00 0
7f78777a0000-7f78777a1000 ---p 00000000 00:00 0
7f78777a1000-7f78778a2000 rw-p 00000000 00:00 0
7f78778b0000-7f78778b1000 ---p 00000000 00:00 0
7f78778b1000-7f78779b2000 rw-p 00000000 00:00 0
7f78779c0000-7f7877bb8000 rw-p 00000000 00:00 0
7f7877bb8000-7f78798e8000 ---p 00000000 00:00 0
7f78798e8000-7f7879ae8000 rw-p 00000000 00:00 0
7f7879ae8000-7f787b818000 ---p 00000000 00:00 0
7f787b818000-7f787b85f000 rw-p 00000000 00:00 0
7f787b85f000-7f787bc05000 ---p 00000000 00:00 0
7f787bc05000-7f787bc06000 rw-p 00000000 00:00 0
7f787bc10000-7f787bc4f000 rw-p 00000000 00:00 0
7f787bc4f000-7f787bff5000 ---p 00000000 00:00 0
7f787bff5000-7f787bff6000 rw-p 00000000 00:00 0
7f787c000000-7f787c022000 rw-p 00000000 00:00 0
7f787c022000-7f7880000000 ---p 00000000 00:00 0
7f7880000000-7f7880028000 rw-p 00000000 00:00 0
7f7880030000-7f7880051000 rw-p 00000000 00:00 0
7f7880060000-7f78800e1000 rw-p 00000000 00:00 0
7f78800f0000-7f788012f000 rw-p 00000000 00:00 0
7f788012f000-7f78804d5000 ---p 00000000 00:00 0
7f78804d5000-7f78804d6000 rw-p 00000000 00:00 0
7f78804e0000-7f78805e1000 rw-p 00000000 00:00 0
7f78805f0000-7f78806f1000 rw-p 00000000 00:00 0
7f7880700000-7f7880801000 rw-p 00000000 00:00 0
7f7880810000-7f7880a80000 rwxp 00000000 00:00 0
7f7880a80000-7f7880f44000 ---p 00000000 00:00 0
7f7880f44000-7f7881334000 rwxp 00000000 00:00 0
7f7881334000-7f788f810000 ---p 00000000 00:00 0
7f788f81e000-7f7898000000 r--s 00000000 00:00 1320005            /usr/lib/jvm/java-11-openjdk-amd64/lib/modules
7f7898000000-7f7898618000 rw-p 00000000 00:00 0
7f7898618000-7f789c000000 ---p 00000000 00:00 0
7f789c000000-7f789c021000 rw-p 00000000 00:00 0
7f789c030000-7f789c131000 rw-p 00000000 00:00 0
7f789c140000-7f789c241000 rw-p 00000000 00:00 0
7f789c250000-7f789c351000 rw-p 00000000 00:00 0
7f789c360000-7f789c461000 rw-p 00000000 00:00 0
7f789c470000-7f789c571000 rw-p 00000000 00:00 0
7f789c580000-7f789c581000 ---p 00000000 00:00 0
7f789c581000-7f789c682000 rw-p 00000000 00:00 0
7f789c690000-7f789c698000 rw-p 00000000 00:00 0
7f789c698000-7f789c862000 ---p 00000000 00:00 0
7f789c870000-7f789c875000 rw-p 00000000 00:00 0
7f789c875000-7f789c87f000 ---p 00000000 00:00 0
7f789c880000-7f789c882000 r--p 00000000 00:00 1320004            /usr/lib/jvm/java-11-openjdk-amd64/lib/libzip.so
7f789c882000-7f789c887000 r-xp 00002000 00:00 1320004            /usr/lib/jvm/java-11-openjdk-amd64/lib/libzip.so
7f789c887000-7f789c889000 r--p 00007000 00:00 1320004            /usr/lib/jvm/java-11-openjdk-amd64/lib/libzip.so
7f789c889000-7f789c88a000 r--p 00008000 00:00 1320004            /usr/lib/jvm/java-11-openjdk-amd64/lib/libzip.so
7f789c88a000-7f789c88b000 rw-p 00009000 00:00 1320004            /usr/lib/jvm/java-11-openjdk-amd64/lib/libzip.so
7f789c890000-7f789c893000 r--p 00000000 00:00 459934             /usr/lib/x86_64-linux-gnu/libnss_files-2.31.so
7f789c893000-7f789c89a000 r-xp 00003000 00:00 459934             /usr/lib/x86_64-linux-gnu/libnss_files-2.31.so
7f789c89a000-7f789c89c000 r--p 0000a000 00:00 459934             /usr/lib/x86_64-linux-gnu/libnss_files-2.31.so
7f789c89c000-7f789c89d000 r--p 0000b000 00:00 459934             /usr/lib/x86_64-linux-gnu/libnss_files-2.31.so
7f789c89d000-7f789c89e000 rw-p 0000c000 00:00 459934             /usr/lib/x86_64-linux-gnu/libnss_files-2.31.so
7f789c89e000-7f789c8a4000 rw-p 00000000 00:00 0
7f789c8b0000-7f789c8b1000 ---p 00000000 00:00 0
7f789c8b1000-7f789c8b2000 r--p 00000000 00:00 0
7f789c8c0000-7f789c8c2000 r--p 00000000 00:00 1319987            /usr/lib/jvm/java-11-openjdk-amd64/lib/libjimage.so
7f789c8c2000-7f789c8c5000 r-xp 00002000 00:00 1319987            /usr/lib/jvm/java-11-openjdk-amd64/lib/libjimage.so
7f789c8c5000-7f789c8c6000 r--p 00005000 00:00 1319987            /usr/lib/jvm/java-11-openjdk-amd64/lib/libjimage.so
7f789c8c6000-7f789c8c7000 ---p 00006000 00:00 1319987            /usr/lib/jvm/java-11-openjdk-amd64/lib/libjimage.so
7f789c8c7000-7f789c8c8000 r--p 00006000 00:00 1319987            /usr/lib/jvm/java-11-openjdk-amd64/lib/libjimage.so
7f789c8c8000-7f789c8c9000 rw-p 00007000 00:00 1319987            /usr/lib/jvm/java-11-openjdk-amd64/lib/libjimage.so
7f789c8d0000-7f789c8de000 r--p 00000000 00:00 1319984            /usr/lib/jvm/java-11-openjdk-amd64/lib/libjava.so
7f789c8de000-7f789c8f4000 r-xp 0000e000 00:00 1319984            /usr/lib/jvm/java-11-openjdk-amd64/lib/libjava.so
7f789c8f4000-7f789c8fb000 r--p 00024000 00:00 1319984            /usr/lib/jvm/java-11-openjdk-amd64/lib/libjava.so
7f789c8fb000-7f789c8fc000 r--p 0002a000 00:00 1319984            /usr/lib/jvm/java-11-openjdk-amd64/lib/libjava.so
7f789c8fc000-7f789c8fd000 rw-p 0002b000 00:00 1319984            /usr/lib/jvm/java-11-openjdk-amd64/lib/libjava.so
7f789c8fd000-7f789c8fe000 rw-p 00000000 00:00 0
7f789c900000-7f789c905000 r--p 00000000 00:00 1320003            /usr/lib/jvm/java-11-openjdk-amd64/lib/libverify.so
7f789c905000-7f789c90c000 r-xp 00005000 00:00 1320003            /usr/lib/jvm/java-11-openjdk-amd64/lib/libverify.so
7f789c90c000-7f789c90e000 r--p 0000c000 00:00 1320003            /usr/lib/jvm/java-11-openjdk-amd64/lib/libverify.so
7f789c90e000-7f789c90f000 ---p 0000e000 00:00 1320003            /usr/lib/jvm/java-11-openjdk-amd64/lib/libverify.so
7f789c90f000-7f789c911000 r--p 0000e000 00:00 1320003            /usr/lib/jvm/java-11-openjdk-amd64/lib/libverify.so
7f789c911000-7f789c912000 rw-p 00010000 00:00 1320003            /usr/lib/jvm/java-11-openjdk-amd64/lib/libverify.so
7f789c920000-7f789c922000 r--p 00000000 00:00 523573             /usr/lib/x86_64-linux-gnu/librt-2.31.so
7f789c922000-7f789c926000 r-xp 00002000 00:00 523573             /usr/lib/x86_64-linux-gnu/librt-2.31.so
7f789c926000-7f789c928000 r--p 00006000 00:00 523573             /usr/lib/x86_64-linux-gnu/librt-2.31.so
7f789c928000-7f789c929000 r--p 00007000 00:00 523573             /usr/lib/x86_64-linux-gnu/librt-2.31.so
7f789c929000-7f789c92a000 rw-p 00008000 00:00 523573             /usr/lib/x86_64-linux-gnu/librt-2.31.so
7f789c930000-7f789c934000 ---p 00000000 00:00 0
7f789c934000-7f789ca31000 rw-p 00000000 00:00 0
7f789ca40000-7f789ca43000 r--p 00000000 00:00 195059             /usr/lib/x86_64-linux-gnu/libgcc_s.so.1
7f789ca43000-7f789ca55000 r-xp 00003000 00:00 195059             /usr/lib/x86_64-linux-gnu/libgcc_s.so.1
7f789ca55000-7f789ca59000 r--p 00015000 00:00 195059             /usr/lib/x86_64-linux-gnu/libgcc_s.so.1
7f789ca59000-7f789ca5a000 r--p 00018000 00:00 195059             /usr/lib/x86_64-linux-gnu/libgcc_s.so.1
7f789ca5a000-7f789ca5b000 rw-p 00019000 00:00 195059             /usr/lib/x86_64-linux-gnu/libgcc_s.so.1
7f789ca61000-7f789ca6e000 r--p 00000000 00:00 456618             /usr/lib/x86_64-linux-gnu/libm-2.31.so
7f789ca6e000-7f789cb15000 r-xp 0000d000 00:00 456618             /usr/lib/x86_64-linux-gnu/libm-2.31.so
7f789cb15000-7f789cbae000 r--p 000b4000 00:00 456618             /usr/lib/x86_64-linux-gnu/libm-2.31.so
7f789cbae000-7f789cbaf000 r--p 0014c000 00:00 456618             /usr/lib/x86_64-linux-gnu/libm-2.31.so
7f789cbaf000-7f789cbb0000 rw-p 0014d000 00:00 456618             /usr/lib/x86_64-linux-gnu/libm-2.31.so
7f789cbb0000-7f789cc46000 r--p 00000000 00:00 195369             /usr/lib/x86_64-linux-gnu/libstdc++.so.6.0.28
7f789cc46000-7f789cd37000 r-xp 00096000 00:00 195369             /usr/lib/x86_64-linux-gnu/libstdc++.so.6.0.28
7f789cd37000-7f789cd80000 r--p 00187000 00:00 195369             /usr/lib/x86_64-linux-gnu/libstdc++.so.6.0.28
7f789cd80000-7f789cd81000 ---p 001d0000 00:00 195369             /usr/lib/x86_64-linux-gnu/libstdc++.so.6.0.28
7f789cd81000-7f789cd8c000 r--p 001d0000 00:00 195369             /usr/lib/x86_64-linux-gnu/libstdc++.so.6.0.28
7f789cd8c000-7f789cd8f000 rw-p 001db000 00:00 195369             /usr/lib/x86_64-linux-gnu/libstdc++.so.6.0.28
7f789cd8f000-7f789cd92000 rw-p 00000000 00:00 0
7f789cda0000-7f789d022000 r--p 00000000 00:00 1320011            /usr/lib/jvm/java-11-openjdk-amd64/lib/server/libjvm.so
7f789d022000-7f789dca8000 r-xp 00282000 00:00 1320011            /usr/lib/jvm/java-11-openjdk-amd64/lib/server/libjvm.so
7f789dca8000-7f789df04000 r--p 00f08000 00:00 1320011            /usr/lib/jvm/java-11-openjdk-amd64/lib/server/libjvm.so
7f789df04000-7f789dfc8000 r--p 01163000 00:00 1320011            /usr/lib/jvm/java-11-openjdk-amd64/lib/server/libjvm.so
7f789dfc8000-7f789e003000 rw-p 01227000 00:00 1320011            /usr/lib/jvm/java-11-openjdk-amd64/lib/server/libjvm.so
7f789e003000-7f789e05a000 rw-p 00000000 00:00 0
7f789e060000-7f789e062000 rw-p 00000000 00:00 0
7f789e06d000-7f789e073000 r--p 00000000 00:00 465349             /usr/lib/x86_64-linux-gnu/libpthread-2.31.so
7f789e073000-7f789e084000 r-xp 00006000 00:00 465349             /usr/lib/x86_64-linux-gnu/libpthread-2.31.so
7f789e084000-7f789e08a000 r--p 00017000 00:00 465349             /usr/lib/x86_64-linux-gnu/libpthread-2.31.so
7f789e08a000-7f789e08b000 r--p 0001c000 00:00 465349             /usr/lib/x86_64-linux-gnu/libpthread-2.31.so
7f789e08b000-7f789e08c000 rw-p 0001d000 00:00 465349             /usr/lib/x86_64-linux-gnu/libpthread-2.31.so
7f789e08c000-7f789e090000 rw-p 00000000 00:00 0
7f789e090000-7f789e091000 r--p 00000000 00:00 456617             /usr/lib/x86_64-linux-gnu/libdl-2.31.so
7f789e091000-7f789e093000 r-xp 00001000 00:00 456617             /usr/lib/x86_64-linux-gnu/libdl-2.31.so
7f789e093000-7f789e094000 r--p 00003000 00:00 456617             /usr/lib/x86_64-linux-gnu/libdl-2.31.so
7f789e094000-7f789e095000 r--p 00003000 00:00 456617             /usr/lib/x86_64-linux-gnu/libdl-2.31.so
7f789e095000-7f789e096000 rw-p 00004000 00:00 456617             /usr/lib/x86_64-linux-gnu/libdl-2.31.so
7f789e0a0000-7f789e0a2000 r--p 00000000 00:00 194560             /usr/lib/x86_64-linux-gnu/libz.so.1.2.11
7f789e0a2000-7f789e0b3000 r-xp 00002000 00:00 194560             /usr/lib/x86_64-linux-gnu/libz.so.1.2.11
7f789e0b3000-7f789e0b9000 r--p 00013000 00:00 194560             /usr/lib/x86_64-linux-gnu/libz.so.1.2.11
7f789e0b9000-7f789e0ba000 ---p 00019000 00:00 194560             /usr/lib/x86_64-linux-gnu/libz.so.1.2.11
7f789e0ba000-7f789e0bb000 r--p 00019000 00:00 194560             /usr/lib/x86_64-linux-gnu/libz.so.1.2.11
7f789e0bb000-7f789e0bc000 rw-p 0001a000 00:00 194560             /usr/lib/x86_64-linux-gnu/libz.so.1.2.11
7f789e0c0000-7f789e0e2000 r--p 00000000 00:00 456616             /usr/lib/x86_64-linux-gnu/libc-2.31.so
7f789e0e2000-7f789e25a000 r-xp 00022000 00:00 456616             /usr/lib/x86_64-linux-gnu/libc-2.31.so
7f789e25a000-7f789e2a8000 r--p 0019a000 00:00 456616             /usr/lib/x86_64-linux-gnu/libc-2.31.so
7f789e2a8000-7f789e2ac000 r--p 001e7000 00:00 456616             /usr/lib/x86_64-linux-gnu/libc-2.31.so
7f789e2ac000-7f789e2ae000 rw-p 001eb000 00:00 456616             /usr/lib/x86_64-linux-gnu/libc-2.31.so
7f789e2ae000-7f789e2b2000 rw-p 00000000 00:00 0
7f789e2b9000-7f789e2c0000 r--s 00000000 00:00 849585             /usr/lib/x86_64-linux-gnu/gconv/gconv-modules.cache
7f789e2c0000-7f789e2c3000 r--p 00000000 00:00 1319969            /usr/lib/jvm/java-11-openjdk-amd64/lib/jli/libjli.so
7f789e2c3000-7f789e2cd000 r-xp 00003000 00:00 1319969            /usr/lib/jvm/java-11-openjdk-amd64/lib/jli/libjli.so
7f789e2cd000-7f789e2d0000 r--p 0000d000 00:00 1319969            /usr/lib/jvm/java-11-openjdk-amd64/lib/jli/libjli.so
7f789e2d0000-7f789e2d1000 ---p 00010000 00:00 1319969            /usr/lib/jvm/java-11-openjdk-amd64/lib/jli/libjli.so
7f789e2d1000-7f789e2d2000 r--p 00010000 00:00 1319969            /usr/lib/jvm/java-11-openjdk-amd64/lib/jli/libjli.so
7f789e2d2000-7f789e2d3000 rw-p 00011000 00:00 1319969            /usr/lib/jvm/java-11-openjdk-amd64/lib/jli/libjli.so
7f789e2d4000-7f789e2d5000 r--p 00000000 00:00 185867             /usr/lib/locale/C.UTF-8/LC_NUMERIC
7f789e2d5000-7f789e2d6000 r--p 00000000 00:00 185870             /usr/lib/locale/C.UTF-8/LC_TIME
7f789e2d6000-7f789e2d7000 r--p 00000000 00:00 185865             /usr/lib/locale/C.UTF-8/LC_MONETARY
7f789e2d7000-7f789e2d8000 r--p 00000000 00:00 185863             /usr/lib/locale/C.UTF-8/LC_MESSAGES/SYS_LC_MESSAGES
7f789e2d8000-7f789e2e0000 rw-s 00000000 00:00 171165             /tmp/hsperfdata_diego/20650
7f789e2e0000-7f789e2e1000 r--p 00000000 00:00 456611             /usr/lib/x86_64-linux-gnu/ld-2.31.so
7f789e2e1000-7f789e303000 r-xp 00001000 00:00 456611             /usr/lib/x86_64-linux-gnu/ld-2.31.so
7f789e303000-7f789e304000 r-xp 00023000 00:00 456611             /usr/lib/x86_64-linux-gnu/ld-2.31.so
7f789e304000-7f789e30b000 r--p 00024000 00:00 456611             /usr/lib/x86_64-linux-gnu/ld-2.31.so
7f789e30b000-7f789e30c000 r--p 0002b000 00:00 456611             /usr/lib/x86_64-linux-gnu/ld-2.31.so
7f789e30c000-7f789e30d000 r--p 00000000 00:00 185868             /usr/lib/locale/C.UTF-8/LC_PAPER
7f789e30d000-7f789e30e000 r--p 0002c000 00:00 456611             /usr/lib/x86_64-linux-gnu/ld-2.31.so
7f789e30e000-7f789e30f000 rw-p 0002d000 00:00 456611             /usr/lib/x86_64-linux-gnu/ld-2.31.so
7f789e30f000-7f789e312000 rw-p 00000000 00:00 0
7f789e312000-7f789e313000 r--p 00000000 00:00 185866             /usr/lib/locale/C.UTF-8/LC_NAME
7f789e313000-7f789e314000 r--p 00000000 00:00 185856             /usr/lib/locale/C.UTF-8/LC_ADDRESS
7f789e314000-7f789e315000 r--p 00000000 00:00 185869             /usr/lib/locale/C.UTF-8/LC_TELEPHONE
7f789e315000-7f789e316000 r--p 00000000 00:00 185861             /usr/lib/locale/C.UTF-8/LC_MEASUREMENT
7f789e316000-7f789e317000 r--p 00000000 00:00 185860             /usr/lib/locale/C.UTF-8/LC_IDENTIFICATION
7f789e317000-7f789e319000 r--s 0000c000 00:00 1320243            /usr/share/java/java-atk-wrapper.jar
7f789e319000-7f789e31a000 r--p 00000000 00:00 1319846            /usr/lib/jvm/java-11-openjdk-amd64/bin/java
7f789e31a000-7f789e31b000 r-xp 00001000 00:00 1319846            /usr/lib/jvm/java-11-openjdk-amd64/bin/java
7f789e31b000-7f789e31c000 r--p 00002000 00:00 1319846            /usr/lib/jvm/java-11-openjdk-amd64/bin/java
7f789e31c000-7f789e31d000 r--p 00002000 00:00 1319846            /usr/lib/jvm/java-11-openjdk-amd64/bin/java
7f789e31d000-7f789e31e000 rw-p 00003000 00:00 1319846            /usr/lib/jvm/java-11-openjdk-amd64/bin/java
7fffeb922000-7fffeb943000 rw-p 00000000 00:00 0                  [heap]
7ffff3a5c000-7ffff425c000 rw-p 00000000 00:00 0                  [stack]
7ffff4846000-7ffff4847000 r-xp 00000000 00:00 0                  [vdso]


VM Arguments:
jvm_args: -Dfile.encoding=UTF-8 -XX:-OmitStackTraceInFastThrow -XX:+TieredCompilation -XX:TieredStopAtLevel=1 -Dclojure.compile.path=/mnt/c/Users/Diego/Documents/Diego/Tec/Metodos-Computacionales/Tercer periodo/Clojure/vending-machine/target/default/classes -Dvending-machine.version=0.1.0-SNAPSHOT -Dclojure.debug=false 
java_command: clojure.main -i /tmp/form-init8111369728987261267.clj
java_class_path (initial): /mnt/c/Users/Diego/Documents/Diego/Tec/Metodos-Computacionales/Tercer periodo/Clojure/vending-machine/test:/mnt/c/Users/Diego/Documents/Diego/Tec/Metodos-Computacionales/Tercer periodo/Clojure/vending-machine/src:/mnt/c/Users/Diego/Documents/Diego/Tec/Metodos-Computacionales/Tercer periodo/Clojure/vending-machine/dev-resources:/mnt/c/Users/Diego/Documents/Diego/Tec/Metodos-Computacionales/Tercer periodo/Clojure/vending-machine/resources:/mnt/c/Users/Diego/Documents/Diego/Tec/Metodos-Computacionales/Tercer periodo/Clojure/vending-machine/target/default/classes:/home/diego/.m2/repository/org/clojure/clojure/1.10.0/clojure-1.10.0.jar:/home/diego/.m2/repository/org/clojure/spec.alpha/0.2.176/spec.alpha-0.2.176.jar:/home/diego/.m2/repository/org/clojure/core.specs.alpha/0.2.44/core.specs.alpha-0.2.44.jar:/home/diego/.m2/repository/nrepl/nrepl/0.6.0/nrepl-0.6.0.jar:/home/diego/.m2/repository/clojure-complete/clojure-complete/0.2.5/clojure-complete-0.2.5.jar
Launcher Type: SUN_STANDARD

[Global flags]
     intx CICompilerCount                          = 4                                         {product} {ergonomic}
     uint ConcGCThreads                            = 2                                         {product} {ergonomic}
     uint G1ConcRefinementThreads                  = 8                                         {product} {ergonomic}
   size_t G1HeapRegionSize                         = 1048576                                   {product} {ergonomic}
    uintx GCDrainStackTargetSize                   = 64                                        {product} {ergonomic}
   size_t InitialHeapSize                          = 132120576                                 {product} {ergonomic}
   size_t MarkStackSize                            = 4194304                                   {product} {ergonomic}
   size_t MaxHeapSize                              = 2092957696                                {product} {ergonomic}
   size_t MaxNewSize                               = 1255145472                                {product} {ergonomic}
   size_t MinHeapDeltaBytes                        = 1048576                                   {product} {ergonomic}
    uintx NonNMethodCodeHeapSize                   = 7549744                                {pd product} {ergonomic}
    uintx NonProfiledCodeHeapSize                  = 244108496                              {pd product} {ergonomic}
     bool OmitStackTraceInFastThrow                = false                                     {product} {command line}
    uintx ProfiledCodeHeapSize                     = 0                                      {pd product} {ergonomic}
    uintx ReservedCodeCacheSize                    = 251658240                              {pd product} {ergonomic}
     bool SegmentedCodeCache                       = true                                      {product} {ergonomic}
     bool TieredCompilation                        = true                                   {pd product} {command line}
     intx TieredStopAtLevel                        = 1                                         {product} {command line}
     bool UseCompressedClassPointers               = true                                 {lp64_product} {ergonomic}
     bool UseCompressedOops                        = true                                 {lp64_product} {ergonomic}
     bool UseG1GC                                  = true                                      {product} {ergonomic}

Logging:
Log output configuration:
 #0: stdout all=warning uptime,level,tags
 #1: stderr all=off uptime,level,tags

Environment Variables:
PATH=/home/diego/.vscode-server/bin/4af164ea3a06f701fe3e89a2bcbb421d2026b68f/bin/remote-cli:/usr/local/sbin:/usr/local/bin:/usr/sbin:/usr/bin:/sbin:/bin:/usr/games:/usr/local/games:/mnt/c/Windows/system32:/mnt/c/Windows:/mnt/c/Windows/System32/Wbem:/mnt/c/Windows/System32/WindowsPowerShell/v1.0/:/mnt/c/Windows/System32/OpenSSH/:/mnt/c/Program Files/Git/cmd:/mnt/c/Program Files/Microsoft SQL Server/150/Tools/Binn/:/mnt/c/Program Files/Microsoft SQL Server/Client SDK/ODBC/170/Tools/Binn/:/mnt/c/Program Files/dotnet/:/mnt/c/Program Files/PuTTY/:/mnt/c/Program Files/nodejs/:/mnt/c/Users/Diego/AppData/Local/Microsoft/WindowsApps:/mnt/c/Users/Diego/AppData/Local/Programs/Microsoft VS Code/bin:/mnt/c/w64devkit/bin:/mnt/c/Program Files/heroku/bin:/mnt/c/Users/Diego/.dotnet/tools:/mnt/c/Users/Diego/AppData/Roaming/npm:/snap/bin
SHELL=/bin/bash
HOSTTYPE=x86_64
LANG=C.UTF-8

Signal Handlers:
SIGSEGV: [libjvm.so+0xe95100], sa_mask[0]=11111111111111111111111111111110, sa_flags=SA_RESTART|SA_SIGINFO
SIGBUS: [libjvm.so+0xe95100], sa_mask[0]=11111111111111111111111111111110, sa_flags=SA_RESTART|SA_SIGINFO
SIGFPE: [libjvm.so+0xe95100], sa_mask[0]=11111111111111111111111111111110, sa_flags=SA_RESTART|SA_SIGINFO
SIGPIPE: [libjvm.so+0xbdca50], sa_mask[0]=11111111111111111111111111111110, sa_flags=SA_RESTART|SA_SIGINFO
SIGXFSZ: [libjvm.so+0xbdca50], sa_mask[0]=11111111111111111111111111111110, sa_flags=SA_RESTART|SA_SIGINFO
SIGILL: [libjvm.so+0xe95100], sa_mask[0]=11111111111111111111111111111110, sa_flags=SA_RESTART|SA_SIGINFO
SIGUSR2: [libjvm.so+0xbdc8f0], sa_mask[0]=00100000000000000000000000000000, sa_flags=SA_RESTART|SA_SIGINFO
SIGHUP: [libjvm.so+0xbdcd90], sa_mask[0]=11111111111111111111111111111110, sa_flags=SA_RESTART|SA_SIGINFO
SIGINT: [libjvm.so+0xbdcd90], sa_mask[0]=11111111111111111111111111111110, sa_flags=SA_RESTART|SA_SIGINFO
SIGTERM: [libjvm.so+0xbdcd90], sa_mask[0]=11111111111111111111111111111110, sa_flags=SA_RESTART|SA_SIGINFO
SIGQUIT: [libjvm.so+0xbdcd90], sa_mask[0]=11111111111111111111111111111110, sa_flags=SA_RESTART|SA_SIGINFO


---------------  S Y S T E M  ---------------

OS:DISTRIB_ID=Ubuntu
DISTRIB_RELEASE=20.04
DISTRIB_CODENAME=focal
DISTRIB_DESCRIPTION="Ubuntu 20.04.3 LTS"
uname:Linux 4.4.0-19041-Microsoft #1237-Microsoft Sat Sep 11 14:32:00 PST 2021 x86_64
OS uptime: 2 days 5:05 hours
libc:glibc 2.31 NPTL 2.31 
rlimit (soft/hard): STACK 8192k/8192k , CORE 0k/infinity , NPROC 7823/7823 , NOFILE 65536/65536 , AS infinity/infinity , CPU infinity/infinity , DATA infinity/infinity , FSIZE infinity/infinity , MEMLOCK 64k/64k
load average:0.52 0.58 0.59

/proc/meminfo:
MemTotal:        8170996 kB
MemFree:          342168 kB
Buffers:           34032 kB
Cached:           188576 kB
SwapCached:            0 kB
Active:           167556 kB
Inactive:         157876 kB
Active(anon):     103104 kB
Inactive(anon):    17440 kB
Active(file):      64452 kB
Inactive(file):   140436 kB
Unevictable:           0 kB
Mlocked:               0 kB
SwapTotal:      25165824 kB
SwapFree:       14811008 kB
Dirty:                 0 kB
Writeback:             0 kB
AnonPages:        102824 kB
Mapped:            71404 kB
Shmem:             17720 kB
Slab:              13868 kB
SReclaimable:       6744 kB
SUnreclaim:         7124 kB
KernelStack:        2848 kB
PageTables:         2524 kB
NFS_Unstable:          0 kB
Bounce:                0 kB
WritebackTmp:          0 kB
CommitLimit:      515524 kB
Committed_AS:    3450064 kB
VmallocTotal:     122880 kB
VmallocUsed:       21296 kB
VmallocChunk:      66044 kB
HardwareCorrupted:     0 kB
AnonHugePages:      2048 kB
HugePages_Total:       0
HugePages_Free:        0
HugePages_Rsvd:        0
HugePages_Surp:        0
Hugepagesize:       2048 kB
DirectMap4k:       12280 kB
DirectMap4M:      897024 kB

/sys/kernel/mm/transparent_hugepage/enabled:
<Not Available>
/sys/kernel/mm/transparent_hugepage/defrag (defrag/compaction efforts parameter):
<Not Available>

Process Memory:
Virtual Size: 4808272K (peak: 0K)
Resident Set Size: 140624K (peak: 0K)
C-Heap outstanding allocations: 11217K

/proc/sys/kernel/threads-max (system-wide limit on the number of threads):
32768
/proc/sys/vm/max_map_count (maximum number of memory map areas a process may have):
<Not Available>
/proc/sys/kernel/pid_max (system-wide limit on number of process identifiers):
32768

Steal ticks since vm start: 0
Steal ticks percentage since vm start:  0.000

CPU:total 8 (initial active 8) (4 cores per cpu, 2 threads per core) family 6 model 142 stepping 12 microcode 0xffffffff, cmov, cx8, fxsr, mmx, sse, sse2, sse3, ssse3, sse4.1, sse4.2, popcnt, avx, avx2, aes, clmul, erms, 3dnowpref, lzcnt, ht, tsc, tscinvbit, bmi1, bmi2, adx, fma
CPU Model and flags from /proc/cpuinfo:
model name	: Intel(R) Core(TM) i5-10210U CPU @ 1.60GHz
flags		: fpu vme de pse tsc msr pae mce cx8 apic sep mtrr pge mca cmov pat pse36 clflush dts acpi mmx fxsr sse sse2 ss ht tm pbe syscall nx pdpe1gb rdtscp lm pni pclmulqdq dtes64 monitor ds_cpl vmx est tm2 ssse3 fma cx16 xtpr pdcm pcid sse4_1 sse4_2 x2apic movbe popcnt tsc_deadline_timer aes xsave osxsave avx f16c rdrand lahf_lm abm 3dnowprefetch fsgsbase tsc_adjust bmi1 avx2 smep bmi2 erms invpcid mpx rdseed adx smap clflushopt intel_pt ibrs ibpb stibp ssbd
Online cpus:
0-7
Offline cpus:
<Not Available>
BIOS frequency limitation:
<Not Available>
Frequency switch latency (ns):
<Not Available>
Available cpu frequencies:
<Not Available>
Current governor:
<Not Available>
Core performance/turbo boost:
<Not Available>

Memory: 4k page, physical 8170996k(342168k free), swap 25165824k(14811008k free)

vm_info: OpenJDK 64-Bit Server VM (11.0.15+10-Ubuntu-0ubuntu0.20.04.1) for linux-amd64 JRE (11.0.15+10-Ubuntu-0ubuntu0.20.04.1), built on Apr 23 2022 13:02:10 by "unknown" with gcc 9.4.0

END.
